#
# There is insufficient memory for the Java Runtime Environment to continue.
# Native memory allocation (malloc) failed to allocate 122576 bytes for Chunk::new
# Possible reasons:
#   The system is out of physical RAM or swap space
#   The process is running with CompressedOops enabled, and the Java Heap may be blocking the growth of the native heap
# Possible solutions:
#   Reduce memory load on the system
#   Increase physical memory or swap space
#   Check if swap backing store is full
#   Decrease Java heap size (-Xmx/-Xms)
#   Decrease number of Java threads
#   Decrease Java thread stack sizes (-Xss)
#   Set larger code cache with -XX:ReservedCodeCacheSize=
#   JVM is running with Unscaled Compressed Oops mode in which the Java heap is
#     placed in the first 4GB address space. The Java Heap base address is the
#     maximum limit for the native heap growth. Please use -XX:HeapBaseMinAddress
#     to set the Java Heap base and to place the Java Heap above 4GB virtual address.
# This output file may be truncated or incomplete.
#
#  Out of Memory Error (arena.cpp:189), pid=23904, tid=28692
#
# JRE version: Java(TM) SE Runtime Environment (17.0.10+11) (build 17.0.10+11-LTS-240)
# Java VM: Java HotSpot(TM) 64-Bit Server VM (17.0.10+11-LTS-240, mixed mode, sharing, tiered, compressed oops, compressed class ptrs, g1 gc, windows-amd64)
# No core dump will be written. Minidumps are not enabled by default on client versions of Windows
#

---------------  S U M M A R Y ------------

Command Line: -XX:MaxMetaspaceSize=512m --add-opens=java.base/java.util=ALL-UNNAMED --add-opens=java.base/java.lang=ALL-UNNAMED --add-opens=java.base/java.lang.invoke=ALL-UNNAMED --add-opens=java.prefs/java.util.prefs=ALL-UNNAMED --add-exports=jdk.compiler/com.sun.tools.javac.api=ALL-UNNAMED --add-exports=jdk.compiler/com.sun.tools.javac.util=ALL-UNNAMED --add-opens=java.base/java.nio.charset=ALL-UNNAMED --add-opens=java.base/java.net=ALL-UNNAMED --add-opens=java.base/java.util.concurrent.atomic=ALL-UNNAMED -Xmx2048m -Dfile.encoding=utf8 -Duser.country=ID -Duser.language=en -Duser.variant -javaagent:C:\Users\ACER\.gradle\wrapper\dists\gradle-8.10.2-all\7iv73wktx1xtkvlq19urqw1wm\gradle-8.10.2\lib\agents\gradle-instrumentation-agent-8.10.2.jar org.gradle.launcher.daemon.bootstrap.GradleDaemon 8.10.2

Host: 11th Gen Intel(R) Core(TM) i5-11300H @ 3.10GHz, 8 cores, 7G,  Windows 11 , 64 bit Build 22621 (10.0.22621.3958)
Time: Wed Nov 13 13:45:16 2024 SE Asia Standard Time elapsed time: 29.121406 seconds (0d 0h 0m 29s)

---------------  T H R E A D  ---------------

Current thread (0x000001a5c24fb1e0):  JavaThread "C2 CompilerThread0" daemon [_thread_in_native, id=28692, stack(0x00000003f7f00000,0x00000003f8000000)]


Current CompileTask:
C2:  29121 5565       4       org.gradle.internal.reflect.MethodSet::add (50 bytes)

Stack: [0x00000003f7f00000,0x00000003f8000000]
Native frames: (J=compiled Java code, j=interpreted, Vv=VM code, C=native code)
V  [jvm.dll+0x677a5a]
V  [jvm.dll+0x7d8b2d]
V  [jvm.dll+0x7da48e]
V  [jvm.dll+0x7daaf3]
V  [jvm.dll+0x2455ff]
V  [jvm.dll+0xaaafb]
V  [jvm.dll+0xab09c]
V  [jvm.dll+0x5613ab]
V  [jvm.dll+0x32c240]
V  [jvm.dll+0x32b6aa]
V  [jvm.dll+0x21794f]
V  [jvm.dll+0x216d81]
V  [jvm.dll+0x1a3410]
V  [jvm.dll+0x226aeb]
V  [jvm.dll+0x224cab]
V  [jvm.dll+0x78e45c]
V  [jvm.dll+0x78888a]
V  [jvm.dll+0x676935]
C  [ucrtbase.dll+0x29333]
C  [KERNEL32.DLL+0x1257d]
C  [ntdll.dll+0x5af08]


---------------  P R O C E S S  ---------------

Threads class SMR info:
_java_thread_list=0x000001a5e4772ec0, length=43, elements={
0x000001a5a23313e0, 0x000001a5c24dd200, 0x000001a5c24dfce0, 0x000001a5c24f3ef0,
0x000001a5c24f47c0, 0x000001a5c24f90b0, 0x000001a5c24fa120, 0x000001a5c24fb1e0,
0x000001a5c251d010, 0x000001a5c25478e0, 0x000001a5c24ca010, 0x000001a5c27af910,
0x000001a5e2fe06b0, 0x000001a5e3665480, 0x000001a5e364fb10, 0x000001a5e34794b0,
0x000001a5c2939f90, 0x000001a5c293c300, 0x000001a5c293aec0, 0x000001a5c293bdf0,
0x000001a5c2939060, 0x000001a5c293b3d0, 0x000001a5c293a4a0, 0x000001a5c2939a80,
0x000001a5c293a9b0, 0x000001a5c293c810, 0x000001a5c2939570, 0x000001a5c293b8e0,
0x000001a5e3d75990, 0x000001a5e3d77d00, 0x000001a5e3d79650, 0x000001a5e3d7a580,
0x000001a5e3d772e0, 0x000001a5e3d777f0, 0x000001a5e3d78210, 0x000001a5e3d763b0,
0x000001a5e3d74a60, 0x000001a5e3d78720, 0x000001a5e3d78c30, 0x000001a5e3d7b4b0,
0x000001a5e3d79140, 0x000001a5e3d7b9c0, 0x000001a5e3d7a070
}

Java Threads: ( => current thread )
  0x000001a5a23313e0 JavaThread "main" [_thread_blocked, id=21220, stack(0x00000003f7200000,0x00000003f7300000)]
  0x000001a5c24dd200 JavaThread "Reference Handler" daemon [_thread_blocked, id=32744, stack(0x00000003f7900000,0x00000003f7a00000)]
  0x000001a5c24dfce0 JavaThread "Finalizer" daemon [_thread_blocked, id=4560, stack(0x00000003f7a00000,0x00000003f7b00000)]
  0x000001a5c24f3ef0 JavaThread "Signal Dispatcher" daemon [_thread_blocked, id=4260, stack(0x00000003f7b00000,0x00000003f7c00000)]
  0x000001a5c24f47c0 JavaThread "Attach Listener" daemon [_thread_blocked, id=19264, stack(0x00000003f7c00000,0x00000003f7d00000)]
  0x000001a5c24f90b0 JavaThread "Service Thread" daemon [_thread_blocked, id=4396, stack(0x00000003f7d00000,0x00000003f7e00000)]
  0x000001a5c24fa120 JavaThread "Monitor Deflation Thread" daemon [_thread_blocked, id=31776, stack(0x00000003f7e00000,0x00000003f7f00000)]
=>0x000001a5c24fb1e0 JavaThread "C2 CompilerThread0" daemon [_thread_in_native, id=28692, stack(0x00000003f7f00000,0x00000003f8000000)]
  0x000001a5c251d010 JavaThread "C1 CompilerThread0" daemon [_thread_blocked, id=16176, stack(0x00000003f8000000,0x00000003f8100000)]
  0x000001a5c25478e0 JavaThread "Sweeper thread" daemon [_thread_blocked, id=25480, stack(0x00000003f8100000,0x00000003f8200000)]
  0x000001a5c24ca010 JavaThread "Common-Cleaner" daemon [_thread_blocked, id=6240, stack(0x00000003f8200000,0x00000003f8300000)]
  0x000001a5c27af910 JavaThread "Notification Thread" daemon [_thread_blocked, id=26036, stack(0x00000003f8300000,0x00000003f8400000)]
  0x000001a5e2fe06b0 JavaThread "Daemon health stats" [_thread_blocked, id=17728, stack(0x00000003f8900000,0x00000003f8a00000)]
  0x000001a5e3665480 JavaThread "Incoming local TCP Connector on port 53147" [_thread_in_native, id=11516, stack(0x00000003f8a00000,0x00000003f8b00000)]
  0x000001a5e364fb10 JavaThread "Daemon periodic checks" [_thread_blocked, id=12580, stack(0x00000003f8b00000,0x00000003f8c00000)]
  0x000001a5e34794b0 JavaThread "Daemon" [_thread_blocked, id=15092, stack(0x00000003f8c00000,0x00000003f8d00000)]
  0x000001a5c2939f90 JavaThread "Handler for socket connection from /127.0.0.1:53147 to /127.0.0.1:53148" [_thread_in_native, id=10280, stack(0x00000003f8d00000,0x00000003f8e00000)]
  0x000001a5c293c300 JavaThread "Cancel handler" [_thread_blocked, id=15664, stack(0x00000003f8e00000,0x00000003f8f00000)]
  0x000001a5c293aec0 JavaThread "Daemon worker" [_thread_in_vm, id=11604, stack(0x00000003f8f00000,0x00000003f9000000)]
  0x000001a5c293bdf0 JavaThread "Asynchronous log dispatcher for DefaultDaemonConnection: socket connection from /127.0.0.1:53147 to /127.0.0.1:53148" [_thread_blocked, id=13572, stack(0x00000003f9000000,0x00000003f9100000)]
  0x000001a5c2939060 JavaThread "Stdin handler" [_thread_blocked, id=11296, stack(0x00000003f9100000,0x00000003f9200000)]
  0x000001a5c293b3d0 JavaThread "Daemon client event forwarder" [_thread_blocked, id=23828, stack(0x00000003f9200000,0x00000003f9300000)]
  0x000001a5c293a4a0 JavaThread "Cache worker for journal cache (C:\Users\ACER\.gradle\caches\journal-1)" [_thread_blocked, id=848, stack(0x00000003f9300000,0x00000003f9400000)]
  0x000001a5c2939a80 JavaThread "File lock request listener" [_thread_in_native, id=29328, stack(0x00000003f9400000,0x00000003f9500000)]
  0x000001a5c293a9b0 JavaThread "Cache worker for file hash cache (C:\Users\ACER\.gradle\caches\8.10.2\fileHashes)" [_thread_blocked, id=17804, stack(0x00000003f9500000,0x00000003f9600000)]
  0x000001a5c293c810 JavaThread "Cache worker for file hash cache (C:\Users\ACER\Documents\Toyota\car_rental\android\.gradle\8.10.2\fileHashes)" [_thread_blocked, id=32972, stack(0x00000003f9900000,0x00000003f9a00000)]
  0x000001a5c2939570 JavaThread "Cache worker for Build Output Cleanup Cache (C:\Users\ACER\Documents\Toyota\car_rental\android\.gradle\buildOutputCleanup)" [_thread_blocked, id=8672, stack(0x00000003f9a00000,0x00000003f9b00000)]
  0x000001a5c293b8e0 JavaThread "File watcher server" daemon [_thread_in_native, id=23636, stack(0x00000003f9c00000,0x00000003f9d00000)]
  0x000001a5e3d75990 JavaThread "File watcher consumer" daemon [_thread_blocked, id=4436, stack(0x00000003f9d00000,0x00000003f9e00000)]
  0x000001a5e3d77d00 JavaThread "Cache worker for checksums cache (C:\Users\ACER\Documents\Toyota\car_rental\android\.gradle\8.10.2\checksums)" [_thread_blocked, id=7924, stack(0x00000003f9e00000,0x00000003f9f00000)]
  0x000001a5e3d79650 JavaThread "Cache worker for file content cache (C:\Users\ACER\.gradle\caches\8.10.2\fileContent)" [_thread_blocked, id=17932, stack(0x00000003f9f00000,0x00000003fa000000)]
  0x000001a5e3d7a580 JavaThread "Cache worker for cache directory md-rule (C:\Users\ACER\.gradle\caches\8.10.2\md-rule)" [_thread_blocked, id=26252, stack(0x00000003fa000000,0x00000003fa100000)]
  0x000001a5e3d772e0 JavaThread "Cache worker for cache directory md-supplier (C:\Users\ACER\.gradle\caches\8.10.2\md-supplier)" [_thread_blocked, id=7420, stack(0x00000003fa100000,0x00000003fa200000)]
  0x000001a5e3d777f0 JavaThread "jar transforms" [_thread_blocked, id=25212, stack(0x00000003fa200000,0x00000003fa300000)]
  0x000001a5e3d78210 JavaThread "jar transforms Thread 2" [_thread_blocked, id=880, stack(0x00000003fa300000,0x00000003fa400000)]
  0x000001a5e3d763b0 JavaThread "jar transforms Thread 3" [_thread_blocked, id=7724, stack(0x00000003fa400000,0x00000003fa500000)]
  0x000001a5e3d74a60 JavaThread "Cache worker for Build Output Cleanup Cache (C:\Users\ACER\Documents\Toyota\car_rental\node_modules\@react-native\gradle-plugin\.gradle\buildOutputCleanup)" [_thread_blocked, id=25468, stack(0x00000003fa600000,0x00000003fa700000)]
  0x000001a5e3d78720 JavaThread "Unconstrained build operations" [_thread_blocked, id=12396, stack(0x00000003fa500000,0x00000003fa600000)]
  0x000001a5e3d78c30 JavaThread "Unconstrained build operations Thread 2" [_thread_blocked, id=32364, stack(0x00000003fa700000,0x00000003fa800000)]
  0x000001a5e3d7b4b0 JavaThread "Unconstrained build operations Thread 3" [_thread_blocked, id=13400, stack(0x00000003fa800000,0x00000003fa900000)]
  0x000001a5e3d79140 JavaThread "Unconstrained build operations Thread 4" [_thread_blocked, id=10036, stack(0x00000003fa900000,0x00000003faa00000)]
  0x000001a5e3d7b9c0 JavaThread "Unconstrained build operations Thread 5" [_thread_blocked, id=6164, stack(0x00000003faa00000,0x00000003fab00000)]
  0x000001a5e3d7a070 JavaThread "Unconstrained build operations Thread 6" [_thread_blocked, id=22248, stack(0x00000003fab00000,0x00000003fac00000)]

Other Threads:
  0x000001a5c24d9510 VMThread "VM Thread" [stack: 0x00000003f7800000,0x00000003f7900000] [id=32920]
  0x000001a5c27afdf0 WatcherThread [stack: 0x00000003f8400000,0x00000003f8500000] [id=8436]
  0x000001a5a21eed00 GCTaskThread "GC Thread#0" [stack: 0x00000003f7300000,0x00000003f7400000] [id=30876]
  0x000001a5c291f390 GCTaskThread "GC Thread#1" [stack: 0x00000003f8500000,0x00000003f8600000] [id=21320]
  0x000001a5e2128e30 GCTaskThread "GC Thread#2" [stack: 0x00000003f8600000,0x00000003f8700000] [id=6700]
  0x000001a5e2740990 GCTaskThread "GC Thread#3" [stack: 0x00000003f8700000,0x00000003f8800000] [id=18496]
  0x000001a5e28c1a20 GCTaskThread "GC Thread#4" [stack: 0x00000003f8800000,0x00000003f8900000] [id=11596]
  0x000001a5e3d1c260 GCTaskThread "GC Thread#5" [stack: 0x00000003f9600000,0x00000003f9700000] [id=14108]
  0x000001a5e38b51e0 GCTaskThread "GC Thread#6" [stack: 0x00000003f9700000,0x00000003f9800000] [id=10340]
  0x000001a5e44d06a0 GCTaskThread "GC Thread#7" [stack: 0x00000003f9800000,0x00000003f9900000] [id=13612]
  0x000001a5a2398470 ConcurrentGCThread "G1 Main Marker" [stack: 0x00000003f7400000,0x00000003f7500000] [id=21508]
  0x000001a5a2398d90 ConcurrentGCThread "G1 Conc#0" [stack: 0x00000003f7500000,0x00000003f7600000] [id=28272]
  0x000001a5e4ecf210 ConcurrentGCThread "G1 Conc#1" [stack: 0x00000003f9b00000,0x00000003f9c00000] [id=22312]
  0x000001a5a23eeb20 ConcurrentGCThread "G1 Refine#0" [stack: 0x00000003f7600000,0x00000003f7700000] [id=25940]
  0x000001a5c2392610 ConcurrentGCThread "G1 Service" [stack: 0x00000003f7700000,0x00000003f7800000] [id=16448]

Threads with active compile tasks:
C2 CompilerThread0    29163 5565       4       org.gradle.internal.reflect.MethodSet::add (50 bytes)

VM state: not at safepoint (normal execution)

VM Mutex/Monitor currently owned by a thread: None

Heap address: 0x0000000080000000, size: 2048 MB, Compressed Oops mode: 32-bit

CDS archive(s) mapped at: [0x000001a5c3000000-0x000001a5c3bd0000-0x000001a5c3bd0000), size 12386304, SharedBaseAddress: 0x000001a5c3000000, ArchiveRelocationMode: 1.
Compressed class space mapped at: 0x000001a5c4000000-0x000001a5de000000, reserved size: 436207616
Narrow klass base: 0x000001a5c3000000, Narrow klass shift: 0, Narrow klass range: 0x100000000

GC Precious Log:
 CPUs: 8 total, 8 available
 Memory: 7987M
 Large Page Support: Disabled
 NUMA Support: Disabled
 Compressed Oops: Enabled (32-bit)
 Heap Region Size: 1M
 Heap Min Capacity: 8M
 Heap Initial Capacity: 126M
 Heap Max Capacity: 2G
 Pre-touch: Disabled
 Parallel Workers: 8
 Concurrent Workers: 2
 Concurrent Refinement Workers: 8
 Periodic GC: Disabled

Heap:
 garbage-first heap   total 92160K, used 57863K [0x0000000080000000, 0x0000000100000000)
  region size 1024K, 22 young (22528K), 4 survivors (4096K)
 Metaspace       used 50325K, committed 50880K, reserved 491520K
  class space    used 7053K, committed 7296K, reserved 425984K

Heap Regions: E=young(eden), S=young(survivor), O=old, HS=humongous(starts), HC=humongous(continues), CS=collection set, F=free, OA=open archive, CA=closed archive, TAMS=top-at-mark-start (previous, next)
|   0|0x0000000080000000, 0x0000000080100000, 0x0000000080100000|100%| O|  |TAMS 0x0000000080100000, 0x0000000080000000| Untracked 
|   1|0x0000000080100000, 0x0000000080200000, 0x0000000080200000|100%| O|  |TAMS 0x0000000080200000, 0x0000000080100000| Untracked 
|   2|0x0000000080200000, 0x0000000080300000, 0x0000000080300000|100%|HS|  |TAMS 0x0000000080300000, 0x0000000080200000| Complete 
|   3|0x0000000080300000, 0x0000000080400000, 0x0000000080400000|100%|HC|  |TAMS 0x0000000080400000, 0x0000000080300000| Complete 
|   4|0x0000000080400000, 0x0000000080500000, 0x0000000080500000|100%|HC|  |TAMS 0x0000000080500000, 0x0000000080400000| Complete 
|   5|0x0000000080500000, 0x0000000080600000, 0x0000000080600000|100%|HC|  |TAMS 0x0000000080600000, 0x0000000080500000| Complete 
|   6|0x0000000080600000, 0x0000000080700000, 0x0000000080700000|100%| O|  |TAMS 0x0000000080700000, 0x0000000080600000| Untracked 
|   7|0x0000000080700000, 0x0000000080800000, 0x0000000080800000|100%| O|  |TAMS 0x0000000080800000, 0x0000000080700000| Untracked 
|   8|0x0000000080800000, 0x0000000080900000, 0x0000000080900000|100%| O|  |TAMS 0x0000000080900000, 0x0000000080800000| Untracked 
|   9|0x0000000080900000, 0x0000000080a00000, 0x0000000080a00000|100%|HS|  |TAMS 0x0000000080a00000, 0x0000000080900000| Complete 
|  10|0x0000000080a00000, 0x0000000080b00000, 0x0000000080b00000|100%| O|  |TAMS 0x0000000080b00000, 0x0000000080a00000| Untracked 
|  11|0x0000000080b00000, 0x0000000080c00000, 0x0000000080c00000|100%| O|  |TAMS 0x0000000080c00000, 0x0000000080b00000| Untracked 
|  12|0x0000000080c00000, 0x0000000080d00000, 0x0000000080d00000|100%| O|  |TAMS 0x0000000080d00000, 0x0000000080c00000| Untracked 
|  13|0x0000000080d00000, 0x0000000080e00000, 0x0000000080e00000|100%| O|  |TAMS 0x0000000080e00000, 0x0000000080d00000| Untracked 
|  14|0x0000000080e00000, 0x0000000080f00000, 0x0000000080f00000|100%| O|  |TAMS 0x0000000080f00000, 0x0000000080e00000| Untracked 
|  15|0x0000000080f00000, 0x0000000081000000, 0x0000000081000000|100%| O|  |TAMS 0x0000000081000000, 0x0000000080f00000| Untracked 
|  16|0x0000000081000000, 0x0000000081100000, 0x0000000081100000|100%| O|  |TAMS 0x0000000081100000, 0x0000000081000000| Untracked 
|  17|0x0000000081100000, 0x0000000081200000, 0x0000000081200000|100%| O|  |TAMS 0x0000000081200000, 0x0000000081100000| Untracked 
|  18|0x0000000081200000, 0x0000000081300000, 0x0000000081300000|100%| O|  |TAMS 0x0000000081300000, 0x0000000081200000| Untracked 
|  19|0x0000000081300000, 0x0000000081400000, 0x0000000081400000|100%| O|  |TAMS 0x0000000081400000, 0x0000000081300000| Untracked 
|  20|0x0000000081400000, 0x0000000081500000, 0x0000000081500000|100%| O|  |TAMS 0x0000000081500000, 0x0000000081400000| Untracked 
|  21|0x0000000081500000, 0x0000000081600000, 0x0000000081600000|100%| O|  |TAMS 0x0000000081600000, 0x0000000081500000| Untracked 
|  22|0x0000000081600000, 0x0000000081695a00, 0x0000000081700000| 58%| O|  |TAMS 0x0000000081695a00, 0x0000000081600000| Untracked 
|  23|0x0000000081700000, 0x0000000081800000, 0x0000000081800000|100%| O|  |TAMS 0x0000000081800000, 0x0000000081700000| Untracked 
|  24|0x0000000081800000, 0x0000000081900000, 0x0000000081900000|100%| O|  |TAMS 0x0000000081900000, 0x0000000081800000| Untracked 
|  25|0x0000000081900000, 0x0000000081a00000, 0x0000000081a00000|100%| O|  |TAMS 0x000000008198f400, 0x0000000081900000| Untracked 
|  26|0x0000000081a00000, 0x0000000081b00000, 0x0000000081b00000|100%| O|  |TAMS 0x0000000081a00000, 0x0000000081a00000| Untracked 
|  27|0x0000000081b00000, 0x0000000081c00000, 0x0000000081c00000|100%| O|  |TAMS 0x0000000081b00000, 0x0000000081b00000| Untracked 
|  28|0x0000000081c00000, 0x0000000081d00000, 0x0000000081d00000|100%| O|  |TAMS 0x0000000081c00000, 0x0000000081c00000| Untracked 
|  29|0x0000000081d00000, 0x0000000081d00000, 0x0000000081e00000|  0%| F|  |TAMS 0x0000000081d00000, 0x0000000081d00000| Untracked 
|  30|0x0000000081e00000, 0x0000000081e00000, 0x0000000081f00000|  0%| F|  |TAMS 0x0000000081e00000, 0x0000000081e00000| Untracked 
|  31|0x0000000081f00000, 0x0000000082000000, 0x0000000082000000|100%| O|  |TAMS 0x0000000081f00000, 0x0000000081f00000| Untracked 
|  32|0x0000000082000000, 0x0000000082100000, 0x0000000082100000|100%| O|  |TAMS 0x0000000082000000, 0x0000000082000000| Untracked 
|  33|0x0000000082100000, 0x0000000082200000, 0x0000000082200000|100%| O|  |TAMS 0x0000000082100000, 0x0000000082100000| Untracked 
|  34|0x0000000082200000, 0x0000000082300000, 0x0000000082300000|100%| O|  |TAMS 0x0000000082200000, 0x0000000082200000| Untracked 
|  35|0x0000000082300000, 0x0000000082400000, 0x0000000082400000|100%| O|  |TAMS 0x0000000082300000, 0x0000000082300000| Untracked 
|  36|0x0000000082400000, 0x0000000082500000, 0x0000000082500000|100%| O|  |TAMS 0x0000000082400000, 0x0000000082400000| Untracked 
|  37|0x0000000082500000, 0x0000000082600000, 0x0000000082600000|100%| O|  |TAMS 0x0000000082500000, 0x0000000082500000| Untracked 
|  38|0x0000000082600000, 0x00000000826bc000, 0x0000000082700000| 73%| O|  |TAMS 0x0000000082600000, 0x0000000082600000| Untracked 
|  39|0x0000000082700000, 0x0000000082700000, 0x0000000082800000|  0%| F|  |TAMS 0x0000000082700000, 0x0000000082700000| Untracked 
|  40|0x0000000082800000, 0x0000000082800000, 0x0000000082900000|  0%| F|  |TAMS 0x0000000082800000, 0x0000000082800000| Untracked 
|  41|0x0000000082900000, 0x0000000082900000, 0x0000000082a00000|  0%| F|  |TAMS 0x0000000082900000, 0x0000000082900000| Untracked 
|  42|0x0000000082a00000, 0x0000000082a00000, 0x0000000082b00000|  0%| F|  |TAMS 0x0000000082a00000, 0x0000000082a00000| Untracked 
|  43|0x0000000082b00000, 0x0000000082b00000, 0x0000000082c00000|  0%| F|  |TAMS 0x0000000082b00000, 0x0000000082b00000| Untracked 
|  44|0x0000000082c00000, 0x0000000082c00000, 0x0000000082d00000|  0%| F|  |TAMS 0x0000000082c00000, 0x0000000082c00000| Untracked 
|  45|0x0000000082d00000, 0x0000000082d00000, 0x0000000082e00000|  0%| F|  |TAMS 0x0000000082d00000, 0x0000000082d00000| Untracked 
|  46|0x0000000082e00000, 0x0000000082e00000, 0x0000000082f00000|  0%| F|  |TAMS 0x0000000082e00000, 0x0000000082e00000| Untracked 
|  47|0x0000000082f00000, 0x0000000082f00000, 0x0000000083000000|  0%| F|  |TAMS 0x0000000082f00000, 0x0000000082f00000| Untracked 
|  48|0x0000000083000000, 0x0000000083000000, 0x0000000083100000|  0%| F|  |TAMS 0x0000000083000000, 0x0000000083000000| Untracked 
|  49|0x0000000083100000, 0x0000000083100000, 0x0000000083200000|  0%| F|  |TAMS 0x0000000083100000, 0x0000000083100000| Untracked 
|  50|0x0000000083200000, 0x0000000083200000, 0x0000000083300000|  0%| F|  |TAMS 0x0000000083200000, 0x0000000083200000| Untracked 
|  51|0x0000000083300000, 0x0000000083300000, 0x0000000083400000|  0%| F|  |TAMS 0x0000000083300000, 0x0000000083300000| Untracked 
|  52|0x0000000083400000, 0x0000000083400000, 0x0000000083500000|  0%| F|  |TAMS 0x0000000083400000, 0x0000000083400000| Untracked 
|  53|0x0000000083500000, 0x00000000835304a0, 0x0000000083600000| 18%| S|CS|TAMS 0x0000000083500000, 0x0000000083500000| Complete 
|  54|0x0000000083600000, 0x0000000083700000, 0x0000000083700000|100%| S|CS|TAMS 0x0000000083600000, 0x0000000083600000| Complete 
|  55|0x0000000083700000, 0x0000000083700000, 0x0000000083800000|  0%| F|  |TAMS 0x0000000083700000, 0x0000000083700000| Untracked 
|  56|0x0000000083800000, 0x0000000083900000, 0x0000000083900000|100%| S|CS|TAMS 0x0000000083800000, 0x0000000083800000| Complete 
|  57|0x0000000083900000, 0x0000000083a00000, 0x0000000083a00000|100%| S|CS|TAMS 0x0000000083900000, 0x0000000083900000| Complete 
|  58|0x0000000083a00000, 0x0000000083a00000, 0x0000000083b00000|  0%| F|  |TAMS 0x0000000083a00000, 0x0000000083a00000| Untracked 
|  59|0x0000000083b00000, 0x0000000083b00000, 0x0000000083c00000|  0%| F|  |TAMS 0x0000000083b00000, 0x0000000083b00000| Untracked 
|  60|0x0000000083c00000, 0x0000000083c00000, 0x0000000083d00000|  0%| F|  |TAMS 0x0000000083c00000, 0x0000000083c00000| Untracked 
|  61|0x0000000083d00000, 0x0000000083d00000, 0x0000000083e00000|  0%| F|  |TAMS 0x0000000083d00000, 0x0000000083d00000| Untracked 
|  62|0x0000000083e00000, 0x0000000083e00000, 0x0000000083f00000|  0%| F|  |TAMS 0x0000000083e00000, 0x0000000083e00000| Untracked 
|  63|0x0000000083f00000, 0x0000000083f00000, 0x0000000084000000|  0%| F|  |TAMS 0x0000000083f00000, 0x0000000083f00000| Untracked 
|  64|0x0000000084000000, 0x0000000084000000, 0x0000000084100000|  0%| F|  |TAMS 0x0000000084000000, 0x0000000084000000| Untracked 
|  65|0x0000000084100000, 0x0000000084100000, 0x0000000084200000|  0%| F|  |TAMS 0x0000000084100000, 0x0000000084100000| Untracked 
|  66|0x0000000084200000, 0x0000000084200000, 0x0000000084300000|  0%| F|  |TAMS 0x0000000084200000, 0x0000000084200000| Untracked 
|  67|0x0000000084300000, 0x0000000084300000, 0x0000000084400000|  0%| F|  |TAMS 0x0000000084300000, 0x0000000084300000| Untracked 
|  68|0x0000000084400000, 0x0000000084400000, 0x0000000084500000|  0%| F|  |TAMS 0x0000000084400000, 0x0000000084400000| Untracked 
|  69|0x0000000084500000, 0x0000000084500000, 0x0000000084600000|  0%| F|  |TAMS 0x0000000084500000, 0x0000000084500000| Untracked 
|  70|0x0000000084600000, 0x0000000084600000, 0x0000000084700000|  0%| F|  |TAMS 0x0000000084600000, 0x0000000084600000| Untracked 
|  71|0x0000000084700000, 0x0000000084700000, 0x0000000084800000|  0%| F|  |TAMS 0x0000000084700000, 0x0000000084700000| Untracked 
|  72|0x0000000084800000, 0x0000000084880c00, 0x0000000084900000| 50%| E|  |TAMS 0x0000000084800000, 0x0000000084800000| Complete 
|  73|0x0000000084900000, 0x0000000084a00000, 0x0000000084a00000|100%| E|CS|TAMS 0x0000000084900000, 0x0000000084900000| Complete 
|  74|0x0000000084a00000, 0x0000000084b00000, 0x0000000084b00000|100%| E|CS|TAMS 0x0000000084a00000, 0x0000000084a00000| Complete 
|  75|0x0000000084b00000, 0x0000000084c00000, 0x0000000084c00000|100%| E|CS|TAMS 0x0000000084b00000, 0x0000000084b00000| Complete 
|  76|0x0000000084c00000, 0x0000000084d00000, 0x0000000084d00000|100%| E|CS|TAMS 0x0000000084c00000, 0x0000000084c00000| Complete 
|  77|0x0000000084d00000, 0x0000000084e00000, 0x0000000084e00000|100%| E|CS|TAMS 0x0000000084d00000, 0x0000000084d00000| Complete 
|  78|0x0000000084e00000, 0x0000000084f00000, 0x0000000084f00000|100%| E|CS|TAMS 0x0000000084e00000, 0x0000000084e00000| Complete 
|  79|0x0000000084f00000, 0x0000000085000000, 0x0000000085000000|100%| E|CS|TAMS 0x0000000084f00000, 0x0000000084f00000| Complete 
|  80|0x0000000085000000, 0x0000000085100000, 0x0000000085100000|100%| E|CS|TAMS 0x0000000085000000, 0x0000000085000000| Complete 
|  81|0x0000000085100000, 0x0000000085200000, 0x0000000085200000|100%| E|CS|TAMS 0x0000000085100000, 0x0000000085100000| Complete 
|  82|0x0000000085200000, 0x0000000085300000, 0x0000000085300000|100%| E|CS|TAMS 0x0000000085200000, 0x0000000085200000| Complete 
|  83|0x0000000085300000, 0x0000000085400000, 0x0000000085400000|100%| E|CS|TAMS 0x0000000085300000, 0x0000000085300000| Complete 
|  84|0x0000000085400000, 0x0000000085500000, 0x0000000085500000|100%| E|CS|TAMS 0x0000000085400000, 0x0000000085400000| Complete 
|  85|0x0000000085500000, 0x0000000085600000, 0x0000000085600000|100%| E|CS|TAMS 0x0000000085500000, 0x0000000085500000| Complete 
|  91|0x0000000085b00000, 0x0000000085c00000, 0x0000000085c00000|100%| E|CS|TAMS 0x0000000085b00000, 0x0000000085b00000| Complete 
|  92|0x0000000085c00000, 0x0000000085d00000, 0x0000000085d00000|100%| E|CS|TAMS 0x0000000085c00000, 0x0000000085c00000| Complete 
|  93|0x0000000085d00000, 0x0000000085e00000, 0x0000000085e00000|100%| E|CS|TAMS 0x0000000085d00000, 0x0000000085d00000| Complete 
| 125|0x0000000087d00000, 0x0000000087e00000, 0x0000000087e00000|100%| E|CS|TAMS 0x0000000087d00000, 0x0000000087d00000| Complete 

Card table byte_map: [0x000001a5bb240000,0x000001a5bb640000] _byte_map_base: 0x000001a5bae40000

Marking Bits (Prev, Next): (CMBitMap*) 0x000001a5a2387b40, (CMBitMap*) 0x000001a5a2387b80
 Prev Bits: [0x000001a5bba40000, 0x000001a5bda40000)
 Next Bits: [0x000001a5bda40000, 0x000001a5bfa40000)

Polling page: 0x000001a5a23f0000

Metaspace:

Usage:
  Non-class:     42.26 MB used.
      Class:      6.89 MB used.
       Both:     49.15 MB used.

Virtual space:
  Non-class space:       64.00 MB reserved,      42.56 MB ( 67%) committed,  1 nodes.
      Class space:      416.00 MB reserved,       7.12 MB (  2%) committed,  1 nodes.
             Both:      480.00 MB reserved,      49.69 MB ( 10%) committed. 

Chunk freelists:
   Non-Class:  4.97 MB
       Class:  8.84 MB
        Both:  13.81 MB

MaxMetaspaceSize: 512.00 MB
CompressedClassSpaceSize: 416.00 MB
Initial GC threshold: 21.00 MB
Current GC threshold: 58.69 MB
CDS: on
MetaspaceReclaimPolicy: balanced
 - commit_granule_bytes: 65536.
 - commit_granule_words: 8192.
 - virtual_space_node_default_size: 8388608.
 - enlarge_chunks_in_place: 1.
 - new_chunks_are_fully_committed: 0.
 - uncommit_free_chunks: 1.
 - use_allocation_guard: 0.
 - handle_deallocations: 1.


Internal statistics:

num_allocs_failed_limit: 6.
num_arena_births: 654.
num_arena_deaths: 0.
num_vsnodes_births: 2.
num_vsnodes_deaths: 0.
num_space_committed: 795.
num_space_uncommitted: 0.
num_chunks_returned_to_freelist: 6.
num_chunks_taken_from_freelist: 2664.
num_chunk_merges: 6.
num_chunk_splits: 1776.
num_chunks_enlarged: 1242.
num_inconsistent_stats: 0.

CodeHeap 'non-profiled nmethods': size=120000Kb used=2853Kb max_used=3239Kb free=117146Kb
 bounds [0x000001a5b2e70000, 0x000001a5b31a0000, 0x000001a5ba3a0000]
CodeHeap 'profiled nmethods': size=120000Kb used=9119Kb max_used=9774Kb free=110880Kb
 bounds [0x000001a5ab3a0000, 0x000001a5abd30000, 0x000001a5b28d0000]
CodeHeap 'non-nmethods': size=5760Kb used=2358Kb max_used=2377Kb free=3402Kb
 bounds [0x000001a5b28d0000, 0x000001a5b2b40000, 0x000001a5b2e70000]
 total_blobs=5648 nmethods=4783 adapters=777
 compilation: enabled
              stopped_count=0, restarted_count=0
 full_count=0

Compilation events (20 events):
Event: 29.075 Thread 0x000001a5c251d010 5566       3       java.lang.reflect.ProxyGenerator::addProxyMethod (190 bytes)
Event: 29.076 Thread 0x000001a5c251d010 nmethod 5566 0x000001a5ab3a9590 code [0x000001a5ab3a9920, 0x000001a5ab3ab1c8]
Event: 29.076 Thread 0x000001a5c251d010 5567       3       java.lang.reflect.ProxyGenerator::collectCompatibleTypes (93 bytes)
Event: 29.077 Thread 0x000001a5c251d010 nmethod 5567 0x000001a5ab3a8c10 code [0x000001a5ab3a8e00, 0x000001a5ab3a9308]
Event: 29.086 Thread 0x000001a5c251d010 5569       3       com.google.common.collect.LinkedHashMultimap$ValueEntry::<init> (18 bytes)
Event: 29.086 Thread 0x000001a5c251d010 nmethod 5569 0x000001a5ab3a8610 code [0x000001a5ab3a87c0, 0x000001a5ab3a8af8]
Event: 29.087 Thread 0x000001a5c251d010 5570       1       com.google.common.collect.LinkedHashMultimap$ValueSet::setSuccessorInValueSet (6 bytes)
Event: 29.087 Thread 0x000001a5c251d010 nmethod 5570 0x000001a5b2ee4490 code [0x000001a5b2ee4620, 0x000001a5b2ee4738]
Event: 29.090 Thread 0x000001a5c251d010 5571       3       com.google.common.collect.LinkedHashMultimap::get (6 bytes)
Event: 29.090 Thread 0x000001a5c251d010 nmethod 5571 0x000001a5aba88a10 code [0x000001a5aba88c00, 0x000001a5aba89208]
Event: 29.090 Thread 0x000001a5c251d010 5573       3       org.gradle.internal.instantiation.generator.AbstractClassGenerator$DslMixInPropertyType::findClosureOverload (109 bytes)
Event: 29.091 Thread 0x000001a5c251d010 nmethod 5573 0x000001a5aba87690 code [0x000001a5aba87900, 0x000001a5aba885b8]
Event: 29.091 Thread 0x000001a5c251d010 5572       3       com.google.common.collect.AbstractSetMultimap::wrapCollection (14 bytes)
Event: 29.091 Thread 0x000001a5c251d010 nmethod 5572 0x000001a5ab3a8010 code [0x000001a5ab3a81c0, 0x000001a5ab3a8488]
Event: 29.091 Thread 0x000001a5c251d010 5574       1       org.gradle.internal.instantiation.generator.AbstractClassGenerator$PropertyMetadata::access$1300 (5 bytes)
Event: 29.091 Thread 0x000001a5c251d010 nmethod 5574 0x000001a5b2f4a810 code [0x000001a5b2f4a9a0, 0x000001a5b2f4aa58]
Event: 29.092 Thread 0x000001a5c251d010 5575       3       org.objectweb.asm.ClassWriter::toByteArray (1535 bytes)
Event: 29.098 Thread 0x000001a5c251d010 nmethod 5575 0x000001a5ab53b710 code [0x000001a5ab53c020, 0x000001a5ab540058]
Event: 29.099 Thread 0x000001a5c251d010 5576       3       com.google.common.collect.ImmutableList::builderWithExpectedSize (16 bytes)
Event: 29.099 Thread 0x000001a5c251d010 nmethod 5576 0x000001a5aba86f90 code [0x000001a5aba87160, 0x000001a5aba87508]

GC Heap History (20 events):
Event: 4.648 GC heap before
{Heap before GC invocations=2 (full 0):
 garbage-first heap   total 129024K, used 59722K [0x0000000080000000, 0x0000000100000000)
  region size 1024K, 48 young (49152K), 4 survivors (4096K)
 Metaspace       used 4982K, committed 5184K, reserved 491520K
  class space    used 647K, committed 768K, reserved 425984K
}
Event: 4.655 GC heap after
{Heap after GC invocations=3 (full 0):
 garbage-first heap   total 129024K, used 17768K [0x0000000080000000, 0x0000000100000000)
  region size 1024K, 6 young (6144K), 6 survivors (6144K)
 Metaspace       used 4982K, committed 5184K, reserved 491520K
  class space    used 647K, committed 768K, reserved 425984K
}
Event: 8.740 GC heap before
{Heap before GC invocations=3 (full 0):
 garbage-first heap   total 129024K, used 88424K [0x0000000080000000, 0x0000000100000000)
  region size 1024K, 75 young (76800K), 6 survivors (6144K)
 Metaspace       used 17489K, committed 17792K, reserved 491520K
  class space    used 2499K, committed 2624K, reserved 425984K
}
Event: 8.759 GC heap after
{Heap after GC invocations=4 (full 0):
 garbage-first heap   total 129024K, used 23271K [0x0000000080000000, 0x0000000100000000)
  region size 1024K, 10 young (10240K), 10 survivors (10240K)
 Metaspace       used 17489K, committed 17792K, reserved 491520K
  class space    used 2499K, committed 2624K, reserved 425984K
}
Event: 11.178 GC heap before
{Heap before GC invocations=4 (full 0):
 garbage-first heap   total 129024K, used 55015K [0x0000000080000000, 0x0000000100000000)
  region size 1024K, 42 young (43008K), 10 survivors (10240K)
 Metaspace       used 21178K, committed 21504K, reserved 491520K
  class space    used 3086K, committed 3264K, reserved 425984K
}
Event: 11.188 GC heap after
{Heap after GC invocations=5 (full 0):
 garbage-first heap   total 129024K, used 25507K [0x0000000080000000, 0x0000000100000000)
  region size 1024K, 3 young (3072K), 3 survivors (3072K)
 Metaspace       used 21178K, committed 21504K, reserved 491520K
  class space    used 3086K, committed 3264K, reserved 425984K
}
Event: 14.544 GC heap before
{Heap before GC invocations=6 (full 0):
 garbage-first heap   total 92160K, used 77731K [0x0000000080000000, 0x0000000100000000)
  region size 1024K, 54 young (55296K), 3 survivors (3072K)
 Metaspace       used 27723K, committed 28160K, reserved 491520K
  class space    used 4107K, committed 4288K, reserved 425984K
}
Event: 14.549 GC heap after
{Heap after GC invocations=7 (full 0):
 garbage-first heap   total 92160K, used 27299K [0x0000000080000000, 0x0000000100000000)
  region size 1024K, 5 young (5120K), 5 survivors (5120K)
 Metaspace       used 27723K, committed 28160K, reserved 491520K
  class space    used 4107K, committed 4288K, reserved 425984K
}
Event: 17.673 GC heap before
{Heap before GC invocations=7 (full 0):
 garbage-first heap   total 92160K, used 69283K [0x0000000080000000, 0x0000000100000000)
  region size 1024K, 47 young (48128K), 5 survivors (5120K)
 Metaspace       used 34233K, committed 34688K, reserved 491520K
  class space    used 4862K, committed 5056K, reserved 425984K
}
Event: 17.684 GC heap after
{Heap after GC invocations=8 (full 0):
 garbage-first heap   total 92160K, used 31891K [0x0000000080000000, 0x0000000100000000)
  region size 1024K, 6 young (6144K), 6 survivors (6144K)
 Metaspace       used 34233K, committed 34688K, reserved 491520K
  class space    used 4862K, committed 5056K, reserved 425984K
}
Event: 18.788 GC heap before
{Heap before GC invocations=8 (full 0):
 garbage-first heap   total 92160K, used 53395K [0x0000000080000000, 0x0000000100000000)
  region size 1024K, 24 young (24576K), 6 survivors (6144K)
 Metaspace       used 35530K, committed 35968K, reserved 491520K
  class space    used 4947K, committed 5184K, reserved 425984K
}
Event: 18.796 GC heap after
{Heap after GC invocations=9 (full 0):
 garbage-first heap   total 92160K, used 33994K [0x0000000080000000, 0x0000000100000000)
  region size 1024K, 3 young (3072K), 3 survivors (3072K)
 Metaspace       used 35530K, committed 35968K, reserved 491520K
  class space    used 4947K, committed 5184K, reserved 425984K
}
Event: 20.591 GC heap before
{Heap before GC invocations=10 (full 0):
 garbage-first heap   total 92160K, used 69834K [0x0000000080000000, 0x0000000100000000)
  region size 1024K, 38 young (38912K), 3 survivors (3072K)
 Metaspace       used 37806K, committed 38272K, reserved 491520K
  class space    used 5293K, committed 5504K, reserved 425984K
}
Event: 20.596 GC heap after
{Heap after GC invocations=11 (full 0):
 garbage-first heap   total 92160K, used 35563K [0x0000000080000000, 0x0000000100000000)
  region size 1024K, 4 young (4096K), 4 survivors (4096K)
 Metaspace       used 37806K, committed 38272K, reserved 491520K
  class space    used 5293K, committed 5504K, reserved 425984K
}
Event: 22.221 GC heap before
{Heap before GC invocations=11 (full 0):
 garbage-first heap   total 92160K, used 71403K [0x0000000080000000, 0x0000000100000000)
  region size 1024K, 39 young (39936K), 4 survivors (4096K)
 Metaspace       used 40502K, committed 41024K, reserved 491520K
  class space    used 5711K, committed 5952K, reserved 425984K
}
Event: 22.227 GC heap after
{Heap after GC invocations=12 (full 0):
 garbage-first heap   total 92160K, used 37348K [0x0000000080000000, 0x0000000100000000)
  region size 1024K, 4 young (4096K), 4 survivors (4096K)
 Metaspace       used 40502K, committed 41024K, reserved 491520K
  class space    used 5711K, committed 5952K, reserved 425984K
}
Event: 25.680 GC heap before
{Heap before GC invocations=12 (full 0):
 garbage-first heap   total 92160K, used 72164K [0x0000000080000000, 0x0000000100000000)
  region size 1024K, 38 young (38912K), 4 survivors (4096K)
 Metaspace       used 43800K, committed 44416K, reserved 491520K
  class space    used 6250K, committed 6528K, reserved 425984K
}
Event: 25.686 GC heap after
{Heap after GC invocations=13 (full 0):
 garbage-first heap   total 92160K, used 39595K [0x0000000080000000, 0x0000000100000000)
  region size 1024K, 5 young (5120K), 5 survivors (5120K)
 Metaspace       used 43800K, committed 44416K, reserved 491520K
  class space    used 6250K, committed 6528K, reserved 425984K
}
Event: 27.263 GC heap before
{Heap before GC invocations=13 (full 0):
 garbage-first heap   total 92160K, used 74411K [0x0000000080000000, 0x0000000100000000)
  region size 1024K, 37 young (37888K), 5 survivors (5120K)
 Metaspace       used 48109K, committed 48640K, reserved 491520K
  class space    used 6725K, committed 6976K, reserved 425984K
}
Event: 27.268 GC heap after
{Heap after GC invocations=14 (full 0):
 garbage-first heap   total 92160K, used 40455K [0x0000000080000000, 0x0000000100000000)
  region size 1024K, 4 young (4096K), 4 survivors (4096K)
 Metaspace       used 48109K, committed 48640K, reserved 491520K
  class space    used 6725K, committed 6976K, reserved 425984K
}

Deoptimization events (20 events):
Event: 25.912 Thread 0x000001a5c293aec0 Uncommon trap: trap_request=0xffffffbe fr.pc=0x000001a5b2e934a0 relative=0x00000000000002e0
Event: 25.912 Thread 0x000001a5c293aec0 Uncommon trap: reason=profile_predicate action=maybe_recompile pc=0x000001a5b2e934a0 method=sun.instrument.TransformerManager.transform(Ljava/lang/Module;Ljava/lang/ClassLoader;Ljava/lang/String;Ljava/lang/Class;Ljava/security/ProtectionDomain;[B)[B @ 21 
Event: 25.912 Thread 0x000001a5c293aec0 DEOPT PACKING pc=0x000001a5b2e934a0 sp=0x00000003f8ff4210
Event: 25.912 Thread 0x000001a5c293aec0 DEOPT UNPACKING pc=0x000001a5b2925ba3 sp=0x00000003f8ff4120 mode 2
Event: 25.914 Thread 0x000001a5c293aec0 Uncommon trap: trap_request=0xffffffbe fr.pc=0x000001a5b2e934a0 relative=0x00000000000002e0
Event: 25.914 Thread 0x000001a5c293aec0 Uncommon trap: reason=profile_predicate action=maybe_recompile pc=0x000001a5b2e934a0 method=sun.instrument.TransformerManager.transform(Ljava/lang/Module;Ljava/lang/ClassLoader;Ljava/lang/String;Ljava/lang/Class;Ljava/security/ProtectionDomain;[B)[B @ 21 
Event: 25.914 Thread 0x000001a5c293aec0 DEOPT PACKING pc=0x000001a5b2e934a0 sp=0x00000003f8ff4210
Event: 25.914 Thread 0x000001a5c293aec0 DEOPT UNPACKING pc=0x000001a5b2925ba3 sp=0x00000003f8ff4120 mode 2
Event: 25.915 Thread 0x000001a5c293aec0 Uncommon trap: trap_request=0xffffffbe fr.pc=0x000001a5b2e934a0 relative=0x00000000000002e0
Event: 25.915 Thread 0x000001a5c293aec0 Uncommon trap: reason=profile_predicate action=maybe_recompile pc=0x000001a5b2e934a0 method=sun.instrument.TransformerManager.transform(Ljava/lang/Module;Ljava/lang/ClassLoader;Ljava/lang/String;Ljava/lang/Class;Ljava/security/ProtectionDomain;[B)[B @ 21 
Event: 25.915 Thread 0x000001a5c293aec0 DEOPT PACKING pc=0x000001a5b2e934a0 sp=0x00000003f8ff4210
Event: 25.915 Thread 0x000001a5c293aec0 DEOPT UNPACKING pc=0x000001a5b2925ba3 sp=0x00000003f8ff4120 mode 2
Event: 26.072 Thread 0x000001a5c293aec0 Uncommon trap: trap_request=0xffffff54 fr.pc=0x000001a5b2f28dec relative=0x000000000000086c
Event: 26.072 Thread 0x000001a5c293aec0 Uncommon trap: reason=speculate_null_assert action=make_not_entrant pc=0x000001a5b2f28dec method=java.util.jar.JarFile.getVersionedEntry(Ljava/lang/String;Ljava/util/jar/JarEntry;)Ljava/util/jar/JarEntry; @ 115 c2
Event: 26.072 Thread 0x000001a5c293aec0 DEOPT PACKING pc=0x000001a5b2f28dec sp=0x00000003f8ff5f90
Event: 26.072 Thread 0x000001a5c293aec0 DEOPT UNPACKING pc=0x000001a5b2925ba3 sp=0x00000003f8ff5ee8 mode 2
Event: 27.650 Thread 0x000001a5c293aec0 Uncommon trap: trap_request=0xffffffc6 fr.pc=0x000001a5b306ed88 relative=0x0000000000000888
Event: 27.650 Thread 0x000001a5c293aec0 Uncommon trap: reason=bimorphic_or_optimized_type_check action=maybe_recompile pc=0x000001a5b306ed88 method=java.io.BufferedInputStream.read([BII)I @ 101 c2
Event: 27.650 Thread 0x000001a5c293aec0 DEOPT PACKING pc=0x000001a5b306ed88 sp=0x00000003f8ff86a0
Event: 27.650 Thread 0x000001a5c293aec0 DEOPT UNPACKING pc=0x000001a5b2925ba3 sp=0x00000003f8ff8678 mode 2

Classes unloaded (0 events):
No events

Classes redefined (0 events):
No events

Internal exceptions (20 events):
Event: 21.475 Thread 0x000001a5c293aec0 Exception <a 'java/lang/NoSuchMethodError'{0x00000000844f3868}: 'java.lang.Object java.lang.invoke.Invokers$Holder.linkToTargetMethod(java.lang.Object, java.lang.Object, long, java.lang.Object)'> (0x00000000844f3868) 
thrown [s\open\src\hotspot\share\interpreter\linkResolver.cpp, line 759]
Event: 21.640 Thread 0x000001a5c293aec0 Implicit null exception at 0x000001a5b306286c to 0x000001a5b306291c
Event: 22.158 Thread 0x000001a5c293aec0 Exception <a 'java/lang/NoSuchMethodError'{0x0000000083747130}: 'java.lang.Object java.lang.invoke.DirectMethodHandle$Holder.newInvokeSpecial(java.lang.Object, int, java.lang.Object)'> (0x0000000083747130) 
thrown [s\open\src\hotspot\share\interpreter\linkResolver.cpp, line 759]
Event: 22.882 Thread 0x000001a5c293aec0 Exception <a 'java/lang/NoSuchMethodError'{0x0000000084e96d68}: 'int java.lang.invoke.DirectMethodHandle$Holder.invokeSpecialIFC(java.lang.Object, java.lang.Object, java.lang.Object)'> (0x0000000084e96d68) 
thrown [s\open\src\hotspot\share\interpreter\linkResolver.cpp, line 759]
Event: 23.377 Thread 0x000001a5c293aec0 Exception <a 'java/lang/NoSuchMethodError'{0x000000008490ddd0}: 'java.lang.Object java.lang.invoke.DirectMethodHandle$Holder.invokeSpecial(java.lang.Object, java.lang.Object, java.lang.Object, java.lang.Object, java.lang.Object, long)'> (0x000000008490ddd0) 
thrown [s\open\src\hotspot\share\interpreter\linkResolver.cpp, line 759]
Event: 23.401 Thread 0x000001a5c293aec0 Exception <a 'java/lang/NoSuchMethodError'{0x00000000849397e8}: 'void java.lang.invoke.DirectMethodHandle$Holder.invokeStatic(java.lang.Object, java.lang.Object, java.lang.Object, int, java.lang.Object)'> (0x00000000849397e8) 
thrown [s\open\src\hotspot\share\interpreter\linkResolver.cpp, line 759]
Event: 23.629 Thread 0x000001a5c293aec0 Exception <a 'java/lang/NoSuchMethodError'{0x00000000848c31d0}: 'int java.lang.invoke.DirectMethodHandle$Holder.invokeInterface(java.lang.Object, java.lang.Object, java.lang.Object, java.lang.Object, java.lang.Object)'> (0x00000000848c31d0) 
thrown [s\open\src\hotspot\share\interpreter\linkResolver.cpp, line 759]
Event: 23.868 Thread 0x000001a5c293aec0 Exception <a 'java/lang/NoSuchMethodError'{0x000000008450f798}: 'java.lang.Object java.lang.invoke.DirectMethodHandle$Holder.invokeSpecial(java.lang.Object, java.lang.Object, long, java.lang.Object, java.lang.Object)'> (0x000000008450f798) 
thrown [s\open\src\hotspot\share\interpreter\linkResolver.cpp, line 759]
Event: 24.137 Thread 0x000001a5c293aec0 Exception <a 'java/lang/IncompatibleClassChangeError'{0x0000000084319fb0}: Found class java.lang.Object, but interface was expected> (0x0000000084319fb0) 
thrown [s\open\src\hotspot\share\interpreter\linkResolver.cpp, line 826]
Event: 24.276 Thread 0x000001a5c293aec0 Exception <a 'java/lang/NoSuchMethodError'{0x000000008418fe48}: 'java.lang.Object java.lang.invoke.DirectMethodHandle$Holder.newInvokeSpecial(java.lang.Object, java.lang.Object, java.lang.Object, java.lang.Object, int, java.lang.Object)'> (0x000000008418fe48) 
thrown [s\open\src\hotspot\share\interpreter\linkResolver.cpp, line 759]
Event: 24.297 Thread 0x000001a5c293aec0 Exception <a 'java/lang/NoSuchMethodError'{0x00000000841996b8}: 'java.lang.Object java.lang.invoke.Invokers$Holder.linkToTargetMethod(java.lang.Object, java.lang.Object, java.lang.Object, int, java.lang.Object, java.lang.Object)'> (0x00000000841996b8) 
thrown [s\open\src\hotspot\share\interpreter\linkResolver.cpp, line 759]
Event: 24.589 Thread 0x000001a5c293aec0 Exception <a 'java/lang/NoSuchMethodError'{0x0000000083dc4838}: 'java.lang.Object java.lang.invoke.DirectMethodHandle$Holder.invokeSpecialIFC(java.lang.Object, java.lang.Object, java.lang.Object)'> (0x0000000083dc4838) 
thrown [s\open\src\hotspot\share\interpreter\linkResolver.cpp, line 759]
Event: 27.336 Thread 0x000001a5c293aec0 Exception <a 'java/lang/ClassNotFoundException'{0x0000000085d5b6e0}: sun/misc/SharedSecrets> (0x0000000085d5b6e0) 
thrown [s\open\src\hotspot\share\classfile\systemDictionary.cpp, line 256]
Event: 27.464 Thread 0x000001a5c293b3d0 Exception <a 'java/lang/NoSuchMethodError'{0x0000000085b886b8}: static Lorg/gradle/internal/build/event/types/DefaultBuildPhaseDescriptor;.<clinit>()V> (0x0000000085b886b8) 
thrown [s\open\src\hotspot\share\prims\jni.cpp, line 1107]
Event: 27.590 Thread 0x000001a5c293aec0 Exception <a 'sun/nio/fs/WindowsException'{0x0000000085588730}> (0x0000000085588730) 
thrown [s\open\src\hotspot\share\prims\jni.cpp, line 516]
Event: 27.590 Thread 0x000001a5c293aec0 Exception <a 'sun/nio/fs/WindowsException'{0x0000000085588a20}> (0x0000000085588a20) 
thrown [s\open\src\hotspot\share\prims\jni.cpp, line 516]
Event: 27.592 Thread 0x000001a5c293aec0 Exception <a 'sun/nio/fs/WindowsException'{0x000000008558bbc8}> (0x000000008558bbc8) 
thrown [s\open\src\hotspot\share\prims\jni.cpp, line 516]
Event: 27.592 Thread 0x000001a5c293aec0 Exception <a 'sun/nio/fs/WindowsException'{0x000000008558bfb0}> (0x000000008558bfb0) 
thrown [s\open\src\hotspot\share\prims\jni.cpp, line 516]
Event: 27.599 Thread 0x000001a5c293aec0 Exception <a 'sun/nio/fs/WindowsException'{0x00000000855ace38}> (0x00000000855ace38) 
thrown [s\open\src\hotspot\share\prims\jni.cpp, line 516]
Event: 27.600 Thread 0x000001a5c293aec0 Exception <a 'sun/nio/fs/WindowsException'{0x00000000855ad220}> (0x00000000855ad220) 
thrown [s\open\src\hotspot\share\prims\jni.cpp, line 516]

VM Operations (20 events):
Event: 22.114 Executing VM operation: HandshakeAllThreads
Event: 22.118 Executing VM operation: HandshakeAllThreads done
Event: 22.152 Executing VM operation: HandshakeAllThreads
Event: 22.153 Executing VM operation: HandshakeAllThreads done
Event: 22.221 Executing VM operation: G1CollectForAllocation
Event: 22.227 Executing VM operation: G1CollectForAllocation done
Event: 23.240 Executing VM operation: Cleanup
Event: 23.256 Executing VM operation: Cleanup done
Event: 24.258 Executing VM operation: Cleanup
Event: 24.258 Executing VM operation: Cleanup done
Event: 25.266 Executing VM operation: Cleanup
Event: 25.299 Executing VM operation: Cleanup done
Event: 25.680 Executing VM operation: G1CollectForAllocation
Event: 25.686 Executing VM operation: G1CollectForAllocation done
Event: 26.701 Executing VM operation: Cleanup
Event: 26.704 Executing VM operation: Cleanup done
Event: 27.263 Executing VM operation: G1CollectForAllocation
Event: 27.268 Executing VM operation: G1CollectForAllocation done
Event: 28.278 Executing VM operation: Cleanup
Event: 28.278 Executing VM operation: Cleanup done

Events (20 events):
Event: 25.127 loading class java/util/stream/SortedOps
Event: 25.130 loading class java/util/stream/SortedOps done
Event: 25.130 loading class java/util/stream/SortedOps$OfRef
Event: 25.131 loading class java/util/stream/SortedOps$OfRef done
Event: 25.135 loading class java/util/stream/SortedOps$SizedRefSortingSink
Event: 25.139 loading class java/util/stream/SortedOps$AbstractRefSortingSink
Event: 25.146 loading class java/util/stream/SortedOps$AbstractRefSortingSink done
Event: 25.146 loading class java/util/stream/SortedOps$SizedRefSortingSink done
Event: 27.248 loading class java/util/ArrayList$SubList$1
Event: 27.248 loading class java/util/ArrayList$SubList$1 done
Event: 27.335 loading class sun/misc/SharedSecrets
Event: 27.335 loading class sun/misc/SharedSecrets done
Event: 27.641 loading class java/nio/channels/Channels$ReadableByteChannelImpl
Event: 27.641 loading class java/nio/channels/Channels$ReadableByteChannelImpl done
Event: 27.672 loading class java/util/EmptyStackException
Event: 27.672 loading class java/util/EmptyStackException done
Event: 27.685 loading class java/io/InvalidClassException
Event: 27.685 loading class java/io/InvalidClassException done
Event: 28.148 loading class java/util/Comparators$NaturalOrderComparator
Event: 28.150 loading class java/util/Comparators$NaturalOrderComparator done


Dynamic libraries:
0x00007ff6452e0000 - 0x00007ff6452f0000 	C:\Program Files\Java\jdk-17\bin\java.exe
0x00007ff87f270000 - 0x00007ff87f487000 	C:\WINDOWS\SYSTEM32\ntdll.dll
0x00007ff87d9b0000 - 0x00007ff87da74000 	C:\WINDOWS\System32\KERNEL32.DLL
0x00007ff87c580000 - 0x00007ff87c937000 	C:\WINDOWS\System32\KERNELBASE.dll
0x00007ff87ccf0000 - 0x00007ff87ce01000 	C:\WINDOWS\System32\ucrtbase.dll
0x00007ff862890000 - 0x00007ff8628a9000 	C:\Program Files\Java\jdk-17\bin\jli.dll
0x00007ff87f120000 - 0x00007ff87f1d2000 	C:\WINDOWS\System32\ADVAPI32.dll
0x00007ff87ee30000 - 0x00007ff87eed7000 	C:\WINDOWS\System32\msvcrt.dll
0x00007ff87d1d0000 - 0x00007ff87d278000 	C:\WINDOWS\System32\sechost.dll
0x00007ff87cb20000 - 0x00007ff87cb48000 	C:\WINDOWS\System32\bcrypt.dll
0x00007ff87d4f0000 - 0x00007ff87d604000 	C:\WINDOWS\System32\RPCRT4.dll
0x00007ff86fa10000 - 0x00007ff86fa2b000 	C:\Program Files\Java\jdk-17\bin\VCRUNTIME140.dll
0x00007ff87d800000 - 0x00007ff87d9af000 	C:\WINDOWS\System32\USER32.dll
0x00007ff87ccc0000 - 0x00007ff87cce6000 	C:\WINDOWS\System32\win32u.dll
0x00007ff87d6f0000 - 0x00007ff87d719000 	C:\WINDOWS\System32\GDI32.dll
0x00007ff87ce80000 - 0x00007ff87cf98000 	C:\WINDOWS\System32\gdi32full.dll
0x00007ff87ca00000 - 0x00007ff87ca9a000 	C:\WINDOWS\System32\msvcp_win.dll
0x00007ff862e10000 - 0x00007ff8630a3000 	C:\WINDOWS\WinSxS\amd64_microsoft.windows.common-controls_6595b64144ccf1df_6.0.22621.3672_none_2713b9d173822955\COMCTL32.dll
0x00007ff873000000 - 0x00007ff87300a000 	C:\WINDOWS\SYSTEM32\VERSION.dll
0x00007ff87dc30000 - 0x00007ff87dc61000 	C:\WINDOWS\System32\IMM32.DLL
0x00007ff875f00000 - 0x00007ff875f0c000 	C:\Program Files\Java\jdk-17\bin\vcruntime140_1.dll
0x00007ff834dc0000 - 0x00007ff834e4e000 	C:\Program Files\Java\jdk-17\bin\msvcp140.dll
0x00007ff807e10000 - 0x00007ff8089ef000 	C:\Program Files\Java\jdk-17\bin\server\jvm.dll
0x00007ff87d010000 - 0x00007ff87d018000 	C:\WINDOWS\System32\PSAPI.DLL
0x00007ff851ed0000 - 0x00007ff851ed9000 	C:\WINDOWS\SYSTEM32\WSOCK32.dll
0x00007ff87d670000 - 0x00007ff87d6e1000 	C:\WINDOWS\System32\WS2_32.dll
0x00007ff8755c0000 - 0x00007ff8755f4000 	C:\WINDOWS\SYSTEM32\WINMM.dll
0x00007ff87b690000 - 0x00007ff87b6a8000 	C:\WINDOWS\SYSTEM32\kernel.appcore.dll
0x00007ff875350000 - 0x00007ff87535a000 	C:\Program Files\Java\jdk-17\bin\jimage.dll
0x00007ff879950000 - 0x00007ff879b82000 	C:\WINDOWS\SYSTEM32\DBGHELP.DLL
0x00007ff87dc70000 - 0x00007ff87dffe000 	C:\WINDOWS\System32\combase.dll
0x00007ff87d720000 - 0x00007ff87d7f7000 	C:\WINDOWS\System32\OLEAUT32.dll
0x00007ff8607d0000 - 0x00007ff860802000 	C:\WINDOWS\SYSTEM32\dbgcore.DLL
0x00007ff87caa0000 - 0x00007ff87cb1b000 	C:\WINDOWS\System32\bcryptPrimitives.dll
0x00007ff834ed0000 - 0x00007ff834ede000 	C:\Program Files\Java\jdk-17\bin\instrument.dll
0x00007ff84e220000 - 0x00007ff84e245000 	C:\Program Files\Java\jdk-17\bin\java.dll
0x00007ff834be0000 - 0x00007ff834cb7000 	C:\Program Files\Java\jdk-17\bin\jsvml.dll
0x00007ff87e5c0000 - 0x00007ff87ee29000 	C:\WINDOWS\System32\SHELL32.dll
0x00007ff87a4b0000 - 0x00007ff87adaf000 	C:\WINDOWS\SYSTEM32\windows.storage.dll
0x00007ff87a370000 - 0x00007ff87a4af000 	C:\WINDOWS\SYSTEM32\wintypes.dll
0x00007ff87db10000 - 0x00007ff87dc09000 	C:\WINDOWS\System32\SHCORE.dll
0x00007ff87d610000 - 0x00007ff87d66e000 	C:\WINDOWS\System32\shlwapi.dll
0x00007ff87c4b0000 - 0x00007ff87c4d7000 	C:\WINDOWS\SYSTEM32\profapi.dll
0x00007ff834ef0000 - 0x00007ff834f08000 	C:\Program Files\Java\jdk-17\bin\zip.dll
0x00007ff84bbb0000 - 0x00007ff84bbc9000 	C:\Program Files\Java\jdk-17\bin\net.dll
0x00007ff876800000 - 0x00007ff876936000 	C:\WINDOWS\SYSTEM32\WINHTTP.dll
0x00007ff87bb30000 - 0x00007ff87bb99000 	C:\WINDOWS\system32\mswsock.dll
0x00007ff84b760000 - 0x00007ff84b776000 	C:\Program Files\Java\jdk-17\bin\nio.dll
0x00007ff862880000 - 0x00007ff862890000 	C:\Program Files\Java\jdk-17\bin\verify.dll
0x00007ff8628b0000 - 0x00007ff8628d7000 	C:\Users\ACER\.gradle\native\c067742578af261105cb4f569cf0c3c89f3d7b1fecec35dd04571415982c5e48\windows-amd64\native-platform.dll
0x00007ff827970000 - 0x00007ff827ab4000 	C:\Users\ACER\.gradle\native\100fb08df4bc3b14c8652ba06237920a3bd2aa13389f12d3474272988ae205f9\windows-amd64\native-platform-file-events.dll
0x00007ff84b750000 - 0x00007ff84b75a000 	C:\Program Files\Java\jdk-17\bin\management.dll
0x00007ff834ee0000 - 0x00007ff834eeb000 	C:\Program Files\Java\jdk-17\bin\management_ext.dll
0x00007ff87bd80000 - 0x00007ff87bd9b000 	C:\WINDOWS\SYSTEM32\CRYPTSP.dll
0x00007ff87b5f0000 - 0x00007ff87b625000 	C:\WINDOWS\system32\rsaenh.dll
0x00007ff87bc20000 - 0x00007ff87bc48000 	C:\WINDOWS\SYSTEM32\USERENV.dll
0x00007ff87bda0000 - 0x00007ff87bdac000 	C:\WINDOWS\SYSTEM32\CRYPTBASE.dll
0x00007ff87b110000 - 0x00007ff87b13d000 	C:\WINDOWS\SYSTEM32\IPHLPAPI.DLL
0x00007ff87da80000 - 0x00007ff87da89000 	C:\WINDOWS\System32\NSI.dll
0x00007ff875810000 - 0x00007ff875829000 	C:\WINDOWS\SYSTEM32\dhcpcsvc6.DLL
0x00007ff875600000 - 0x00007ff87561f000 	C:\WINDOWS\SYSTEM32\dhcpcsvc.DLL
0x00007ff87b150000 - 0x00007ff87b252000 	C:\WINDOWS\SYSTEM32\DNSAPI.dll
0x00007ff834db0000 - 0x00007ff834dbe000 	C:\Program Files\Java\jdk-17\bin\sunmscapi.dll
0x00007ff87cb50000 - 0x00007ff87ccb6000 	C:\WINDOWS\System32\CRYPT32.dll
0x00007ff87bf20000 - 0x00007ff87bf4d000 	C:\WINDOWS\SYSTEM32\ncrypt.dll
0x00007ff87bee0000 - 0x00007ff87bf17000 	C:\WINDOWS\SYSTEM32\NTASN1.dll
0x00007ff876080000 - 0x00007ff876088000 	C:\WINDOWS\system32\wshunix.dll

dbghelp: loaded successfully - version: 4.0.5 - missing functions: none
symbol engine: initialized successfully - sym options: 0x614 - pdb path: .;C:\Program Files\Java\jdk-17\bin;C:\WINDOWS\SYSTEM32;C:\WINDOWS\WinSxS\amd64_microsoft.windows.common-controls_6595b64144ccf1df_6.0.22621.3672_none_2713b9d173822955;C:\Program Files\Java\jdk-17\bin\server;C:\Users\ACER\.gradle\native\c067742578af261105cb4f569cf0c3c89f3d7b1fecec35dd04571415982c5e48\windows-amd64;C:\Users\ACER\.gradle\native\100fb08df4bc3b14c8652ba06237920a3bd2aa13389f12d3474272988ae205f9\windows-amd64

VM Arguments:
jvm_args: -XX:MaxMetaspaceSize=512m --add-opens=java.base/java.util=ALL-UNNAMED --add-opens=java.base/java.lang=ALL-UNNAMED --add-opens=java.base/java.lang.invoke=ALL-UNNAMED --add-opens=java.prefs/java.util.prefs=ALL-UNNAMED --add-exports=jdk.compiler/com.sun.tools.javac.api=ALL-UNNAMED --add-exports=jdk.compiler/com.sun.tools.javac.util=ALL-UNNAMED --add-opens=java.base/java.nio.charset=ALL-UNNAMED --add-opens=java.base/java.net=ALL-UNNAMED --add-opens=java.base/java.util.concurrent.atomic=ALL-UNNAMED -Xmx2048m -Dfile.encoding=utf8 -Duser.country=ID -Duser.language=en -Duser.variant -javaagent:C:\Users\ACER\.gradle\wrapper\dists\gradle-8.10.2-all\7iv73wktx1xtkvlq19urqw1wm\gradle-8.10.2\lib\agents\gradle-instrumentation-agent-8.10.2.jar 
java_command: org.gradle.launcher.daemon.bootstrap.GradleDaemon 8.10.2
java_class_path (initial): C:\Users\ACER\.gradle\wrapper\dists\gradle-8.10.2-all\7iv73wktx1xtkvlq19urqw1wm\gradle-8.10.2\lib\gradle-daemon-main-8.10.2.jar
Launcher Type: SUN_STANDARD

[Global flags]
     intx CICompilerCount                          = 4                                         {product} {ergonomic}
   size_t CompressedClassSpaceSize                 = 436207616                                 {product} {ergonomic}
     uint ConcGCThreads                            = 2                                         {product} {ergonomic}
     uint G1ConcRefinementThreads                  = 8                                         {product} {ergonomic}
   size_t G1HeapRegionSize                         = 1048576                                   {product} {ergonomic}
    uintx GCDrainStackTargetSize                   = 64                                        {product} {ergonomic}
   size_t InitialHeapSize                          = 132120576                                 {product} {ergonomic}
   size_t MarkStackSize                            = 4194304                                   {product} {ergonomic}
   size_t MaxHeapSize                              = 2147483648                                {product} {command line}
   size_t MaxMetaspaceSize                         = 536870912                                 {product} {command line}
   size_t MaxNewSize                               = 1287651328                                {product} {ergonomic}
   size_t MinHeapDeltaBytes                        = 1048576                                   {product} {ergonomic}
   size_t MinHeapSize                              = 8388608                                   {product} {ergonomic}
    uintx NonNMethodCodeHeapSize                   = 5839372                                {pd product} {ergonomic}
    uintx NonProfiledCodeHeapSize                  = 122909434                              {pd product} {ergonomic}
    uintx ProfiledCodeHeapSize                     = 122909434                              {pd product} {ergonomic}
    uintx ReservedCodeCacheSize                    = 251658240                              {pd product} {ergonomic}
     bool SegmentedCodeCache                       = true                                      {product} {ergonomic}
   size_t SoftMaxHeapSize                          = 2147483648                             {manageable} {ergonomic}
     bool UseCompressedClassPointers               = true                           {product lp64_product} {ergonomic}
     bool UseCompressedOops                        = true                           {product lp64_product} {ergonomic}
     bool UseG1GC                                  = true                                      {product} {ergonomic}
     bool UseLargePagesIndividualAllocation        = false                                  {pd product} {ergonomic}

Logging:
Log output configuration:
 #0: stdout all=warning uptime,level,tags
 #1: stderr all=off uptime,level,tags

Environment Variables:
JAVA_HOME=C:\Program Files\Java\jdk-17
PATH=C:\Program Files\Common Files\Oracle\Java\javapath;C:\Program Files\Python312\Scripts\;C:\Program Files\Python312\;C:\Program Files\Amazon Corretto\jdk1.8.0_392\bin;C:\Windows\system32;C:\Windows;C:\Windows\System32\Wbem;C:\Windows\System32\WindowsPowerShell\v1.0\;C:\Windows\System32\OpenSSH\;C:\Program Files (x86)\NVIDIA Corporation\PhysX\Common;C:\Program Files\NVIDIA Corporation\NVIDIA NvDLISR;C:\WINDOWS\system32;C:\WINDOWS;C:\WINDOWS\System32\Wbem;C:\WINDOWS\System32\WindowsPowerShell\v1.0\;C:\WINDOWS\System32\OpenSSH\;C:\Program Files\Git\cmd;C:\Program Files\MySQL\MySQL Server 8.0\bin;C:\Program Files\Java\jdk-20\bin;C:\Program Files\PostgreSQL\15\bin;C:\xampp\php;C:\ProgramData\ComposerSetup\bin;C:\Program Files\dotnet\;C:\Program Files\Java\apache-maven-3.9.5\bin;C:\Program Files\Microsoft SQL Server\150\Tools\Binn\;C:\msys64\ucrt64\bin;C:\Program Files\Docker\Docker\resources\bin;C:\Program Files\Go\bin;C:\Program Files\PuTTY\;D:\flutter_windows_3.24.3-stable\flutter\bin;C:\Program Files\CMake\bin;C:\Users\ACER\AppData\Local\Programs\Python\Python312;C:\Program Files\Graphviz\bin;C:\Program Files\Microsoft SQL Server\Client SDK\ODBC\170\Tools\Binn\;D:\Toyota\vggvox-speaker-identification-master\vggvox-speaker-identification-master\data\wav\ffmpeg-master-latest-win64-gpl-shared\ffmpeg-master-latest-win64-gpl-shared\bin;C:\ProgramData\chocolatey\bin;C:\Program Files (x86)\Yarn\bin\;C:\Users\ACER\AppData\Local\Android\Sdk\platform-tools;C:\Program Files\nodejs\;C:\Users\ACER\AppData\Local\Android\Sdk\tools;C:\Users\ACER\AppData\Roaming\.dotnet;C:\Program Files\MySQL\MySQL Shell 8.0\bin\;C:\Users\ACER\AppData\Local\Microsoft\WindowsApps;C:\Users\ACER\AppData\Local\Programs\Microsoft VS Code\bin;C:\Program Files\JetBrains\IntelliJ IDEA 2023.2.1\bin;;C:\Users\ACER\AppData\Roaming\Composer\vendor\bin;C:\Users\ACER\.dotnet\tools;C:\Program Files\Java\apache-maven-3.9.5\bin;C:\Program Files\JetBrains\DataGrip 2023.2.3\bin;;C:\Program Files\JetBrains\JetBrains Ride
USERNAME=ACER
OS=Windows_NT
PROCESSOR_IDENTIFIER=Intel64 Family 6 Model 140 Stepping 1, GenuineIntel



---------------  S Y S T E M  ---------------

OS:
 Windows 11 , 64 bit Build 22621 (10.0.22621.3958)
OS uptime: 1 days 23:25 hours
Hyper-V role detected

CPU: total 8 (initial active 8) (4 cores per cpu, 2 threads per core) family 6 model 140 stepping 1 microcode 0x86, cx8, cmov, fxsr, ht, mmx, 3dnowpref, sse, sse2, sse3, ssse3, sse4.1, sse4.2, popcnt, lzcnt, tsc, tscinvbit, avx, avx2, aes, erms, clmul, bmi1, bmi2, adx, avx512f, avx512dq, avx512cd, avx512bw, avx512vl, sha, fma, vzeroupper, avx512_vpopcntdq, avx512_vpclmulqdq, avx512_vaes, avx512_vnni, clflush, clflushopt, clwb, avx512_vbmi2, avx512_vbmi, hv

Memory: 4k page, system-wide physical 7987M (108M free)
TotalPageFile size 32563M (AvailPageFile size 0M)
current process WorkingSet (physical memory assigned to process): 195M, peak: 219M
current process commit charge ("private bytes"): 285M, peak: 289M

vm_info: Java HotSpot(TM) 64-Bit Server VM (17.0.10+11-LTS-240) for windows-amd64 JRE (17.0.10+11-LTS-240), built on Dec 19 2023 21:47:25 by "mach5one" with MS VC++ 17.1 (VS2022)

END.
