#
# There is insufficient memory for the Java Runtime Environment to continue.
# Native memory allocation (malloc) failed to allocate 1732656 bytes for Chunk::new
# Possible reasons:
#   The system is out of physical RAM or swap space
#   The process is running with CompressedOops enabled, and the Java Heap may be blocking the growth of the native heap
# Possible solutions:
#   Reduce memory load on the system
#   Increase physical memory or swap space
#   Check if swap backing store is full
#   Decrease Java heap size (-Xmx/-Xms)
#   Decrease number of Java threads
#   Decrease Java thread stack sizes (-Xss)
#   Set larger code cache with -XX:ReservedCodeCacheSize=
#   JVM is running with Unscaled Compressed Oops mode in which the Java heap is
#     placed in the first 4GB address space. The Java Heap base address is the
#     maximum limit for the native heap growth. Please use -XX:HeapBaseMinAddress
#     to set the Java Heap base and to place the Java Heap above 4GB virtual address.
# This output file may be truncated or incomplete.
#
#  Out of Memory Error (arena.cpp:189), pid=17460, tid=18880
#
# JRE version: Java(TM) SE Runtime Environment (17.0.10+11) (build 17.0.10+11-LTS-240)
# Java VM: Java HotSpot(TM) 64-Bit Server VM (17.0.10+11-LTS-240, mixed mode, sharing, tiered, compressed oops, compressed class ptrs, g1 gc, windows-amd64)
# No core dump will be written. Minidumps are not enabled by default on client versions of Windows
#

---------------  S U M M A R Y ------------

Command Line: org.jetbrains.kotlin.cli.jvm.K2JVMCompiler @C:\Users\ACER\Documents\Toyota\car_rental\node_modules\react-native-screens\android\build\20241122_3537503904697208125.compiler.options

Host: 11th Gen Intel(R) Core(TM) i5-11300H @ 3.10GHz, 8 cores, 7G,  Windows 11 , 64 bit Build 22621 (10.0.22621.4391)
Time: Fri Nov 22 16:33:14 2024 SE Asia Standard Time elapsed time: 44.178521 seconds (0d 0h 0m 44s)

---------------  T H R E A D  ---------------

Current thread (0x0000017e7eaa6740):  JavaThread "C2 CompilerThread1" daemon [_thread_in_native, id=18880, stack(0x0000006314e00000,0x0000006314f00000)]


Current CompileTask:
C2:  44178 13993       4       org.jetbrains.kotlin.types.TypeSubstitutionKt::replace$default (41 bytes)

Stack: [0x0000006314e00000,0x0000006314f00000]
Native frames: (J=compiled Java code, j=interpreted, Vv=VM code, C=native code)
V  [jvm.dll+0x677a5a]
V  [jvm.dll+0x7d8b2d]
V  [jvm.dll+0x7da48e]
V  [jvm.dll+0x7daaf3]
V  [jvm.dll+0x2455ff]
V  [jvm.dll+0xaaafb]
V  [jvm.dll+0xab09c]
V  [jvm.dll+0x361b5f]
V  [jvm.dll+0x32c211]
V  [jvm.dll+0x32b6aa]
V  [jvm.dll+0x21794f]
V  [jvm.dll+0x216d81]
V  [jvm.dll+0x1a3410]
V  [jvm.dll+0x226aeb]
V  [jvm.dll+0x224cab]
V  [jvm.dll+0x78e45c]
V  [jvm.dll+0x78888a]
V  [jvm.dll+0x676935]
C  [ucrtbase.dll+0x29333]
C  [KERNEL32.DLL+0x1259d]
C  [ntdll.dll+0x5af38]


---------------  P R O C E S S  ---------------

Threads class SMR info:
_java_thread_list=0x0000017e005e85b0, length=14, elements={
0x0000017e16f2b400, 0x0000017e36efa780, 0x0000017e36efb340, 0x0000017e36f11d00,
0x0000017e36f153e0, 0x0000017e36f17db0, 0x0000017e36f18770, 0x0000017e36f19d20,
0x0000017e36f1af70, 0x0000017e36f4e860, 0x0000017e7c1d7280, 0x0000017e7c1daf70,
0x0000017e7eaa6740, 0x0000017e7cba88b0
}

Java Threads: ( => current thread )
  0x0000017e16f2b400 JavaThread "main" [_thread_in_Java, id=25232, stack(0x0000006313200000,0x0000006313300000)]
  0x0000017e36efa780 JavaThread "Reference Handler" daemon [_thread_blocked, id=20800, stack(0x0000006313900000,0x0000006313a00000)]
  0x0000017e36efb340 JavaThread "Finalizer" daemon [_thread_blocked, id=23824, stack(0x0000006313a00000,0x0000006313b00000)]
  0x0000017e36f11d00 JavaThread "Signal Dispatcher" daemon [_thread_blocked, id=23480, stack(0x0000006313b00000,0x0000006313c00000)]
  0x0000017e36f153e0 JavaThread "Attach Listener" daemon [_thread_blocked, id=13968, stack(0x0000006313c00000,0x0000006313d00000)]
  0x0000017e36f17db0 JavaThread "Service Thread" daemon [_thread_blocked, id=29092, stack(0x0000006313d00000,0x0000006313e00000)]
  0x0000017e36f18770 JavaThread "Monitor Deflation Thread" daemon [_thread_blocked, id=25296, stack(0x0000006313e00000,0x0000006313f00000)]
  0x0000017e36f19d20 JavaThread "C2 CompilerThread0" daemon [_thread_blocked, id=24064, stack(0x0000006313f00000,0x0000006314000000)]
  0x0000017e36f1af70 JavaThread "C1 CompilerThread0" daemon [_thread_blocked, id=22472, stack(0x0000006314000000,0x0000006314100000)]
  0x0000017e36f4e860 JavaThread "Sweeper thread" daemon [_thread_blocked, id=19084, stack(0x0000006314100000,0x0000006314200000)]
  0x0000017e7c1d7280 JavaThread "Notification Thread" daemon [_thread_blocked, id=24048, stack(0x0000006314200000,0x0000006314300000)]
  0x0000017e7c1daf70 JavaThread "Common-Cleaner" daemon [_thread_blocked, id=1548, stack(0x0000006314400000,0x0000006314500000)]
=>0x0000017e7eaa6740 JavaThread "C2 CompilerThread1" daemon [_thread_in_native, id=18880, stack(0x0000006314e00000,0x0000006314f00000)]
  0x0000017e7cba88b0 JavaThread "C2 CompilerThread2" daemon [_thread_in_native, id=14200, stack(0x0000006314f00000,0x0000006315000000)]

Other Threads:
  0x0000017e36ef6540 VMThread "VM Thread" [stack: 0x0000006313800000,0x0000006313900000] [id=28444]
  0x0000017e7c1d7f00 WatcherThread [stack: 0x0000006314300000,0x0000006314400000] [id=8224]
  0x0000017e16f83100 GCTaskThread "GC Thread#0" [stack: 0x0000006313300000,0x0000006313400000] [id=7164]
  0x0000017e7c675a50 GCTaskThread "GC Thread#1" [stack: 0x0000006314500000,0x0000006314600000] [id=12112]
  0x0000017e7c675d10 GCTaskThread "GC Thread#2" [stack: 0x0000006314600000,0x0000006314700000] [id=18148]
  0x0000017e7c6f9850 GCTaskThread "GC Thread#3" [stack: 0x0000006314700000,0x0000006314800000] [id=24840]
  0x0000017e7c716c60 GCTaskThread "GC Thread#4" [stack: 0x0000006314800000,0x0000006314900000] [id=9316]
  0x0000017e7c716f20 GCTaskThread "GC Thread#5" [stack: 0x0000006314900000,0x0000006314a00000] [id=2196]
  0x0000017e7c977f50 GCTaskThread "GC Thread#6" [stack: 0x0000006314a00000,0x0000006314b00000] [id=13020]
  0x0000017e7cdc6830 GCTaskThread "GC Thread#7" [stack: 0x0000006314b00000,0x0000006314c00000] [id=14824]
  0x0000017e16f93a10 ConcurrentGCThread "G1 Main Marker" [stack: 0x0000006313400000,0x0000006313500000] [id=21648]
  0x0000017e16f95430 ConcurrentGCThread "G1 Conc#0" [stack: 0x0000006313500000,0x0000006313600000] [id=30532]
  0x0000017e7d2a3a60 ConcurrentGCThread "G1 Conc#1" [stack: 0x0000006314c00000,0x0000006314d00000] [id=9568]
  0x0000017e36db20c0 ConcurrentGCThread "G1 Refine#0" [stack: 0x0000006313600000,0x0000006313700000] [id=13424]
  0x0000017e7e656840 ConcurrentGCThread "G1 Refine#1" [stack: 0x0000006314d00000,0x0000006314e00000] [id=15548]
  0x0000017e36db3b00 ConcurrentGCThread "G1 Service" [stack: 0x0000006313700000,0x0000006313800000] [id=14888]

Threads with active compile tasks:
C2 CompilerThread1    44218 13993       4       org.jetbrains.kotlin.types.TypeSubstitutionKt::replace$default (41 bytes)
C2 CompilerThread2    44218 13937       4       org.jetbrains.kotlin.types.TypeSubstitutor::substituteCompoundType (146 bytes)

VM state: not at safepoint (normal execution)

VM Mutex/Monitor currently owned by a thread: None

Heap address: 0x0000000083200000, size: 1998 MB, Compressed Oops mode: 32-bit

CDS archive(s) mapped at: [0x0000017e37000000-0x0000017e37bd0000-0x0000017e37bd0000), size 12386304, SharedBaseAddress: 0x0000017e37000000, ArchiveRelocationMode: 1.
Compressed class space mapped at: 0x0000017e38000000-0x0000017e78000000, reserved size: 1073741824
Narrow klass base: 0x0000017e37000000, Narrow klass shift: 0, Narrow klass range: 0x100000000

GC Precious Log:
 CPUs: 8 total, 8 available
 Memory: 7987M
 Large Page Support: Disabled
 NUMA Support: Disabled
 Compressed Oops: Enabled (32-bit)
 Heap Region Size: 1M
 Heap Min Capacity: 8M
 Heap Initial Capacity: 126M
 Heap Max Capacity: 1998M
 Pre-touch: Disabled
 Parallel Workers: 8
 Concurrent Workers: 2
 Concurrent Refinement Workers: 8
 Periodic GC: Disabled

Heap:
 garbage-first heap   total 334848K, used 196371K [0x0000000083200000, 0x0000000100000000)
  region size 1024K, 116 young (118784K), 4 survivors (4096K)
 Metaspace       used 56166K, committed 56448K, reserved 1114112K
  class space    used 6296K, committed 6464K, reserved 1048576K

Heap Regions: E=young(eden), S=young(survivor), O=old, HS=humongous(starts), HC=humongous(continues), CS=collection set, F=free, OA=open archive, CA=closed archive, TAMS=top-at-mark-start (previous, next)
|   0|0x0000000083200000, 0x0000000083300000, 0x0000000083300000|100%|HS|  |TAMS 0x0000000083300000, 0x0000000083200000| Complete 
|   1|0x0000000083300000, 0x0000000083400000, 0x0000000083400000|100%|HC|  |TAMS 0x0000000083400000, 0x0000000083300000| Complete 
|   2|0x0000000083400000, 0x0000000083500000, 0x0000000083500000|100%|HC|  |TAMS 0x0000000083500000, 0x0000000083400000| Complete 
|   3|0x0000000083500000, 0x0000000083600000, 0x0000000083600000|100%|HC|  |TAMS 0x0000000083600000, 0x0000000083500000| Complete 
|   4|0x0000000083600000, 0x0000000083700000, 0x0000000083700000|100%| O|  |TAMS 0x0000000083700000, 0x0000000083600000| Untracked 
|   5|0x0000000083700000, 0x0000000083800000, 0x0000000083800000|100%| O|  |TAMS 0x0000000083800000, 0x0000000083700000| Untracked 
|   6|0x0000000083800000, 0x0000000083900000, 0x0000000083900000|100%| O|  |TAMS 0x0000000083900000, 0x0000000083800000| Untracked 
|   7|0x0000000083900000, 0x0000000083a00000, 0x0000000083a00000|100%| O|  |TAMS 0x0000000083a00000, 0x0000000083900000| Untracked 
|   8|0x0000000083a00000, 0x0000000083b00000, 0x0000000083b00000|100%| O|  |TAMS 0x0000000083b00000, 0x0000000083a00000| Untracked 
|   9|0x0000000083b00000, 0x0000000083c00000, 0x0000000083c00000|100%| O|  |TAMS 0x0000000083c00000, 0x0000000083b00000| Untracked 
|  10|0x0000000083c00000, 0x0000000083d00000, 0x0000000083d00000|100%| O|  |TAMS 0x0000000083d00000, 0x0000000083c00000| Untracked 
|  11|0x0000000083d00000, 0x0000000083e00000, 0x0000000083e00000|100%| O|  |TAMS 0x0000000083e00000, 0x0000000083d00000| Untracked 
|  12|0x0000000083e00000, 0x0000000083f00000, 0x0000000083f00000|100%| O|  |TAMS 0x0000000083f00000, 0x0000000083e00000| Untracked 
|  13|0x0000000083f00000, 0x0000000084000000, 0x0000000084000000|100%| O|  |TAMS 0x0000000084000000, 0x0000000083f00000| Untracked 
|  14|0x0000000084000000, 0x0000000084100000, 0x0000000084100000|100%| O|  |TAMS 0x0000000084100000, 0x0000000084000000| Untracked 
|  15|0x0000000084100000, 0x0000000084200000, 0x0000000084200000|100%| O|  |TAMS 0x0000000084200000, 0x0000000084100000| Untracked 
|  16|0x0000000084200000, 0x0000000084300000, 0x0000000084300000|100%| O|  |TAMS 0x0000000084300000, 0x0000000084200000| Untracked 
|  17|0x0000000084300000, 0x0000000084400000, 0x0000000084400000|100%| O|  |TAMS 0x0000000084400000, 0x0000000084300000| Untracked 
|  18|0x0000000084400000, 0x0000000084500000, 0x0000000084500000|100%| O|  |TAMS 0x0000000084500000, 0x0000000084400000| Untracked 
|  19|0x0000000084500000, 0x0000000084600000, 0x0000000084600000|100%|HS|  |TAMS 0x0000000084600000, 0x0000000084500000| Complete 
|  20|0x0000000084600000, 0x0000000084700000, 0x0000000084700000|100%|HC|  |TAMS 0x0000000084700000, 0x0000000084600000| Complete 
|  21|0x0000000084700000, 0x0000000084800000, 0x0000000084800000|100%| O|  |TAMS 0x0000000084800000, 0x0000000084700000| Untracked 
|  22|0x0000000084800000, 0x0000000084900000, 0x0000000084900000|100%| O|  |TAMS 0x0000000084900000, 0x0000000084800000| Untracked 
|  23|0x0000000084900000, 0x0000000084a00000, 0x0000000084a00000|100%| O|  |TAMS 0x0000000084a00000, 0x0000000084900000| Untracked 
|  24|0x0000000084a00000, 0x0000000084b00000, 0x0000000084b00000|100%| O|  |TAMS 0x0000000084b00000, 0x0000000084a00000| Untracked 
|  25|0x0000000084b00000, 0x0000000084c00000, 0x0000000084c00000|100%| O|  |TAMS 0x0000000084c00000, 0x0000000084b00000| Untracked 
|  26|0x0000000084c00000, 0x0000000084d00000, 0x0000000084d00000|100%| O|  |TAMS 0x0000000084d00000, 0x0000000084c00000| Untracked 
|  27|0x0000000084d00000, 0x0000000084e00000, 0x0000000084e00000|100%| O|  |TAMS 0x0000000084e00000, 0x0000000084d00000| Untracked 
|  28|0x0000000084e00000, 0x0000000084f00000, 0x0000000084f00000|100%| O|  |TAMS 0x0000000084f00000, 0x0000000084e00000| Untracked 
|  29|0x0000000084f00000, 0x0000000085000000, 0x0000000085000000|100%| O|  |TAMS 0x0000000084f00000, 0x0000000084f00000| Untracked 
|  30|0x0000000085000000, 0x0000000085100000, 0x0000000085100000|100%| O|  |TAMS 0x0000000085100000, 0x0000000085000000| Untracked 
|  31|0x0000000085100000, 0x0000000085200000, 0x0000000085200000|100%| O|  |TAMS 0x0000000085200000, 0x0000000085100000| Untracked 
|  32|0x0000000085200000, 0x0000000085300000, 0x0000000085300000|100%| O|  |TAMS 0x0000000085300000, 0x0000000085200000| Untracked 
|  33|0x0000000085300000, 0x0000000085400000, 0x0000000085400000|100%| O|  |TAMS 0x0000000085400000, 0x0000000085300000| Untracked 
|  34|0x0000000085400000, 0x0000000085500000, 0x0000000085500000|100%| O|  |TAMS 0x0000000085500000, 0x0000000085400000| Untracked 
|  35|0x0000000085500000, 0x0000000085600000, 0x0000000085600000|100%| O|  |TAMS 0x0000000085600000, 0x0000000085500000| Untracked 
|  36|0x0000000085600000, 0x0000000085700000, 0x0000000085700000|100%| O|  |TAMS 0x0000000085700000, 0x0000000085600000| Untracked 
|  37|0x0000000085700000, 0x0000000085800000, 0x0000000085800000|100%| O|  |TAMS 0x0000000085800000, 0x0000000085700000| Untracked 
|  38|0x0000000085800000, 0x0000000085900000, 0x0000000085900000|100%| O|  |TAMS 0x0000000085900000, 0x0000000085800000| Untracked 
|  39|0x0000000085900000, 0x0000000085a00000, 0x0000000085a00000|100%| O|  |TAMS 0x0000000085a00000, 0x0000000085900000| Untracked 
|  40|0x0000000085a00000, 0x0000000085b00000, 0x0000000085b00000|100%| O|  |TAMS 0x0000000085b00000, 0x0000000085a00000| Untracked 
|  41|0x0000000085b00000, 0x0000000085c00000, 0x0000000085c00000|100%| O|  |TAMS 0x0000000085c00000, 0x0000000085b00000| Untracked 
|  42|0x0000000085c00000, 0x0000000085d00000, 0x0000000085d00000|100%| O|  |TAMS 0x0000000085d00000, 0x0000000085c00000| Untracked 
|  43|0x0000000085d00000, 0x0000000085e00000, 0x0000000085e00000|100%| O|  |TAMS 0x0000000085e00000, 0x0000000085d00000| Untracked 
|  44|0x0000000085e00000, 0x0000000085f00000, 0x0000000085f00000|100%| O|  |TAMS 0x0000000085f00000, 0x0000000085e00000| Untracked 
|  45|0x0000000085f00000, 0x0000000086000000, 0x0000000086000000|100%| O|  |TAMS 0x0000000086000000, 0x0000000085f00000| Untracked 
|  46|0x0000000086000000, 0x0000000086100000, 0x0000000086100000|100%| O|  |TAMS 0x0000000086100000, 0x0000000086000000| Untracked 
|  47|0x0000000086100000, 0x0000000086200000, 0x0000000086200000|100%| O|  |TAMS 0x0000000086200000, 0x0000000086100000| Untracked 
|  48|0x0000000086200000, 0x0000000086300000, 0x0000000086300000|100%| O|  |TAMS 0x0000000086300000, 0x0000000086200000| Untracked 
|  49|0x0000000086300000, 0x0000000086300000, 0x0000000086400000|  0%| F|  |TAMS 0x0000000086300000, 0x0000000086300000| Untracked 
|  50|0x0000000086400000, 0x0000000086500000, 0x0000000086500000|100%| O|  |TAMS 0x0000000086500000, 0x0000000086400000| Untracked 
|  51|0x0000000086500000, 0x0000000086600000, 0x0000000086600000|100%| O|  |TAMS 0x0000000086600000, 0x0000000086500000| Untracked 
|  52|0x0000000086600000, 0x0000000086700000, 0x0000000086700000|100%| O|  |TAMS 0x0000000086700000, 0x0000000086600000| Untracked 
|  53|0x0000000086700000, 0x0000000086800000, 0x0000000086800000|100%| O|  |TAMS 0x0000000086800000, 0x0000000086700000| Untracked 
|  54|0x0000000086800000, 0x0000000086900000, 0x0000000086900000|100%| O|  |TAMS 0x0000000086900000, 0x0000000086800000| Untracked 
|  55|0x0000000086900000, 0x0000000086a00000, 0x0000000086a00000|100%| O|  |TAMS 0x0000000086a00000, 0x0000000086900000| Untracked 
|  56|0x0000000086a00000, 0x0000000086b00000, 0x0000000086b00000|100%| O|  |TAMS 0x0000000086b00000, 0x0000000086a00000| Untracked 
|  57|0x0000000086b00000, 0x0000000086c00000, 0x0000000086c00000|100%| O|  |TAMS 0x0000000086c00000, 0x0000000086b00000| Untracked 
|  58|0x0000000086c00000, 0x0000000086d00000, 0x0000000086d00000|100%| O|  |TAMS 0x0000000086d00000, 0x0000000086c00000| Untracked 
|  59|0x0000000086d00000, 0x0000000086e00000, 0x0000000086e00000|100%| O|  |TAMS 0x0000000086e00000, 0x0000000086d00000| Untracked 
|  60|0x0000000086e00000, 0x0000000086f00000, 0x0000000086f00000|100%| O|  |TAMS 0x0000000086f00000, 0x0000000086e00000| Untracked 
|  61|0x0000000086f00000, 0x0000000087000000, 0x0000000087000000|100%| O|  |TAMS 0x0000000087000000, 0x0000000086f00000| Untracked 
|  62|0x0000000087000000, 0x0000000087100000, 0x0000000087100000|100%| O|  |TAMS 0x0000000087100000, 0x0000000087000000| Untracked 
|  63|0x0000000087100000, 0x0000000087200000, 0x0000000087200000|100%| O|  |TAMS 0x0000000087200000, 0x0000000087100000| Untracked 
|  64|0x0000000087200000, 0x0000000087300000, 0x0000000087300000|100%| O|  |TAMS 0x0000000087300000, 0x0000000087200000| Untracked 
|  65|0x0000000087300000, 0x0000000087400000, 0x0000000087400000|100%| O|  |TAMS 0x0000000087400000, 0x0000000087300000| Untracked 
|  66|0x0000000087400000, 0x0000000087500000, 0x0000000087500000|100%| O|  |TAMS 0x0000000087500000, 0x0000000087400000| Untracked 
|  67|0x0000000087500000, 0x0000000087600000, 0x0000000087600000|100%| O|  |TAMS 0x0000000087600000, 0x0000000087500000| Untracked 
|  68|0x0000000087600000, 0x0000000087700000, 0x0000000087700000|100%| O|  |TAMS 0x0000000087700000, 0x0000000087600000| Untracked 
|  69|0x0000000087700000, 0x0000000087800000, 0x0000000087800000|100%| O|  |TAMS 0x0000000087800000, 0x0000000087700000| Untracked 
|  70|0x0000000087800000, 0x0000000087900000, 0x0000000087900000|100%| O|  |TAMS 0x0000000087900000, 0x0000000087800000| Untracked 
|  71|0x0000000087900000, 0x0000000087a00000, 0x0000000087a00000|100%| O|  |TAMS 0x00000000879c7c00, 0x0000000087900000| Untracked 
|  72|0x0000000087a00000, 0x0000000087b00000, 0x0000000087b00000|100%|HS|  |TAMS 0x0000000087b00000, 0x0000000087a00000| Complete 
|  73|0x0000000087b00000, 0x0000000087c00000, 0x0000000087c00000|100%|HC|  |TAMS 0x0000000087c00000, 0x0000000087b00000| Complete 
|  74|0x0000000087c00000, 0x0000000087d00000, 0x0000000087d00000|100%| O|  |TAMS 0x0000000087c00000, 0x0000000087c00000| Untracked 
|  75|0x0000000087d00000, 0x0000000087e00000, 0x0000000087e00000|100%| O|  |TAMS 0x0000000087d00000, 0x0000000087d00000| Untracked 
|  76|0x0000000087e00000, 0x0000000087f00000, 0x0000000087f00000|100%| O|  |TAMS 0x0000000087e00000, 0x0000000087e00000| Untracked 
|  77|0x0000000087f00000, 0x0000000088000000, 0x0000000088000000|100%| O|  |TAMS 0x0000000087f00000, 0x0000000087f00000| Untracked 
|  78|0x0000000088000000, 0x0000000088054c00, 0x0000000088100000| 33%| O|  |TAMS 0x0000000088000000, 0x0000000088000000| Untracked 
|  79|0x0000000088100000, 0x0000000088100000, 0x0000000088200000|  0%| F|  |TAMS 0x0000000088100000, 0x0000000088100000| Untracked 
|  80|0x0000000088200000, 0x0000000088200000, 0x0000000088300000|  0%| F|  |TAMS 0x0000000088200000, 0x0000000088200000| Untracked 
|  81|0x0000000088300000, 0x0000000088300000, 0x0000000088400000|  0%| F|  |TAMS 0x0000000088300000, 0x0000000088300000| Untracked 
|  82|0x0000000088400000, 0x0000000088400000, 0x0000000088500000|  0%| F|  |TAMS 0x0000000088400000, 0x0000000088400000| Untracked 
|  83|0x0000000088500000, 0x0000000088500000, 0x0000000088600000|  0%| F|  |TAMS 0x0000000088500000, 0x0000000088500000| Untracked 
|  84|0x0000000088600000, 0x0000000088600000, 0x0000000088700000|  0%| F|  |TAMS 0x0000000088600000, 0x0000000088600000| Untracked 
|  85|0x0000000088700000, 0x0000000088700000, 0x0000000088800000|  0%| F|  |TAMS 0x0000000088700000, 0x0000000088700000| Untracked 
|  86|0x0000000088800000, 0x0000000088800000, 0x0000000088900000|  0%| F|  |TAMS 0x0000000088800000, 0x0000000088800000| Untracked 
|  87|0x0000000088900000, 0x0000000088900000, 0x0000000088a00000|  0%| F|  |TAMS 0x0000000088900000, 0x0000000088900000| Untracked 
|  88|0x0000000088a00000, 0x0000000088a00000, 0x0000000088b00000|  0%| F|  |TAMS 0x0000000088a00000, 0x0000000088a00000| Untracked 
|  89|0x0000000088b00000, 0x0000000088b00000, 0x0000000088c00000|  0%| F|  |TAMS 0x0000000088b00000, 0x0000000088b00000| Untracked 
|  90|0x0000000088c00000, 0x0000000088c00000, 0x0000000088d00000|  0%| F|  |TAMS 0x0000000088c00000, 0x0000000088c00000| Untracked 
|  91|0x0000000088d00000, 0x0000000088d00000, 0x0000000088e00000|  0%| F|  |TAMS 0x0000000088d00000, 0x0000000088d00000| Untracked 
|  92|0x0000000088e00000, 0x0000000088e00000, 0x0000000088f00000|  0%| F|  |TAMS 0x0000000088e00000, 0x0000000088e00000| Untracked 
|  93|0x0000000088f00000, 0x0000000088f00000, 0x0000000089000000|  0%| F|  |TAMS 0x0000000088f00000, 0x0000000088f00000| Untracked 
|  94|0x0000000089000000, 0x0000000089000000, 0x0000000089100000|  0%| F|  |TAMS 0x0000000089000000, 0x0000000089000000| Untracked 
|  95|0x0000000089100000, 0x0000000089100000, 0x0000000089200000|  0%| F|  |TAMS 0x0000000089100000, 0x0000000089100000| Untracked 
|  96|0x0000000089200000, 0x0000000089200000, 0x0000000089300000|  0%| F|  |TAMS 0x0000000089200000, 0x0000000089200000| Untracked 
|  97|0x0000000089300000, 0x0000000089300000, 0x0000000089400000|  0%| F|  |TAMS 0x0000000089300000, 0x0000000089300000| Untracked 
|  98|0x0000000089400000, 0x00000000894701a0, 0x0000000089500000| 43%| S|CS|TAMS 0x0000000089400000, 0x0000000089400000| Complete 
|  99|0x0000000089500000, 0x0000000089600000, 0x0000000089600000|100%| S|CS|TAMS 0x0000000089500000, 0x0000000089500000| Complete 
| 100|0x0000000089600000, 0x0000000089700000, 0x0000000089700000|100%| S|CS|TAMS 0x0000000089600000, 0x0000000089600000| Complete 
| 101|0x0000000089700000, 0x0000000089800000, 0x0000000089800000|100%| S|CS|TAMS 0x0000000089700000, 0x0000000089700000| Complete 
| 102|0x0000000089800000, 0x0000000089800000, 0x0000000089900000|  0%| F|  |TAMS 0x0000000089800000, 0x0000000089800000| Untracked 
| 103|0x0000000089900000, 0x0000000089900000, 0x0000000089a00000|  0%| F|  |TAMS 0x0000000089900000, 0x0000000089900000| Untracked 
| 104|0x0000000089a00000, 0x0000000089a00000, 0x0000000089b00000|  0%| F|  |TAMS 0x0000000089a00000, 0x0000000089a00000| Untracked 
| 105|0x0000000089b00000, 0x0000000089b00000, 0x0000000089c00000|  0%| F|  |TAMS 0x0000000089b00000, 0x0000000089b00000| Untracked 
| 106|0x0000000089c00000, 0x0000000089c00000, 0x0000000089d00000|  0%| F|  |TAMS 0x0000000089c00000, 0x0000000089c00000| Untracked 
| 107|0x0000000089d00000, 0x0000000089d00000, 0x0000000089e00000|  0%| F|  |TAMS 0x0000000089d00000, 0x0000000089d00000| Untracked 
| 108|0x0000000089e00000, 0x0000000089e00000, 0x0000000089f00000|  0%| F|  |TAMS 0x0000000089e00000, 0x0000000089e00000| Untracked 
| 109|0x0000000089f00000, 0x0000000089f00000, 0x000000008a000000|  0%| F|  |TAMS 0x0000000089f00000, 0x0000000089f00000| Untracked 
| 110|0x000000008a000000, 0x000000008a000000, 0x000000008a100000|  0%| F|  |TAMS 0x000000008a000000, 0x000000008a000000| Untracked 
| 111|0x000000008a100000, 0x000000008a100000, 0x000000008a200000|  0%| F|  |TAMS 0x000000008a100000, 0x000000008a100000| Untracked 
| 112|0x000000008a200000, 0x000000008a200000, 0x000000008a300000|  0%| F|  |TAMS 0x000000008a200000, 0x000000008a200000| Untracked 
| 113|0x000000008a300000, 0x000000008a300000, 0x000000008a400000|  0%| F|  |TAMS 0x000000008a300000, 0x000000008a300000| Untracked 
| 114|0x000000008a400000, 0x000000008a400000, 0x000000008a500000|  0%| F|  |TAMS 0x000000008a400000, 0x000000008a400000| Untracked 
| 115|0x000000008a500000, 0x000000008a500000, 0x000000008a600000|  0%| F|  |TAMS 0x000000008a500000, 0x000000008a500000| Untracked 
| 116|0x000000008a600000, 0x000000008a600000, 0x000000008a700000|  0%| F|  |TAMS 0x000000008a600000, 0x000000008a600000| Untracked 
| 117|0x000000008a700000, 0x000000008a700000, 0x000000008a800000|  0%| F|  |TAMS 0x000000008a700000, 0x000000008a700000| Untracked 
| 118|0x000000008a800000, 0x000000008a800000, 0x000000008a900000|  0%| F|  |TAMS 0x000000008a800000, 0x000000008a800000| Untracked 
| 119|0x000000008a900000, 0x000000008a900000, 0x000000008aa00000|  0%| F|  |TAMS 0x000000008a900000, 0x000000008a900000| Untracked 
| 120|0x000000008aa00000, 0x000000008aa00000, 0x000000008ab00000|  0%| F|  |TAMS 0x000000008aa00000, 0x000000008aa00000| Untracked 
| 121|0x000000008ab00000, 0x000000008ab00000, 0x000000008ac00000|  0%| F|  |TAMS 0x000000008ab00000, 0x000000008ab00000| Untracked 
| 122|0x000000008ac00000, 0x000000008ac00000, 0x000000008ad00000|  0%| F|  |TAMS 0x000000008ac00000, 0x000000008ac00000| Untracked 
| 123|0x000000008ad00000, 0x000000008ad00000, 0x000000008ae00000|  0%| F|  |TAMS 0x000000008ad00000, 0x000000008ad00000| Untracked 
| 124|0x000000008ae00000, 0x000000008ae00000, 0x000000008af00000|  0%| F|  |TAMS 0x000000008ae00000, 0x000000008ae00000| Untracked 
| 125|0x000000008af00000, 0x000000008af00000, 0x000000008b000000|  0%| F|  |TAMS 0x000000008af00000, 0x000000008af00000| Untracked 
| 126|0x000000008b000000, 0x000000008b000000, 0x000000008b100000|  0%| F|  |TAMS 0x000000008b000000, 0x000000008b000000| Untracked 
| 127|0x000000008b100000, 0x000000008b100000, 0x000000008b200000|  0%| F|  |TAMS 0x000000008b100000, 0x000000008b100000| Untracked 
| 128|0x000000008b200000, 0x000000008b200000, 0x000000008b300000|  0%| F|  |TAMS 0x000000008b200000, 0x000000008b200000| Untracked 
| 129|0x000000008b300000, 0x000000008b300000, 0x000000008b400000|  0%| F|  |TAMS 0x000000008b300000, 0x000000008b300000| Untracked 
| 130|0x000000008b400000, 0x000000008b400000, 0x000000008b500000|  0%| F|  |TAMS 0x000000008b400000, 0x000000008b400000| Untracked 
| 131|0x000000008b500000, 0x000000008b500000, 0x000000008b600000|  0%| F|  |TAMS 0x000000008b500000, 0x000000008b500000| Untracked 
| 132|0x000000008b600000, 0x000000008b600000, 0x000000008b700000|  0%| F|  |TAMS 0x000000008b600000, 0x000000008b600000| Untracked 
| 133|0x000000008b700000, 0x000000008b700000, 0x000000008b800000|  0%| F|  |TAMS 0x000000008b700000, 0x000000008b700000| Untracked 
| 134|0x000000008b800000, 0x000000008b800000, 0x000000008b900000|  0%| F|  |TAMS 0x000000008b800000, 0x000000008b800000| Untracked 
| 135|0x000000008b900000, 0x000000008b900000, 0x000000008ba00000|  0%| F|  |TAMS 0x000000008b900000, 0x000000008b900000| Untracked 
| 136|0x000000008ba00000, 0x000000008ba00000, 0x000000008bb00000|  0%| F|  |TAMS 0x000000008ba00000, 0x000000008ba00000| Untracked 
| 137|0x000000008bb00000, 0x000000008bb00000, 0x000000008bc00000|  0%| F|  |TAMS 0x000000008bb00000, 0x000000008bb00000| Untracked 
| 138|0x000000008bc00000, 0x000000008bc00000, 0x000000008bd00000|  0%| F|  |TAMS 0x000000008bc00000, 0x000000008bc00000| Untracked 
| 139|0x000000008bd00000, 0x000000008bd00000, 0x000000008be00000|  0%| F|  |TAMS 0x000000008bd00000, 0x000000008bd00000| Untracked 
| 140|0x000000008be00000, 0x000000008be00000, 0x000000008bf00000|  0%| F|  |TAMS 0x000000008be00000, 0x000000008be00000| Untracked 
| 141|0x000000008bf00000, 0x000000008bf00000, 0x000000008c000000|  0%| F|  |TAMS 0x000000008bf00000, 0x000000008bf00000| Untracked 
| 142|0x000000008c000000, 0x000000008c000000, 0x000000008c100000|  0%| F|  |TAMS 0x000000008c000000, 0x000000008c000000| Untracked 
| 143|0x000000008c100000, 0x000000008c100000, 0x000000008c200000|  0%| F|  |TAMS 0x000000008c100000, 0x000000008c100000| Untracked 
| 144|0x000000008c200000, 0x000000008c200000, 0x000000008c300000|  0%| F|  |TAMS 0x000000008c200000, 0x000000008c200000| Untracked 
| 145|0x000000008c300000, 0x000000008c300000, 0x000000008c400000|  0%| F|  |TAMS 0x000000008c300000, 0x000000008c300000| Untracked 
| 146|0x000000008c400000, 0x000000008c400000, 0x000000008c500000|  0%| F|  |TAMS 0x000000008c400000, 0x000000008c400000| Untracked 
| 147|0x000000008c500000, 0x000000008c500000, 0x000000008c600000|  0%| F|  |TAMS 0x000000008c500000, 0x000000008c500000| Untracked 
| 148|0x000000008c600000, 0x000000008c600000, 0x000000008c700000|  0%| F|  |TAMS 0x000000008c600000, 0x000000008c600000| Untracked 
| 149|0x000000008c700000, 0x000000008c700000, 0x000000008c800000|  0%| F|  |TAMS 0x000000008c700000, 0x000000008c700000| Untracked 
| 150|0x000000008c800000, 0x000000008c800000, 0x000000008c900000|  0%| F|  |TAMS 0x000000008c800000, 0x000000008c800000| Untracked 
| 151|0x000000008c900000, 0x000000008c900000, 0x000000008ca00000|  0%| F|  |TAMS 0x000000008c900000, 0x000000008c900000| Untracked 
| 152|0x000000008ca00000, 0x000000008ca00000, 0x000000008cb00000|  0%| F|  |TAMS 0x000000008ca00000, 0x000000008ca00000| Untracked 
| 153|0x000000008cb00000, 0x000000008cb00000, 0x000000008cc00000|  0%| F|  |TAMS 0x000000008cb00000, 0x000000008cb00000| Untracked 
| 154|0x000000008cc00000, 0x000000008cc00000, 0x000000008cd00000|  0%| F|  |TAMS 0x000000008cc00000, 0x000000008cc00000| Untracked 
| 155|0x000000008cd00000, 0x000000008cd00000, 0x000000008ce00000|  0%| F|  |TAMS 0x000000008cd00000, 0x000000008cd00000| Untracked 
| 156|0x000000008ce00000, 0x000000008ce00000, 0x000000008cf00000|  0%| F|  |TAMS 0x000000008ce00000, 0x000000008ce00000| Untracked 
| 157|0x000000008cf00000, 0x000000008cf00000, 0x000000008d000000|  0%| F|  |TAMS 0x000000008cf00000, 0x000000008cf00000| Untracked 
| 158|0x000000008d000000, 0x000000008d000000, 0x000000008d100000|  0%| F|  |TAMS 0x000000008d000000, 0x000000008d000000| Untracked 
| 159|0x000000008d100000, 0x000000008d100000, 0x000000008d200000|  0%| F|  |TAMS 0x000000008d100000, 0x000000008d100000| Untracked 
| 160|0x000000008d200000, 0x000000008d200000, 0x000000008d300000|  0%| F|  |TAMS 0x000000008d200000, 0x000000008d200000| Untracked 
| 161|0x000000008d300000, 0x000000008d300000, 0x000000008d400000|  0%| F|  |TAMS 0x000000008d300000, 0x000000008d300000| Untracked 
| 162|0x000000008d400000, 0x000000008d400000, 0x000000008d500000|  0%| F|  |TAMS 0x000000008d400000, 0x000000008d400000| Untracked 
| 163|0x000000008d500000, 0x000000008d500000, 0x000000008d600000|  0%| F|  |TAMS 0x000000008d500000, 0x000000008d500000| Untracked 
| 164|0x000000008d600000, 0x000000008d600000, 0x000000008d700000|  0%| F|  |TAMS 0x000000008d600000, 0x000000008d600000| Untracked 
| 165|0x000000008d700000, 0x000000008d700000, 0x000000008d800000|  0%| F|  |TAMS 0x000000008d700000, 0x000000008d700000| Untracked 
| 166|0x000000008d800000, 0x000000008d800000, 0x000000008d900000|  0%| F|  |TAMS 0x000000008d800000, 0x000000008d800000| Untracked 
| 167|0x000000008d900000, 0x000000008d900000, 0x000000008da00000|  0%| F|  |TAMS 0x000000008d900000, 0x000000008d900000| Untracked 
| 168|0x000000008da00000, 0x000000008da00000, 0x000000008db00000|  0%| F|  |TAMS 0x000000008da00000, 0x000000008da00000| Untracked 
| 169|0x000000008db00000, 0x000000008db00000, 0x000000008dc00000|  0%| F|  |TAMS 0x000000008db00000, 0x000000008db00000| Untracked 
| 170|0x000000008dc00000, 0x000000008dc00000, 0x000000008dd00000|  0%| F|  |TAMS 0x000000008dc00000, 0x000000008dc00000| Untracked 
| 171|0x000000008dd00000, 0x000000008dd00000, 0x000000008de00000|  0%| F|  |TAMS 0x000000008dd00000, 0x000000008dd00000| Untracked 
| 172|0x000000008de00000, 0x000000008de00000, 0x000000008df00000|  0%| F|  |TAMS 0x000000008de00000, 0x000000008de00000| Untracked 
| 173|0x000000008df00000, 0x000000008df00000, 0x000000008e000000|  0%| F|  |TAMS 0x000000008df00000, 0x000000008df00000| Untracked 
| 174|0x000000008e000000, 0x000000008e000000, 0x000000008e100000|  0%| F|  |TAMS 0x000000008e000000, 0x000000008e000000| Untracked 
| 175|0x000000008e100000, 0x000000008e100000, 0x000000008e200000|  0%| F|  |TAMS 0x000000008e100000, 0x000000008e100000| Untracked 
| 176|0x000000008e200000, 0x000000008e200000, 0x000000008e300000|  0%| F|  |TAMS 0x000000008e200000, 0x000000008e200000| Untracked 
| 177|0x000000008e300000, 0x000000008e300000, 0x000000008e400000|  0%| F|  |TAMS 0x000000008e300000, 0x000000008e300000| Untracked 
| 178|0x000000008e400000, 0x000000008e400000, 0x000000008e500000|  0%| F|  |TAMS 0x000000008e400000, 0x000000008e400000| Untracked 
| 179|0x000000008e500000, 0x000000008e500000, 0x000000008e600000|  0%| F|  |TAMS 0x000000008e500000, 0x000000008e500000| Untracked 
| 180|0x000000008e600000, 0x000000008e600000, 0x000000008e700000|  0%| F|  |TAMS 0x000000008e600000, 0x000000008e600000| Untracked 
| 181|0x000000008e700000, 0x000000008e700000, 0x000000008e800000|  0%| F|  |TAMS 0x000000008e700000, 0x000000008e700000| Untracked 
| 182|0x000000008e800000, 0x000000008e800000, 0x000000008e900000|  0%| F|  |TAMS 0x000000008e800000, 0x000000008e800000| Untracked 
| 183|0x000000008e900000, 0x000000008e900000, 0x000000008ea00000|  0%| F|  |TAMS 0x000000008e900000, 0x000000008e900000| Untracked 
| 184|0x000000008ea00000, 0x000000008ea00000, 0x000000008eb00000|  0%| F|  |TAMS 0x000000008ea00000, 0x000000008ea00000| Untracked 
| 185|0x000000008eb00000, 0x000000008eb00000, 0x000000008ec00000|  0%| F|  |TAMS 0x000000008eb00000, 0x000000008eb00000| Untracked 
| 186|0x000000008ec00000, 0x000000008ec00000, 0x000000008ed00000|  0%| F|  |TAMS 0x000000008ec00000, 0x000000008ec00000| Untracked 
| 187|0x000000008ed00000, 0x000000008ed00000, 0x000000008ee00000|  0%| F|  |TAMS 0x000000008ed00000, 0x000000008ed00000| Untracked 
| 188|0x000000008ee00000, 0x000000008ee00000, 0x000000008ef00000|  0%| F|  |TAMS 0x000000008ee00000, 0x000000008ee00000| Untracked 
| 189|0x000000008ef00000, 0x000000008ef00000, 0x000000008f000000|  0%| F|  |TAMS 0x000000008ef00000, 0x000000008ef00000| Untracked 
| 190|0x000000008f000000, 0x000000008f000000, 0x000000008f100000|  0%| F|  |TAMS 0x000000008f000000, 0x000000008f000000| Untracked 
| 191|0x000000008f100000, 0x000000008f100000, 0x000000008f200000|  0%| F|  |TAMS 0x000000008f100000, 0x000000008f100000| Untracked 
| 192|0x000000008f200000, 0x000000008f200000, 0x000000008f300000|  0%| F|  |TAMS 0x000000008f200000, 0x000000008f200000| Untracked 
| 193|0x000000008f300000, 0x000000008f300000, 0x000000008f400000|  0%| F|  |TAMS 0x000000008f300000, 0x000000008f300000| Untracked 
| 194|0x000000008f400000, 0x000000008f400000, 0x000000008f500000|  0%| F|  |TAMS 0x000000008f400000, 0x000000008f400000| Untracked 
| 195|0x000000008f500000, 0x000000008f500000, 0x000000008f600000|  0%| F|  |TAMS 0x000000008f500000, 0x000000008f500000| Untracked 
| 196|0x000000008f600000, 0x000000008f600000, 0x000000008f700000|  0%| F|  |TAMS 0x000000008f600000, 0x000000008f600000| Untracked 
| 197|0x000000008f700000, 0x000000008f700000, 0x000000008f800000|  0%| F|  |TAMS 0x000000008f700000, 0x000000008f700000| Untracked 
| 198|0x000000008f800000, 0x000000008f800000, 0x000000008f900000|  0%| F|  |TAMS 0x000000008f800000, 0x000000008f800000| Untracked 
| 199|0x000000008f900000, 0x000000008f900000, 0x000000008fa00000|  0%| F|  |TAMS 0x000000008f900000, 0x000000008f900000| Untracked 
| 200|0x000000008fa00000, 0x000000008fa00000, 0x000000008fb00000|  0%| F|  |TAMS 0x000000008fa00000, 0x000000008fa00000| Untracked 
| 201|0x000000008fb00000, 0x000000008fb00000, 0x000000008fc00000|  0%| F|  |TAMS 0x000000008fb00000, 0x000000008fb00000| Untracked 
| 202|0x000000008fc00000, 0x000000008fc00000, 0x000000008fd00000|  0%| F|  |TAMS 0x000000008fc00000, 0x000000008fc00000| Untracked 
| 203|0x000000008fd00000, 0x000000008fd00000, 0x000000008fe00000|  0%| F|  |TAMS 0x000000008fd00000, 0x000000008fd00000| Untracked 
| 204|0x000000008fe00000, 0x000000008fe00000, 0x000000008ff00000|  0%| F|  |TAMS 0x000000008fe00000, 0x000000008fe00000| Untracked 
| 205|0x000000008ff00000, 0x000000008ff00000, 0x0000000090000000|  0%| F|  |TAMS 0x000000008ff00000, 0x000000008ff00000| Untracked 
| 206|0x0000000090000000, 0x0000000090000000, 0x0000000090100000|  0%| F|  |TAMS 0x0000000090000000, 0x0000000090000000| Untracked 
| 207|0x0000000090100000, 0x0000000090100000, 0x0000000090200000|  0%| F|  |TAMS 0x0000000090100000, 0x0000000090100000| Untracked 
| 208|0x0000000090200000, 0x0000000090200000, 0x0000000090300000|  0%| F|  |TAMS 0x0000000090200000, 0x0000000090200000| Untracked 
| 209|0x0000000090300000, 0x0000000090300000, 0x0000000090400000|  0%| F|  |TAMS 0x0000000090300000, 0x0000000090300000| Untracked 
| 210|0x0000000090400000, 0x0000000090400000, 0x0000000090500000|  0%| F|  |TAMS 0x0000000090400000, 0x0000000090400000| Untracked 
| 211|0x0000000090500000, 0x0000000090500000, 0x0000000090600000|  0%| F|  |TAMS 0x0000000090500000, 0x0000000090500000| Untracked 
| 212|0x0000000090600000, 0x0000000090600000, 0x0000000090700000|  0%| F|  |TAMS 0x0000000090600000, 0x0000000090600000| Untracked 
| 213|0x0000000090700000, 0x0000000090700000, 0x0000000090800000|  0%| F|  |TAMS 0x0000000090700000, 0x0000000090700000| Untracked 
| 214|0x0000000090800000, 0x0000000090800000, 0x0000000090900000|  0%| F|  |TAMS 0x0000000090800000, 0x0000000090800000| Untracked 
| 215|0x0000000090900000, 0x0000000090980800, 0x0000000090a00000| 50%| E|  |TAMS 0x0000000090900000, 0x0000000090900000| Complete 
| 216|0x0000000090a00000, 0x0000000090b00000, 0x0000000090b00000|100%| E|CS|TAMS 0x0000000090a00000, 0x0000000090a00000| Complete 
| 217|0x0000000090b00000, 0x0000000090c00000, 0x0000000090c00000|100%| E|CS|TAMS 0x0000000090b00000, 0x0000000090b00000| Complete 
| 218|0x0000000090c00000, 0x0000000090d00000, 0x0000000090d00000|100%| E|CS|TAMS 0x0000000090c00000, 0x0000000090c00000| Complete 
| 219|0x0000000090d00000, 0x0000000090e00000, 0x0000000090e00000|100%| E|CS|TAMS 0x0000000090d00000, 0x0000000090d00000| Complete 
| 220|0x0000000090e00000, 0x0000000090f00000, 0x0000000090f00000|100%| E|CS|TAMS 0x0000000090e00000, 0x0000000090e00000| Complete 
| 221|0x0000000090f00000, 0x0000000091000000, 0x0000000091000000|100%| E|CS|TAMS 0x0000000090f00000, 0x0000000090f00000| Complete 
| 222|0x0000000091000000, 0x0000000091100000, 0x0000000091100000|100%| E|CS|TAMS 0x0000000091000000, 0x0000000091000000| Complete 
| 223|0x0000000091100000, 0x0000000091200000, 0x0000000091200000|100%| E|CS|TAMS 0x0000000091100000, 0x0000000091100000| Complete 
| 224|0x0000000091200000, 0x0000000091300000, 0x0000000091300000|100%| E|CS|TAMS 0x0000000091200000, 0x0000000091200000| Complete 
| 225|0x0000000091300000, 0x0000000091400000, 0x0000000091400000|100%| E|CS|TAMS 0x0000000091300000, 0x0000000091300000| Complete 
| 226|0x0000000091400000, 0x0000000091500000, 0x0000000091500000|100%| E|CS|TAMS 0x0000000091400000, 0x0000000091400000| Complete 
| 227|0x0000000091500000, 0x0000000091600000, 0x0000000091600000|100%| E|CS|TAMS 0x0000000091500000, 0x0000000091500000| Complete 
| 228|0x0000000091600000, 0x0000000091700000, 0x0000000091700000|100%| E|CS|TAMS 0x0000000091600000, 0x0000000091600000| Complete 
| 229|0x0000000091700000, 0x0000000091800000, 0x0000000091800000|100%| E|CS|TAMS 0x0000000091700000, 0x0000000091700000| Complete 
| 230|0x0000000091800000, 0x0000000091900000, 0x0000000091900000|100%| E|CS|TAMS 0x0000000091800000, 0x0000000091800000| Complete 
| 231|0x0000000091900000, 0x0000000091a00000, 0x0000000091a00000|100%| E|CS|TAMS 0x0000000091900000, 0x0000000091900000| Complete 
| 232|0x0000000091a00000, 0x0000000091b00000, 0x0000000091b00000|100%| E|CS|TAMS 0x0000000091a00000, 0x0000000091a00000| Complete 
| 233|0x0000000091b00000, 0x0000000091c00000, 0x0000000091c00000|100%| E|CS|TAMS 0x0000000091b00000, 0x0000000091b00000| Complete 
| 234|0x0000000091c00000, 0x0000000091d00000, 0x0000000091d00000|100%| E|CS|TAMS 0x0000000091c00000, 0x0000000091c00000| Complete 
| 235|0x0000000091d00000, 0x0000000091e00000, 0x0000000091e00000|100%| E|CS|TAMS 0x0000000091d00000, 0x0000000091d00000| Complete 
| 236|0x0000000091e00000, 0x0000000091f00000, 0x0000000091f00000|100%| E|CS|TAMS 0x0000000091e00000, 0x0000000091e00000| Complete 
| 237|0x0000000091f00000, 0x0000000092000000, 0x0000000092000000|100%| E|CS|TAMS 0x0000000091f00000, 0x0000000091f00000| Complete 
| 238|0x0000000092000000, 0x0000000092100000, 0x0000000092100000|100%| E|CS|TAMS 0x0000000092000000, 0x0000000092000000| Complete 
| 239|0x0000000092100000, 0x0000000092200000, 0x0000000092200000|100%| E|CS|TAMS 0x0000000092100000, 0x0000000092100000| Complete 
| 240|0x0000000092200000, 0x0000000092300000, 0x0000000092300000|100%| E|CS|TAMS 0x0000000092200000, 0x0000000092200000| Complete 
| 241|0x0000000092300000, 0x0000000092400000, 0x0000000092400000|100%| E|CS|TAMS 0x0000000092300000, 0x0000000092300000| Complete 
| 242|0x0000000092400000, 0x0000000092500000, 0x0000000092500000|100%| E|CS|TAMS 0x0000000092400000, 0x0000000092400000| Complete 
| 243|0x0000000092500000, 0x0000000092600000, 0x0000000092600000|100%| E|CS|TAMS 0x0000000092500000, 0x0000000092500000| Complete 
| 244|0x0000000092600000, 0x0000000092700000, 0x0000000092700000|100%| E|CS|TAMS 0x0000000092600000, 0x0000000092600000| Complete 
| 245|0x0000000092700000, 0x0000000092800000, 0x0000000092800000|100%| E|CS|TAMS 0x0000000092700000, 0x0000000092700000| Complete 
| 246|0x0000000092800000, 0x0000000092900000, 0x0000000092900000|100%| E|CS|TAMS 0x0000000092800000, 0x0000000092800000| Complete 
| 247|0x0000000092900000, 0x0000000092a00000, 0x0000000092a00000|100%| E|CS|TAMS 0x0000000092900000, 0x0000000092900000| Complete 
| 248|0x0000000092a00000, 0x0000000092b00000, 0x0000000092b00000|100%| E|CS|TAMS 0x0000000092a00000, 0x0000000092a00000| Complete 
| 249|0x0000000092b00000, 0x0000000092c00000, 0x0000000092c00000|100%| E|CS|TAMS 0x0000000092b00000, 0x0000000092b00000| Complete 
| 250|0x0000000092c00000, 0x0000000092d00000, 0x0000000092d00000|100%| E|CS|TAMS 0x0000000092c00000, 0x0000000092c00000| Complete 
| 251|0x0000000092d00000, 0x0000000092e00000, 0x0000000092e00000|100%| E|CS|TAMS 0x0000000092d00000, 0x0000000092d00000| Complete 
| 252|0x0000000092e00000, 0x0000000092f00000, 0x0000000092f00000|100%| E|CS|TAMS 0x0000000092e00000, 0x0000000092e00000| Complete 
| 253|0x0000000092f00000, 0x0000000093000000, 0x0000000093000000|100%| E|CS|TAMS 0x0000000092f00000, 0x0000000092f00000| Complete 
| 254|0x0000000093000000, 0x0000000093100000, 0x0000000093100000|100%| E|CS|TAMS 0x0000000093000000, 0x0000000093000000| Complete 
| 255|0x0000000093100000, 0x0000000093200000, 0x0000000093200000|100%| E|CS|TAMS 0x0000000093100000, 0x0000000093100000| Complete 
| 256|0x0000000093200000, 0x0000000093300000, 0x0000000093300000|100%| E|CS|TAMS 0x0000000093200000, 0x0000000093200000| Complete 
| 257|0x0000000093300000, 0x0000000093400000, 0x0000000093400000|100%| E|CS|TAMS 0x0000000093300000, 0x0000000093300000| Complete 
| 258|0x0000000093400000, 0x0000000093500000, 0x0000000093500000|100%| E|CS|TAMS 0x0000000093400000, 0x0000000093400000| Complete 
| 259|0x0000000093500000, 0x0000000093600000, 0x0000000093600000|100%| E|CS|TAMS 0x0000000093500000, 0x0000000093500000| Complete 
| 260|0x0000000093600000, 0x0000000093700000, 0x0000000093700000|100%| E|CS|TAMS 0x0000000093600000, 0x0000000093600000| Complete 
| 261|0x0000000093700000, 0x0000000093800000, 0x0000000093800000|100%| E|CS|TAMS 0x0000000093700000, 0x0000000093700000| Complete 
| 262|0x0000000093800000, 0x0000000093900000, 0x0000000093900000|100%| E|CS|TAMS 0x0000000093800000, 0x0000000093800000| Complete 
| 263|0x0000000093900000, 0x0000000093a00000, 0x0000000093a00000|100%| E|CS|TAMS 0x0000000093900000, 0x0000000093900000| Complete 
| 264|0x0000000093a00000, 0x0000000093b00000, 0x0000000093b00000|100%| E|CS|TAMS 0x0000000093a00000, 0x0000000093a00000| Complete 
| 265|0x0000000093b00000, 0x0000000093c00000, 0x0000000093c00000|100%| E|CS|TAMS 0x0000000093b00000, 0x0000000093b00000| Complete 
| 266|0x0000000093c00000, 0x0000000093d00000, 0x0000000093d00000|100%| E|CS|TAMS 0x0000000093c00000, 0x0000000093c00000| Complete 
| 267|0x0000000093d00000, 0x0000000093e00000, 0x0000000093e00000|100%| E|CS|TAMS 0x0000000093d00000, 0x0000000093d00000| Complete 
| 268|0x0000000093e00000, 0x0000000093f00000, 0x0000000093f00000|100%| E|CS|TAMS 0x0000000093e00000, 0x0000000093e00000| Complete 
| 269|0x0000000093f00000, 0x0000000094000000, 0x0000000094000000|100%| E|CS|TAMS 0x0000000093f00000, 0x0000000093f00000| Complete 
| 270|0x0000000094000000, 0x0000000094100000, 0x0000000094100000|100%| E|CS|TAMS 0x0000000094000000, 0x0000000094000000| Complete 
| 271|0x0000000094100000, 0x0000000094200000, 0x0000000094200000|100%| E|CS|TAMS 0x0000000094100000, 0x0000000094100000| Complete 
| 272|0x0000000094200000, 0x0000000094300000, 0x0000000094300000|100%| E|CS|TAMS 0x0000000094200000, 0x0000000094200000| Complete 
| 273|0x0000000094300000, 0x0000000094400000, 0x0000000094400000|100%| E|CS|TAMS 0x0000000094300000, 0x0000000094300000| Complete 
| 274|0x0000000094400000, 0x0000000094500000, 0x0000000094500000|100%| E|CS|TAMS 0x0000000094400000, 0x0000000094400000| Complete 
| 275|0x0000000094500000, 0x0000000094600000, 0x0000000094600000|100%| E|CS|TAMS 0x0000000094500000, 0x0000000094500000| Complete 
| 276|0x0000000094600000, 0x0000000094700000, 0x0000000094700000|100%| E|CS|TAMS 0x0000000094600000, 0x0000000094600000| Complete 
| 277|0x0000000094700000, 0x0000000094800000, 0x0000000094800000|100%| E|CS|TAMS 0x0000000094700000, 0x0000000094700000| Complete 
| 278|0x0000000094800000, 0x0000000094900000, 0x0000000094900000|100%| E|CS|TAMS 0x0000000094800000, 0x0000000094800000| Complete 
| 279|0x0000000094900000, 0x0000000094a00000, 0x0000000094a00000|100%| E|CS|TAMS 0x0000000094900000, 0x0000000094900000| Complete 
| 280|0x0000000094a00000, 0x0000000094b00000, 0x0000000094b00000|100%| E|CS|TAMS 0x0000000094a00000, 0x0000000094a00000| Complete 
| 281|0x0000000094b00000, 0x0000000094c00000, 0x0000000094c00000|100%| E|CS|TAMS 0x0000000094b00000, 0x0000000094b00000| Complete 
| 282|0x0000000094c00000, 0x0000000094d00000, 0x0000000094d00000|100%| E|CS|TAMS 0x0000000094c00000, 0x0000000094c00000| Complete 
| 283|0x0000000094d00000, 0x0000000094e00000, 0x0000000094e00000|100%| E|CS|TAMS 0x0000000094d00000, 0x0000000094d00000| Complete 
| 284|0x0000000094e00000, 0x0000000094f00000, 0x0000000094f00000|100%| E|CS|TAMS 0x0000000094e00000, 0x0000000094e00000| Complete 
| 285|0x0000000094f00000, 0x0000000095000000, 0x0000000095000000|100%| E|CS|TAMS 0x0000000094f00000, 0x0000000094f00000| Complete 
| 286|0x0000000095000000, 0x0000000095100000, 0x0000000095100000|100%| E|CS|TAMS 0x0000000095000000, 0x0000000095000000| Complete 
| 287|0x0000000095100000, 0x0000000095200000, 0x0000000095200000|100%| E|CS|TAMS 0x0000000095100000, 0x0000000095100000| Complete 
| 288|0x0000000095200000, 0x0000000095300000, 0x0000000095300000|100%| E|CS|TAMS 0x0000000095200000, 0x0000000095200000| Complete 
| 289|0x0000000095300000, 0x0000000095400000, 0x0000000095400000|100%| E|CS|TAMS 0x0000000095300000, 0x0000000095300000| Complete 
| 290|0x0000000095400000, 0x0000000095500000, 0x0000000095500000|100%| E|CS|TAMS 0x0000000095400000, 0x0000000095400000| Complete 
| 291|0x0000000095500000, 0x0000000095600000, 0x0000000095600000|100%| E|CS|TAMS 0x0000000095500000, 0x0000000095500000| Complete 
| 292|0x0000000095600000, 0x0000000095700000, 0x0000000095700000|100%| E|CS|TAMS 0x0000000095600000, 0x0000000095600000| Complete 
| 293|0x0000000095700000, 0x0000000095800000, 0x0000000095800000|100%| E|CS|TAMS 0x0000000095700000, 0x0000000095700000| Complete 
| 294|0x0000000095800000, 0x0000000095900000, 0x0000000095900000|100%| E|CS|TAMS 0x0000000095800000, 0x0000000095800000| Complete 
| 295|0x0000000095900000, 0x0000000095a00000, 0x0000000095a00000|100%| E|CS|TAMS 0x0000000095900000, 0x0000000095900000| Complete 
| 296|0x0000000095a00000, 0x0000000095b00000, 0x0000000095b00000|100%| E|CS|TAMS 0x0000000095a00000, 0x0000000095a00000| Complete 
| 297|0x0000000095b00000, 0x0000000095c00000, 0x0000000095c00000|100%| E|CS|TAMS 0x0000000095b00000, 0x0000000095b00000| Complete 
| 298|0x0000000095c00000, 0x0000000095d00000, 0x0000000095d00000|100%| E|CS|TAMS 0x0000000095c00000, 0x0000000095c00000| Complete 
| 299|0x0000000095d00000, 0x0000000095e00000, 0x0000000095e00000|100%| E|CS|TAMS 0x0000000095d00000, 0x0000000095d00000| Complete 
| 300|0x0000000095e00000, 0x0000000095f00000, 0x0000000095f00000|100%| E|CS|TAMS 0x0000000095e00000, 0x0000000095e00000| Complete 
| 301|0x0000000095f00000, 0x0000000096000000, 0x0000000096000000|100%| E|CS|TAMS 0x0000000095f00000, 0x0000000095f00000| Complete 
| 302|0x0000000096000000, 0x0000000096100000, 0x0000000096100000|100%| E|CS|TAMS 0x0000000096000000, 0x0000000096000000| Complete 
| 303|0x0000000096100000, 0x0000000096200000, 0x0000000096200000|100%| E|CS|TAMS 0x0000000096100000, 0x0000000096100000| Complete 
| 304|0x0000000096200000, 0x0000000096300000, 0x0000000096300000|100%| E|CS|TAMS 0x0000000096200000, 0x0000000096200000| Complete 
| 305|0x0000000096300000, 0x0000000096400000, 0x0000000096400000|100%| E|CS|TAMS 0x0000000096300000, 0x0000000096300000| Complete 
| 306|0x0000000096400000, 0x0000000096500000, 0x0000000096500000|100%| E|CS|TAMS 0x0000000096400000, 0x0000000096400000| Complete 
| 307|0x0000000096500000, 0x0000000096600000, 0x0000000096600000|100%| E|CS|TAMS 0x0000000096500000, 0x0000000096500000| Complete 
| 308|0x0000000096600000, 0x0000000096700000, 0x0000000096700000|100%| E|CS|TAMS 0x0000000096600000, 0x0000000096600000| Complete 
| 309|0x0000000096700000, 0x0000000096800000, 0x0000000096800000|100%| E|CS|TAMS 0x0000000096700000, 0x0000000096700000| Complete 
| 310|0x0000000096800000, 0x0000000096900000, 0x0000000096900000|100%| E|CS|TAMS 0x0000000096800000, 0x0000000096800000| Complete 
| 311|0x0000000096900000, 0x0000000096a00000, 0x0000000096a00000|100%| E|CS|TAMS 0x0000000096900000, 0x0000000096900000| Complete 
| 312|0x0000000096a00000, 0x0000000096b00000, 0x0000000096b00000|100%| E|CS|TAMS 0x0000000096a00000, 0x0000000096a00000| Complete 
| 313|0x0000000096b00000, 0x0000000096c00000, 0x0000000096c00000|100%| E|CS|TAMS 0x0000000096b00000, 0x0000000096b00000| Complete 
| 314|0x0000000096c00000, 0x0000000096d00000, 0x0000000096d00000|100%| E|CS|TAMS 0x0000000096c00000, 0x0000000096c00000| Complete 
| 315|0x0000000096d00000, 0x0000000096e00000, 0x0000000096e00000|100%| E|CS|TAMS 0x0000000096d00000, 0x0000000096d00000| Complete 
| 316|0x0000000096e00000, 0x0000000096f00000, 0x0000000096f00000|100%| E|CS|TAMS 0x0000000096e00000, 0x0000000096e00000| Complete 
| 317|0x0000000096f00000, 0x0000000097000000, 0x0000000097000000|100%| E|CS|TAMS 0x0000000096f00000, 0x0000000096f00000| Complete 
| 318|0x0000000097000000, 0x0000000097100000, 0x0000000097100000|100%| E|CS|TAMS 0x0000000097000000, 0x0000000097000000| Complete 
| 319|0x0000000097100000, 0x0000000097200000, 0x0000000097200000|100%| E|CS|TAMS 0x0000000097100000, 0x0000000097100000| Complete 
| 320|0x0000000097200000, 0x0000000097300000, 0x0000000097300000|100%| E|CS|TAMS 0x0000000097200000, 0x0000000097200000| Complete 
| 321|0x0000000097300000, 0x0000000097400000, 0x0000000097400000|100%| E|CS|TAMS 0x0000000097300000, 0x0000000097300000| Complete 
| 322|0x0000000097400000, 0x0000000097500000, 0x0000000097500000|100%| E|CS|TAMS 0x0000000097400000, 0x0000000097400000| Complete 
| 323|0x0000000097500000, 0x0000000097600000, 0x0000000097600000|100%| E|CS|TAMS 0x0000000097500000, 0x0000000097500000| Complete 
| 324|0x0000000097600000, 0x0000000097700000, 0x0000000097700000|100%| E|CS|TAMS 0x0000000097600000, 0x0000000097600000| Complete 
| 325|0x0000000097700000, 0x0000000097800000, 0x0000000097800000|100%| E|CS|TAMS 0x0000000097700000, 0x0000000097700000| Complete 
| 326|0x0000000097800000, 0x0000000097900000, 0x0000000097900000|100%| E|CS|TAMS 0x0000000097800000, 0x0000000097800000| Complete 

Card table byte_map: [0x0000017e2fe10000,0x0000017e30200000] _byte_map_base: 0x0000017e2f9f7000

Marking Bits (Prev, Next): (CMBitMap*) 0x0000017e16f83720, (CMBitMap*) 0x0000017e16f83760
 Prev Bits: [0x0000017e305f0000, 0x0000017e32528000)
 Next Bits: [0x0000017e32530000, 0x0000017e34468000)

Polling page: 0x0000017e16ff0000

Metaspace:

Usage:
  Non-class:     48.70 MB used.
      Class:      6.15 MB used.
       Both:     54.85 MB used.

Virtual space:
  Non-class space:       64.00 MB reserved,      48.81 MB ( 76%) committed,  1 nodes.
      Class space:        1.00 GB reserved,       6.31 MB ( <1%) committed,  1 nodes.
             Both:        1.06 GB reserved,      55.12 MB (  5%) committed. 

Chunk freelists:
   Non-Class:  14.12 MB
       Class:  9.73 MB
        Both:  23.86 MB

MaxMetaspaceSize: unlimited
CompressedClassSpaceSize: 1.00 GB
Initial GC threshold: 21.00 MB
Current GC threshold: 81.50 MB
CDS: on
MetaspaceReclaimPolicy: balanced
 - commit_granule_bytes: 65536.
 - commit_granule_words: 8192.
 - virtual_space_node_default_size: 8388608.
 - enlarge_chunks_in_place: 1.
 - new_chunks_are_fully_committed: 0.
 - uncommit_free_chunks: 1.
 - use_allocation_guard: 0.
 - handle_deallocations: 1.


Internal statistics:

num_allocs_failed_limit: 6.
num_arena_births: 318.
num_arena_deaths: 0.
num_vsnodes_births: 2.
num_vsnodes_deaths: 0.
num_space_committed: 880.
num_space_uncommitted: 0.
num_chunks_returned_to_freelist: 6.
num_chunks_taken_from_freelist: 2445.
num_chunk_merges: 6.
num_chunk_splits: 1876.
num_chunks_enlarged: 1603.
num_inconsistent_stats: 0.

CodeHeap 'non-profiled nmethods': size=120000Kb used=7043Kb max_used=7043Kb free=112956Kb
 bounds [0x0000017e27a90000, 0x0000017e28190000, 0x0000017e2efc0000]
CodeHeap 'profiled nmethods': size=120000Kb used=28364Kb max_used=29682Kb free=91635Kb
 bounds [0x0000017e1ffc0000, 0x0000017e21ce0000, 0x0000017e274f0000]
CodeHeap 'non-nmethods': size=5760Kb used=1314Kb max_used=1407Kb free=4445Kb
 bounds [0x0000017e274f0000, 0x0000017e27760000, 0x0000017e27a90000]
 total_blobs=11084 nmethods=10473 adapters=520
 compilation: enabled
              stopped_count=0, restarted_count=0
 full_count=0

Compilation events (20 events):
Event: 44.114 Thread 0x0000017e36f1af70 14078       3       org.jetbrains.kotlin.resolve.calls.checkers.LateinitIntrinsicApplicabilityChecker::check (467 bytes)
Event: 44.120 Thread 0x0000017e36f1af70 nmethod 14078 0x0000017e20a87790 code [0x0000017e20a88100, 0x0000017e20a8dd18]
Event: 44.120 Thread 0x0000017e36f1af70 14079       3       org.jetbrains.kotlin.resolve.jvm.checkers.JvmPropertyVsFieldAmbiguityCallChecker::check (582 bytes)
Event: 44.125 Thread 0x0000017e36f1af70 nmethod 14079 0x0000017e21339490 code [0x0000017e21339e40, 0x0000017e2133fda8]
Event: 44.126 Thread 0x0000017e36f1af70 14080       3       org.jetbrains.kotlin.resolve.calls.checkers.AbstractReflectionApiCallChecker::check (113 bytes)
Event: 44.128 Thread 0x0000017e36f1af70 nmethod 14080 0x0000017e21317e90 code [0x0000017e21318500, 0x0000017e2131b7c8]
Event: 44.128 Thread 0x0000017e36f1af70 14081       3       org.jetbrains.kotlin.resolve.calls.checkers.AbstractReflectionApiCallChecker::isReflectionSource (41 bytes)
Event: 44.129 Thread 0x0000017e36f1af70 nmethod 14081 0x0000017e20925510 code [0x0000017e20925740, 0x0000017e20925f28]
Event: 44.129 Thread 0x0000017e36f1af70 14082       3       org.jetbrains.kotlin.name.FqNameUnsafe::startsWith (82 bytes)
Event: 44.130 Thread 0x0000017e36f1af70 nmethod 14082 0x0000017e1ffc3390 code [0x0000017e1ffc3600, 0x0000017e1ffc4138]
Event: 44.131 Thread 0x0000017e36f1af70 14083       3       org.jetbrains.kotlin.resolve.jvm.checkers.InterfaceDefaultMethodCallChecker::check (306 bytes)
Event: 44.134 Thread 0x0000017e36f1af70 nmethod 14083 0x0000017e20c7c190 code [0x0000017e20c7c800, 0x0000017e20c7fdd8]
Event: 44.134 Thread 0x0000017e36f1af70 14084       3       org.jetbrains.kotlin.resolve.jvm.checkers.InlinePlatformCompatibilityChecker::check (309 bytes)
Event: 44.136 Thread 0x0000017e36f1af70 nmethod 14084 0x0000017e2117d610 code [0x0000017e2117dba0, 0x0000017e21180b78]
Event: 44.136 Thread 0x0000017e36f1af70 14085       3       org.jetbrains.kotlin.resolve.jvm.checkers.JvmModuleAccessibilityChecker::check (130 bytes)
Event: 44.138 Thread 0x0000017e36f1af70 nmethod 14085 0x0000017e20d57a10 code [0x0000017e20d57e00, 0x0000017e20d59838]
Event: 44.138 Thread 0x0000017e36f1af70 14086       3       org.jetbrains.kotlin.resolve.jvm.checkers.JvmModuleAccessibilityChecker::findVirtualFile (266 bytes)
Event: 44.139 Thread 0x0000017e36f1af70 nmethod 14086 0x0000017e21292690 code [0x0000017e21292980, 0x0000017e212941e8]
Event: 44.139 Thread 0x0000017e36f1af70 14087       3       org.jetbrains.kotlin.psi.KtInstanceExpressionWithLabel::getInstanceReference (19 bytes)
Event: 44.139 Thread 0x0000017e36f1af70 nmethod 14087 0x0000017e2088ea90 code [0x0000017e2088ec80, 0x0000017e2088f338]

GC Heap History (20 events):
Event: 26.596 GC heap before
{Heap before GC invocations=20 (full 0):
 garbage-first heap   total 102400K, used 73134K [0x0000000083200000, 0x0000000100000000)
  region size 1024K, 18 young (18432K), 3 survivors (3072K)
 Metaspace       used 47548K, committed 47872K, reserved 1114112K
  class space    used 5592K, committed 5760K, reserved 1048576K
}
Event: 26.610 GC heap after
{Heap after GC invocations=21 (full 0):
 garbage-first heap   total 102400K, used 60817K [0x0000000083200000, 0x0000000100000000)
  region size 1024K, 3 young (3072K), 3 survivors (3072K)
 Metaspace       used 47548K, committed 47872K, reserved 1114112K
  class space    used 5592K, committed 5760K, reserved 1048576K
}
Event: 26.866 GC heap before
{Heap before GC invocations=21 (full 0):
 garbage-first heap   total 102400K, used 81297K [0x0000000083200000, 0x0000000100000000)
  region size 1024K, 23 young (23552K), 3 survivors (3072K)
 Metaspace       used 47636K, committed 47936K, reserved 1114112K
  class space    used 5593K, committed 5760K, reserved 1048576K
}
Event: 26.884 GC heap after
{Heap after GC invocations=22 (full 0):
 garbage-first heap   total 134144K, used 64106K [0x0000000083200000, 0x0000000100000000)
  region size 1024K, 3 young (3072K), 3 survivors (3072K)
 Metaspace       used 47636K, committed 47936K, reserved 1114112K
  class space    used 5593K, committed 5760K, reserved 1048576K
}
Event: 27.630 GC heap before
{Heap before GC invocations=23 (full 0):
 garbage-first heap   total 134144K, used 100970K [0x0000000083200000, 0x0000000100000000)
  region size 1024K, 39 young (39936K), 3 survivors (3072K)
 Metaspace       used 47844K, committed 48192K, reserved 1114112K
  class space    used 5602K, committed 5760K, reserved 1048576K
}
Event: 27.646 GC heap after
{Heap after GC invocations=24 (full 0):
 garbage-first heap   total 134144K, used 70656K [0x0000000083200000, 0x0000000100000000)
  region size 1024K, 5 young (5120K), 5 survivors (5120K)
 Metaspace       used 47844K, committed 48192K, reserved 1114112K
  class space    used 5602K, committed 5760K, reserved 1048576K
}
Event: 27.996 GC heap before
{Heap before GC invocations=24 (full 0):
 garbage-first heap   total 134144K, used 104448K [0x0000000083200000, 0x0000000100000000)
  region size 1024K, 38 young (38912K), 5 survivors (5120K)
 Metaspace       used 48154K, committed 48448K, reserved 1114112K
  class space    used 5638K, committed 5760K, reserved 1048576K
}
Event: 28.006 GC heap after
{Heap after GC invocations=25 (full 0):
 garbage-first heap   total 134144K, used 73114K [0x0000000083200000, 0x0000000100000000)
  region size 1024K, 2 young (2048K), 2 survivors (2048K)
 Metaspace       used 48154K, committed 48448K, reserved 1114112K
  class space    used 5638K, committed 5760K, reserved 1048576K
}
Event: 28.412 GC heap before
{Heap before GC invocations=26 (full 0):
 garbage-first heap   total 134144K, used 105882K [0x0000000083200000, 0x0000000100000000)
  region size 1024K, 34 young (34816K), 2 survivors (2048K)
 Metaspace       used 48604K, committed 48896K, reserved 1114112K
  class space    used 5688K, committed 5824K, reserved 1048576K
}
Event: 28.417 GC heap after
{Heap after GC invocations=27 (full 0):
 garbage-first heap   total 134144K, used 73520K [0x0000000083200000, 0x0000000100000000)
  region size 1024K, 3 young (3072K), 3 survivors (3072K)
 Metaspace       used 48604K, committed 48896K, reserved 1114112K
  class space    used 5688K, committed 5824K, reserved 1048576K
}
Event: 28.449 GC heap before
{Heap before GC invocations=27 (full 0):
 garbage-first heap   total 134144K, used 76592K [0x0000000083200000, 0x0000000100000000)
  region size 1024K, 6 young (6144K), 3 survivors (3072K)
 Metaspace       used 48634K, committed 48896K, reserved 1114112K
  class space    used 5689K, committed 5824K, reserved 1048576K
}
Event: 28.454 GC heap after
{Heap after GC invocations=28 (full 0):
 garbage-first heap   total 134144K, used 73180K [0x0000000083200000, 0x0000000100000000)
  region size 1024K, 1 young (1024K), 1 survivors (1024K)
 Metaspace       used 48634K, committed 48896K, reserved 1114112K
  class space    used 5689K, committed 5824K, reserved 1048576K
}
Event: 29.125 GC heap before
{Heap before GC invocations=28 (full 0):
 garbage-first heap   total 134144K, used 109020K [0x0000000083200000, 0x0000000100000000)
  region size 1024K, 34 young (34816K), 1 survivors (1024K)
 Metaspace       used 49633K, committed 49920K, reserved 1114112K
  class space    used 5783K, committed 5952K, reserved 1048576K
}
Event: 29.129 GC heap after
{Heap after GC invocations=29 (full 0):
 garbage-first heap   total 134144K, used 76198K [0x0000000083200000, 0x0000000100000000)
  region size 1024K, 2 young (2048K), 2 survivors (2048K)
 Metaspace       used 49633K, committed 49920K, reserved 1114112K
  class space    used 5783K, committed 5952K, reserved 1048576K
}
Event: 31.379 GC heap before
{Heap before GC invocations=30 (full 0):
 garbage-first heap   total 135168K, used 109990K [0x0000000083200000, 0x0000000100000000)
  region size 1024K, 34 young (34816K), 2 survivors (2048K)
 Metaspace       used 52340K, committed 52672K, reserved 1114112K
  class space    used 6035K, committed 6208K, reserved 1048576K
}
Event: 31.390 GC heap after
{Heap after GC invocations=31 (full 0):
 garbage-first heap   total 135168K, used 80317K [0x0000000083200000, 0x0000000100000000)
  region size 1024K, 5 young (5120K), 5 survivors (5120K)
 Metaspace       used 52340K, committed 52672K, reserved 1114112K
  class space    used 6035K, committed 6208K, reserved 1048576K
}
Event: 31.394 GC heap before
{Heap before GC invocations=31 (full 0):
 garbage-first heap   total 135168K, used 81341K [0x0000000083200000, 0x0000000100000000)
  region size 1024K, 6 young (6144K), 5 survivors (5120K)
 Metaspace       used 52340K, committed 52672K, reserved 1114112K
  class space    used 6035K, committed 6208K, reserved 1048576K
}
Event: 31.402 GC heap after
{Heap after GC invocations=32 (full 0):
 garbage-first heap   total 135168K, used 80071K [0x0000000083200000, 0x0000000100000000)
  region size 1024K, 1 young (1024K), 1 survivors (1024K)
 Metaspace       used 52340K, committed 52672K, reserved 1114112K
  class space    used 6035K, committed 6208K, reserved 1048576K
}
Event: 33.570 GC heap before
{Heap before GC invocations=32 (full 0):
 garbage-first heap   total 135168K, used 109767K [0x0000000083200000, 0x0000000100000000)
  region size 1024K, 30 young (30720K), 1 survivors (1024K)
 Metaspace       used 53800K, committed 54144K, reserved 1114112K
  class space    used 6123K, committed 6272K, reserved 1048576K
}
Event: 33.579 GC heap after
{Heap after GC invocations=33 (full 0):
 garbage-first heap   total 334848K, used 82707K [0x0000000083200000, 0x0000000100000000)
  region size 1024K, 4 young (4096K), 4 survivors (4096K)
 Metaspace       used 53800K, committed 54144K, reserved 1114112K
  class space    used 6123K, committed 6272K, reserved 1048576K
}

Deoptimization events (20 events):
Event: 42.280 Thread 0x0000017e16f2b400 Uncommon trap: trap_request=0xffffffbe fr.pc=0x0000017e28104354 relative=0x0000000000002154
Event: 42.280 Thread 0x0000017e16f2b400 Uncommon trap: reason=profile_predicate action=maybe_recompile pc=0x0000017e28104354 method=org.jetbrains.kotlin.types.AbstractTypeChecker.collectAllSupertypesWithGivenTypeConstructor(Lorg/jetbrains/kotlin/types/TypeCheckerState;Lorg/jetbrains/kotlin/type
Event: 42.280 Thread 0x0000017e16f2b400 DEOPT PACKING pc=0x0000017e28104354 sp=0x00000063132f58d0
Event: 42.280 Thread 0x0000017e16f2b400 DEOPT UNPACKING pc=0x0000017e27545ba3 sp=0x00000063132f58b0 mode 2
Event: 42.281 Thread 0x0000017e16f2b400 Uncommon trap: trap_request=0xffffffbe fr.pc=0x0000017e28104354 relative=0x0000000000002154
Event: 42.281 Thread 0x0000017e16f2b400 Uncommon trap: reason=profile_predicate action=maybe_recompile pc=0x0000017e28104354 method=org.jetbrains.kotlin.types.AbstractTypeChecker.collectAllSupertypesWithGivenTypeConstructor(Lorg/jetbrains/kotlin/types/TypeCheckerState;Lorg/jetbrains/kotlin/type
Event: 42.281 Thread 0x0000017e16f2b400 DEOPT PACKING pc=0x0000017e28104354 sp=0x00000063132f2be0
Event: 42.281 Thread 0x0000017e16f2b400 DEOPT UNPACKING pc=0x0000017e27545ba3 sp=0x00000063132f2bc0 mode 2
Event: 42.536 Thread 0x0000017e16f2b400 DEOPT PACKING pc=0x0000017e21305dab sp=0x00000063132f7c40
Event: 42.536 Thread 0x0000017e16f2b400 DEOPT UNPACKING pc=0x0000017e275466e3 sp=0x00000063132f7128 mode 0
Event: 42.650 Thread 0x0000017e16f2b400 DEOPT PACKING pc=0x0000017e2044a40f sp=0x00000063132f9f30
Event: 42.650 Thread 0x0000017e16f2b400 DEOPT UNPACKING pc=0x0000017e275466e3 sp=0x00000063132f9448 mode 0
Event: 43.539 Thread 0x0000017e16f2b400 Uncommon trap: trap_request=0xffffffde fr.pc=0x0000017e27f0f1a0 relative=0x0000000000009180
Event: 43.539 Thread 0x0000017e16f2b400 Uncommon trap: reason=class_check action=maybe_recompile pc=0x0000017e27f0f1a0 method=org.jetbrains.kotlin.types.TypeSubstitutor.substituteTypeArguments(Ljava/util/List;Ljava/util/List;I)Ljava/util/List; @ 53 c2
Event: 43.539 Thread 0x0000017e16f2b400 DEOPT PACKING pc=0x0000017e27f0f1a0 sp=0x00000063132f6e10
Event: 43.539 Thread 0x0000017e16f2b400 DEOPT UNPACKING pc=0x0000017e27545ba3 sp=0x00000063132f6d80 mode 2
Event: 43.685 Thread 0x0000017e16f2b400 Uncommon trap: trap_request=0xffffffc6 fr.pc=0x0000017e28013f90 relative=0x0000000000000dd0
Event: 43.685 Thread 0x0000017e16f2b400 Uncommon trap: reason=bimorphic_or_optimized_type_check action=maybe_recompile pc=0x0000017e28013f90 method=gnu.trove.TObjectHash.insertionIndex(Ljava/lang/Object;)I @ 177 c2
Event: 43.685 Thread 0x0000017e16f2b400 DEOPT PACKING pc=0x0000017e28013f90 sp=0x00000063132f8a70
Event: 43.685 Thread 0x0000017e16f2b400 DEOPT UNPACKING pc=0x0000017e27545ba3 sp=0x00000063132f8a08 mode 2

Classes unloaded (0 events):
No events

Classes redefined (0 events):
No events

Internal exceptions (20 events):
Event: 18.527 Thread 0x0000017e16f2b400 Exception <a 'java/lang/NoSuchMethodError'{0x0000000088cda280}: 'java.lang.Object java.lang.invoke.DirectMethodHandle$Holder.invokeSpecial(java.lang.Object, java.lang.Object, java.lang.Object, java.lang.Object, java.lang.Object, java.lang.Object, java.lang.Object, java.lang.Object, java.lang.Object)'> (0x0000000088cda280) 
thrown [s\open\src\hotspot\share\interpreter\linkResolver.cpp, line 759]
Event: 18.528 Thread 0x0000017e16f2b400 Exception <a 'java/lang/NoSuchMethodError'{0x0000000088cdf1b0}: 'java.lang.Object java.lang.invoke.Invokers$Holder.linkToTargetMethod(java.lang.Object, java.lang.Object, java.lang.Object, java.lang.Object, java.lang.Object, java.lang.Object, java.lang.Object, java.lang.Object)'> (0x0000000088cdf1b0) 
thrown [s\open\src\hotspot\share\interpreter\linkResolver.cpp, line 759]
Event: 19.517 Thread 0x0000017e16f2b400 Exception <a 'java/lang/NoSuchMethodError'{0x0000000088c326d0}: 'java.lang.Object java.lang.invoke.DirectMethodHandle$Holder.newInvokeSpecial(java.lang.Object, int, java.lang.Object)'> (0x0000000088c326d0) 
thrown [s\open\src\hotspot\share\interpreter\linkResolver.cpp, line 759]
Event: 19.519 Thread 0x0000017e16f2b400 Exception <a 'java/lang/NoSuchMethodError'{0x0000000088c38ce0}: 'int java.lang.invoke.DirectMethodHandle$Holder.invokeInterface(java.lang.Object, java.lang.Object)'> (0x0000000088c38ce0) 
thrown [s\open\src\hotspot\share\interpreter\linkResolver.cpp, line 759]
Event: 21.467 Thread 0x0000017e16f2b400 Exception <a 'java/lang/NoSuchMethodError'{0x00000000876ad930}: 'void java.lang.invoke.DirectMethodHandle$Holder.invokeInterface(java.lang.Object, java.lang.Object)'> (0x00000000876ad930) 
thrown [s\open\src\hotspot\share\interpreter\linkResolver.cpp, line 759]
Event: 23.114 Thread 0x0000017e16f2b400 Exception <a 'java/lang/IncompatibleClassChangeError'{0x0000000086a7e570}: Found class java.lang.Object, but interface was expected> (0x0000000086a7e570) 
thrown [s\open\src\hotspot\share\interpreter\linkResolver.cpp, line 826]
Event: 23.850 Thread 0x0000017e16f2b400 Exception <a 'java/lang/NoSuchMethodError'{0x00000000879c5ba8}: 'java.lang.Object java.lang.invoke.DirectMethodHandle$Holder.invokeSpecial(java.lang.Object, java.lang.Object, java.lang.Object, java.lang.Object, java.lang.Object, java.lang.Object, int)'> (0x00000000879c5ba8) 
thrown [s\open\src\hotspot\share\interpreter\linkResolver.cpp, line 759]
Event: 23.852 Thread 0x0000017e16f2b400 Exception <a 'java/lang/NoSuchMethodError'{0x00000000879cf3a0}: 'java.lang.Object java.lang.invoke.DirectMethodHandle$Holder.newInvokeSpecial(java.lang.Object, java.lang.Object, java.lang.Object, java.lang.Object, java.lang.Object, java.lang.Object)'> (0x00000000879cf3a0) 
thrown [s\open\src\hotspot\share\interpreter\linkResolver.cpp, line 759]
Event: 25.672 Thread 0x0000017e16f2b400 Implicit null exception at 0x0000017e27d59258 to 0x0000017e27d59a64
Event: 25.935 Thread 0x0000017e16f2b400 Implicit null exception at 0x0000017e27d8639c to 0x0000017e27d87304
Event: 25.965 Thread 0x0000017e16f2b400 Exception <a 'java/lang/NoSuchMethodError'{0x0000000088f07810}: 'java.lang.Object java.lang.invoke.DirectMethodHandle$Holder.newInvokeSpecial(java.lang.Object, int, java.lang.Object, java.lang.Object)'> (0x0000000088f07810) 
thrown [s\open\src\hotspot\share\interpreter\linkResolver.cpp, line 759]
Event: 25.965 Thread 0x0000017e16f2b400 Exception <a 'java/lang/NoSuchMethodError'{0x0000000088f0bf60}: 'java.lang.Object java.lang.invoke.DirectMethodHandle$Holder.invokeSpecial(java.lang.Object, java.lang.Object, int, java.lang.Object, java.lang.Object)'> (0x0000000088f0bf60) 
thrown [s\open\src\hotspot\share\interpreter\linkResolver.cpp, line 759]
Event: 25.968 Thread 0x0000017e16f2b400 Implicit null exception at 0x0000017e27d89053 to 0x0000017e27d890fa
Event: 26.108 Thread 0x0000017e16f2b400 Exception <a 'java/lang/NoSuchMethodError'{0x0000000087e2beb8}: 'java.lang.Object java.lang.invoke.DirectMethodHandle$Holder.invokeStatic(java.lang.Object, int, java.lang.Object)'> (0x0000000087e2beb8) 
thrown [s\open\src\hotspot\share\interpreter\linkResolver.cpp, line 759]
Event: 28.157 Thread 0x0000017e16f2b400 Implicit null exception at 0x0000017e27e08da2 to 0x0000017e27e0ce65
Event: 28.737 Thread 0x0000017e16f2b400 Exception <a 'java/lang/NoSuchMethodError'{0x000000008a66e980}: 'java.lang.Object java.lang.invoke.DirectMethodHandle$Holder.newInvokeSpecial(java.lang.Object, java.lang.Object, java.lang.Object, java.lang.Object, java.lang.Object, java.lang.Object, java.lang.Object)'> (0x000000008a66e980) 
thrown [s\open\src\hotspot\share\interpreter\linkResolver.cpp, line 759]
Event: 28.738 Thread 0x0000017e16f2b400 Exception <a 'java/lang/NoSuchMethodError'{0x000000008a673538}: 'java.lang.Object java.lang.invoke.Invokers$Holder.linkToTargetMethod(java.lang.Object, java.lang.Object, java.lang.Object, java.lang.Object, java.lang.Object, java.lang.Object, java.lang.Object)'> (0x000000008a673538) 
thrown [s\open\src\hotspot\share\interpreter\linkResolver.cpp, line 759]
Event: 28.886 Thread 0x0000017e16f2b400 Exception <a 'java/lang/NoSuchMethodError'{0x0000000089f26870}: 'int java.lang.invoke.DirectMethodHandle$Holder.invokeStaticInit(java.lang.Object, int)'> (0x0000000089f26870) 
thrown [s\open\src\hotspot\share\interpreter\linkResolver.cpp, line 759]
Event: 31.036 Thread 0x0000017e16f2b400 Exception <a 'java/lang/NoSuchMethodError'{0x000000008a4f01f0}: 'java.lang.Object java.lang.invoke.DirectMethodHandle$Holder.invokeInterface(java.lang.Object, java.lang.Object, java.lang.Object)'> (0x000000008a4f01f0) 
thrown [s\open\src\hotspot\share\interpreter\linkResolver.cpp, line 759]
Event: 31.037 Thread 0x0000017e16f2b400 Exception <a 'java/lang/IncompatibleClassChangeError'{0x000000008a4f3b60}: Found class java.lang.Object, but interface was expected> (0x000000008a4f3b60) 
thrown [s\open\src\hotspot\share\interpreter\linkResolver.cpp, line 826]

VM Operations (20 events):
Event: 42.233 Executing VM operation: ICBufferFull
Event: 42.233 Executing VM operation: ICBufferFull done
Event: 42.675 Executing VM operation: ICBufferFull
Event: 42.675 Executing VM operation: ICBufferFull done
Event: 42.929 Executing VM operation: ICBufferFull
Event: 42.929 Executing VM operation: ICBufferFull done
Event: 43.332 Executing VM operation: HandshakeAllThreads
Event: 43.332 Executing VM operation: HandshakeAllThreads done
Event: 43.347 Executing VM operation: ICBufferFull
Event: 43.348 Executing VM operation: ICBufferFull done
Event: 43.414 Executing VM operation: HandshakeAllThreads
Event: 43.415 Executing VM operation: HandshakeAllThreads done
Event: 43.539 Executing VM operation: HandshakeAllThreads
Event: 43.539 Executing VM operation: HandshakeAllThreads done
Event: 43.783 Executing VM operation: HandshakeAllThreads
Event: 43.783 Executing VM operation: HandshakeAllThreads done
Event: 43.785 Executing VM operation: ICBufferFull
Event: 43.786 Executing VM operation: ICBufferFull done
Event: 44.018 Executing VM operation: HandshakeAllThreads
Event: 44.018 Executing VM operation: HandshakeAllThreads done

Events (20 events):
Event: 43.571 Thread 0x0000017e36f4e860 flushing nmethod 0x0000017e2175b290
Event: 43.571 Thread 0x0000017e36f4e860 flushing nmethod 0x0000017e21760c90
Event: 43.571 Thread 0x0000017e36f4e860 flushing nmethod 0x0000017e21765710
Event: 43.571 Thread 0x0000017e36f4e860 flushing nmethod 0x0000017e21766990
Event: 43.571 Thread 0x0000017e36f4e860 flushing nmethod 0x0000017e21767210
Event: 43.571 Thread 0x0000017e36f4e860 flushing nmethod 0x0000017e2176aa10
Event: 43.571 Thread 0x0000017e36f4e860 flushing nmethod 0x0000017e21770790
Event: 43.571 Thread 0x0000017e36f4e860 flushing nmethod 0x0000017e21770b10
Event: 43.571 Thread 0x0000017e36f4e860 flushing nmethod 0x0000017e2177d810
Event: 43.571 Thread 0x0000017e36f4e860 flushing nmethod 0x0000017e2177f790
Event: 43.571 Thread 0x0000017e36f4e860 flushing nmethod 0x0000017e21781190
Event: 43.571 Thread 0x0000017e36f4e860 flushing nmethod 0x0000017e21785790
Event: 43.571 Thread 0x0000017e36f4e860 flushing nmethod 0x0000017e21787690
Event: 43.571 Thread 0x0000017e36f4e860 flushing nmethod 0x0000017e2178fd10
Event: 43.571 Thread 0x0000017e36f4e860 flushing nmethod 0x0000017e21791010
Event: 43.571 Thread 0x0000017e36f4e860 flushing nmethod 0x0000017e21792590
Event: 43.571 Thread 0x0000017e36f4e860 flushing nmethod 0x0000017e21795210
Event: 43.571 Thread 0x0000017e36f4e860 flushing nmethod 0x0000017e217c1f10
Event: 43.572 Thread 0x0000017e36f4e860 flushing nmethod 0x0000017e2191c710
Event: 43.573 Thread 0x0000017e36f4e860 flushing nmethod 0x0000017e21ac4a10


Dynamic libraries:
0x00007ff761140000 - 0x00007ff761150000 	C:\Program Files\Java\jdk-17\bin\java.exe
0x00007ffb637b0000 - 0x00007ffb639c7000 	C:\WINDOWS\SYSTEM32\ntdll.dll
0x00007ffb62c50000 - 0x00007ffb62d14000 	C:\WINDOWS\System32\KERNEL32.DLL
0x00007ffb60b50000 - 0x00007ffb60f09000 	C:\WINDOWS\System32\KERNELBASE.dll
0x00007ffb60fc0000 - 0x00007ffb610d1000 	C:\WINDOWS\System32\ucrtbase.dll
0x00007ffb4fe80000 - 0x00007ffb4fe99000 	C:\Program Files\Java\jdk-17\bin\jli.dll
0x00007ffb633c0000 - 0x00007ffb63472000 	C:\WINDOWS\System32\ADVAPI32.dll
0x00007ffb63310000 - 0x00007ffb633b7000 	C:\WINDOWS\System32\msvcrt.dll
0x00007ffb636b0000 - 0x00007ffb63757000 	C:\WINDOWS\System32\sechost.dll
0x00007ffb60f10000 - 0x00007ffb60f38000 	C:\WINDOWS\System32\bcrypt.dll
0x00007ffb614d0000 - 0x00007ffb615e4000 	C:\WINDOWS\System32\RPCRT4.dll
0x00007ffb623b0000 - 0x00007ffb6255e000 	C:\WINDOWS\System32\USER32.dll
0x00007ffb610e0000 - 0x00007ffb61106000 	C:\WINDOWS\System32\win32u.dll
0x00007ffb63480000 - 0x00007ffb634a9000 	C:\WINDOWS\System32\GDI32.dll
0x00007ffb61280000 - 0x00007ffb6139b000 	C:\WINDOWS\System32\gdi32full.dll
0x00007ffb60ab0000 - 0x00007ffb60b4a000 	C:\WINDOWS\System32\msvcp_win.dll
0x00007ffb45d30000 - 0x00007ffb45fc2000 	C:\WINDOWS\WinSxS\amd64_microsoft.windows.common-controls_6595b64144ccf1df_6.0.22621.4391_none_2715d37f73803e96\COMCTL32.dll
0x00007ffb55cd0000 - 0x00007ffb55cda000 	C:\WINDOWS\SYSTEM32\VERSION.dll
0x00007ffb4df40000 - 0x00007ffb4df5b000 	C:\Program Files\Java\jdk-17\bin\VCRUNTIME140.dll
0x00007ffb62570000 - 0x00007ffb625a1000 	C:\WINDOWS\System32\IMM32.DLL
0x00007ffb586c0000 - 0x00007ffb586cc000 	C:\Program Files\Java\jdk-17\bin\vcruntime140_1.dll
0x00007ffb17f80000 - 0x00007ffb1800e000 	C:\Program Files\Java\jdk-17\bin\msvcp140.dll
0x00007ffaca460000 - 0x00007ffacb03f000 	C:\Program Files\Java\jdk-17\bin\server\jvm.dll
0x00007ffb62560000 - 0x00007ffb62568000 	C:\WINDOWS\System32\PSAPI.DLL
0x00007ffb38d90000 - 0x00007ffb38d99000 	C:\WINDOWS\SYSTEM32\WSOCK32.dll
0x00007ffb63630000 - 0x00007ffb636a1000 	C:\WINDOWS\System32\WS2_32.dll
0x00007ffb58640000 - 0x00007ffb58674000 	C:\WINDOWS\SYSTEM32\WINMM.dll
0x00007ffb5fbb0000 - 0x00007ffb5fbc8000 	C:\WINDOWS\SYSTEM32\kernel.appcore.dll
0x00007ffb4ed00000 - 0x00007ffb4ed0a000 	C:\Program Files\Java\jdk-17\bin\jimage.dll
0x00007ffb5e370000 - 0x00007ffb5e5a2000 	C:\WINDOWS\SYSTEM32\DBGHELP.DLL
0x00007ffb627c0000 - 0x00007ffb62b4f000 	C:\WINDOWS\System32\combase.dll
0x00007ffb63020000 - 0x00007ffb630f7000 	C:\WINDOWS\System32\OLEAUT32.dll
0x00007ffb46200000 - 0x00007ffb46232000 	C:\WINDOWS\SYSTEM32\dbgcore.DLL
0x00007ffb60f40000 - 0x00007ffb60fbb000 	C:\WINDOWS\System32\bcryptPrimitives.dll
0x00007ffb45240000 - 0x00007ffb45265000 	C:\Program Files\Java\jdk-17\bin\java.dll
0x00007ffb17970000 - 0x00007ffb17a47000 	C:\Program Files\Java\jdk-17\bin\jsvml.dll
0x00007ffb61b30000 - 0x00007ffb623a6000 	C:\WINDOWS\System32\SHELL32.dll
0x00007ffb5e9b0000 - 0x00007ffb5f2b3000 	C:\WINDOWS\SYSTEM32\windows.storage.dll
0x00007ffb5e870000 - 0x00007ffb5e9af000 	C:\WINDOWS\SYSTEM32\wintypes.dll
0x00007ffb63530000 - 0x00007ffb63629000 	C:\WINDOWS\System32\SHCORE.dll
0x00007ffb615f0000 - 0x00007ffb6164e000 	C:\WINDOWS\System32\shlwapi.dll
0x00007ffb609e0000 - 0x00007ffb60a0b000 	C:\WINDOWS\SYSTEM32\profapi.dll
0x00007ffb4df00000 - 0x00007ffb4df19000 	C:\Program Files\Java\jdk-17\bin\net.dll
0x00007ffb59ca0000 - 0x00007ffb59dd6000 	C:\WINDOWS\SYSTEM32\WINHTTP.dll
0x00007ffb60060000 - 0x00007ffb600c9000 	C:\WINDOWS\system32\mswsock.dll
0x00007ffb4dd60000 - 0x00007ffb4dd76000 	C:\Program Files\Java\jdk-17\bin\nio.dll
0x00007ffb450e0000 - 0x00007ffb450f8000 	C:\Program Files\Java\jdk-17\bin\zip.dll
0x00007ffb4ece0000 - 0x00007ffb4ecf0000 	C:\Program Files\Java\jdk-17\bin\verify.dll

dbghelp: loaded successfully - version: 4.0.5 - missing functions: none
symbol engine: initialized successfully - sym options: 0x614 - pdb path: .;C:\Program Files\Java\jdk-17\bin;C:\WINDOWS\SYSTEM32;C:\WINDOWS\WinSxS\amd64_microsoft.windows.common-controls_6595b64144ccf1df_6.0.22621.4391_none_2715d37f73803e96;C:\Program Files\Java\jdk-17\bin\server

VM Arguments:
java_command: org.jetbrains.kotlin.cli.jvm.K2JVMCompiler @C:\Users\ACER\Documents\Toyota\car_rental\node_modules\react-native-screens\android\build\20241122_3537503904697208125.compiler.options
java_class_path (initial): C:\Users\ACER\.gradle\caches\modules-2\files-2.1\org.jetbrains.kotlin\kotlin-compiler-embeddable\1.9.24\78dab849090e6c5e2eadb6e59a11cdc28fb67a08\kotlin-compiler-embeddable-1.9.24.jar;C:\Users\ACER\.gradle\caches\modules-2\files-2.1\org.jetbrains.kotlin\kotlin-stdlib\1.9.24\9928532f12c66ad816a625b3f9984f8368ca6d2b\kotlin-stdlib-1.9.24.jar;C:\Users\ACER\.gradle\caches\modules-2\files-2.1\org.jetbrains.kotlin\kotlin-script-runtime\1.9.24\96771497da90fbc5af1c90fce148db2595a62502\kotlin-script-runtime-1.9.24.jar;C:\Users\ACER\.gradle\caches\modules-2\files-2.1\org.jetbrains.kotlin\kotlin-reflect\1.6.10\1cbe9c92c12a94eea200d23c2bbaedaf3daf5132\kotlin-reflect-1.6.10.jar;C:\Users\ACER\.gradle\caches\modules-2\files-2.1\org.jetbrains.kotlin\kotlin-daemon-embeddable\1.9.24\86685b9c5e8d170925bd9ddbdc263374a6a73281\kotlin-daemon-embeddable-1.9.24.jar;C:\Users\ACER\.gradle\caches\modules-2\files-2.1\org.jetbrains.intellij.deps\trove4j\1.0.20200330\3afb14d5f9ceb459d724e907a21145e8ff394f02\trove4j-1.0.20200330.jar;C:\Users\ACER\.gradle\caches\modules-2\files-2.1\org.jetbrains\annotations\13.0\919f0dfe192fb4e063e7dacadee7f8bb9a2672a9\annotations-13.0.jar
Launcher Type: SUN_STANDARD

[Global flags]
     intx CICompilerCount                          = 4                                         {product} {ergonomic}
     uint ConcGCThreads                            = 2                                         {product} {ergonomic}
     uint G1ConcRefinementThreads                  = 8                                         {product} {ergonomic}
   size_t G1HeapRegionSize                         = 1048576                                   {product} {ergonomic}
    uintx GCDrainStackTargetSize                   = 64                                        {product} {ergonomic}
   size_t InitialHeapSize                          = 132120576                                 {product} {ergonomic}
   size_t MarkStackSize                            = 4194304                                   {product} {ergonomic}
   size_t MaxHeapSize                              = 2095054848                                {product} {ergonomic}
   size_t MaxNewSize                               = 1256194048                                {product} {ergonomic}
   size_t MinHeapDeltaBytes                        = 1048576                                   {product} {ergonomic}
   size_t MinHeapSize                              = 8388608                                   {product} {ergonomic}
    uintx NonNMethodCodeHeapSize                   = 5839372                                {pd product} {ergonomic}
    uintx NonProfiledCodeHeapSize                  = 122909434                              {pd product} {ergonomic}
    uintx ProfiledCodeHeapSize                     = 122909434                              {pd product} {ergonomic}
    uintx ReservedCodeCacheSize                    = 251658240                              {pd product} {ergonomic}
     bool SegmentedCodeCache                       = true                                      {product} {ergonomic}
   size_t SoftMaxHeapSize                          = 2095054848                             {manageable} {ergonomic}
     bool UseCompressedClassPointers               = true                           {product lp64_product} {ergonomic}
     bool UseCompressedOops                        = true                           {product lp64_product} {ergonomic}
     bool UseG1GC                                  = true                                      {product} {ergonomic}
     bool UseLargePagesIndividualAllocation        = false                                  {pd product} {ergonomic}

Logging:
Log output configuration:
 #0: stdout all=warning uptime,level,tags
 #1: stderr all=off uptime,level,tags

Environment Variables:
JAVA_HOME=C:\Program Files\Java\jdk-17
CLASSPATH=C:\Users\ACER\Documents\Toyota\car_rental\android\\gradle\wrapper\gradle-wrapper.jar
PATH=C:\Users\ACER\Documents\Toyota\car_rental\node_modules\.bin;C:\Users\ACER\Documents\Toyota\car_rental\node_modules\.bin;C:\Users\ACER\Documents\Toyota\node_modules\.bin;C:\Users\ACER\Documents\node_modules\.bin;C:\Users\ACER\node_modules\.bin;C:\Users\node_modules\.bin;C:\node_modules\.bin;C:\Program Files\nodejs\node_modules\npm\node_modules\@npmcli\run-script\lib\node-gyp-bin;C:\Program Files\Common Files\Oracle\Java\javapath;C:\Program Files\Python312\Scripts\;C:\Program Files\Python312\;C:\Program Files\Amazon Corretto\jdk1.8.0_392\bin;C:\Windows\system32;C:\Windows;C:\Windows\System32\Wbem;C:\Windows\System32\WindowsPowerShell\v1.0\;C:\Windows\System32\OpenSSH\;C:\Program Files (x86)\NVIDIA Corporation\PhysX\Common;C:\Program Files\NVIDIA Corporation\NVIDIA NvDLISR;C:\WINDOWS\system32;C:\WINDOWS;C:\WINDOWS\System32\Wbem;C:\WINDOWS\System32\WindowsPowerShell\v1.0\;C:\WINDOWS\System32\OpenSSH\;C:\Program Files\Git\cmd;C:\Program Files\MySQL\MySQL Server 8.0\bin;C:\Program Files\Java\jdk-20\bin;C:\Program Files\PostgreSQL\15\bin;C:\xampp\php;C:\ProgramData\ComposerSetup\bin;C:\Program Files\dotnet\;C:\Program Files\Java\apache-maven-3.9.5\bin;C:\Program Files\Microsoft SQL Server\150\Tools\Binn\;C:\msys64\ucrt64\bin;C:\Program Files\Docker\Docker\resources\bin;C:\Program Files\Go\bin;C:\Program Files\PuTTY\;D:\flutter_windows_3.24.3-stable\flutter\bin;C:\Program Files\CMake\bin;C:\Users\ACER\AppData\Local\Programs\Python\Python312;C:\Program Files\Graphviz\bin;C:\Program Files\Microsoft SQL Server\Client SDK\ODBC\170\Tools\Binn\;D:\Toyota\vggvox-speaker-identification-master\vggvox-speaker-identification-master\data\wav\ffmpeg-master-latest-win64-gpl-shared\ffmpeg-master-latest-win64-gpl-shared\bin;C:\ProgramData\chocolatey\bin;C:\Program Files (x86)\Yarn\bin\;C:\Users\ACER\AppData\Local\Android\Sdk\platform-tools;C:\Program Files\nodejs\;C:\Users\ACER\AppData\Local\Android\Sdk\tools;C:\Users\ACER\AppData\Roaming\.dotnet;C:\Program Files\MySQL\MySQL Shell 8.0\bi
USERNAME=ACER
LANG=en_US.UTF-8
OS=Windows_NT
PROCESSOR_IDENTIFIER=Intel64 Family 6 Model 140 Stepping 1, GenuineIntel



---------------  S Y S T E M  ---------------

OS:
 Windows 11 , 64 bit Build 22621 (10.0.22621.4391)
OS uptime: 1 days 9:19 hours
Hyper-V role detected

CPU: total 8 (initial active 8) (4 cores per cpu, 2 threads per core) family 6 model 140 stepping 1 microcode 0x86, cx8, cmov, fxsr, ht, mmx, 3dnowpref, sse, sse2, sse3, ssse3, sse4.1, sse4.2, popcnt, lzcnt, tsc, tscinvbit, avx, avx2, aes, erms, clmul, bmi1, bmi2, adx, avx512f, avx512dq, avx512cd, avx512bw, avx512vl, sha, fma, vzeroupper, avx512_vpopcntdq, avx512_vpclmulqdq, avx512_vaes, avx512_vnni, clflush, clflushopt, clwb, avx512_vbmi2, avx512_vbmi, hv

Memory: 4k page, system-wide physical 7987M (1036M free)
TotalPageFile size 32563M (AvailPageFile size 16M)
current process WorkingSet (physical memory assigned to process): 388M, peak: 388M
current process commit charge ("private bytes"): 589M, peak: 592M

vm_info: Java HotSpot(TM) 64-Bit Server VM (17.0.10+11-LTS-240) for windows-amd64 JRE (17.0.10+11-LTS-240), built on Dec 19 2023 21:47:25 by "mach5one" with MS VC++ 17.1 (VS2022)

END.
