#
# There is insufficient memory for the Java Runtime Environment to continue.
# Native memory allocation (malloc) failed to allocate 2194208 bytes for Chunk::new
# Possible reasons:
#   The system is out of physical RAM or swap space
#   The process is running with CompressedOops enabled, and the Java Heap may be blocking the growth of the native heap
# Possible solutions:
#   Reduce memory load on the system
#   Increase physical memory or swap space
#   Check if swap backing store is full
#   Decrease Java heap size (-Xmx/-Xms)
#   Decrease number of Java threads
#   Decrease Java thread stack sizes (-Xss)
#   Set larger code cache with -XX:ReservedCodeCacheSize=
#   JVM is running with Unscaled Compressed Oops mode in which the Java heap is
#     placed in the first 4GB address space. The Java Heap base address is the
#     maximum limit for the native heap growth. Please use -XX:HeapBaseMinAddress
#     to set the Java Heap base and to place the Java Heap above 4GB virtual address.
# This output file may be truncated or incomplete.
#
#  Out of Memory Error (arena.cpp:189), pid=24232, tid=19884
#
# JRE version: Java(TM) SE Runtime Environment (17.0.10+11) (build 17.0.10+11-LTS-240)
# Java VM: Java HotSpot(TM) 64-Bit Server VM (17.0.10+11-LTS-240, mixed mode, sharing, tiered, compressed oops, compressed class ptrs, g1 gc, windows-amd64)
# No core dump will be written. Minidumps are not enabled by default on client versions of Windows
#

---------------  S U M M A R Y ------------

Command Line: org.jetbrains.kotlin.cli.jvm.K2JVMCompiler @C:\Users\ACER\Documents\Toyota\car_rental\node_modules\react-native-safe-area-context\android\build\20241122_6922202874826041980.compiler.options

Host: 11th Gen Intel(R) Core(TM) i5-11300H @ 3.10GHz, 8 cores, 7G,  Windows 11 , 64 bit Build 22621 (10.0.22621.4391)
Time: Fri Nov 22 16:32:38 2024 SE Asia Standard Time elapsed time: 8.157538 seconds (0d 0h 0m 8s)

---------------  T H R E A D  ---------------

Current thread (0x00000151fee9a070):  JavaThread "C2 CompilerThread0" daemon [_thread_in_native, id=19884, stack(0x00000034b4500000,0x00000034b4600000)]


Current CompileTask:
C2:   8157 1262   !   4       jdk.internal.loader.BuiltinClassLoader::loadClassOrNull (143 bytes)

Stack: [0x00000034b4500000,0x00000034b4600000]
Native frames: (J=compiled Java code, j=interpreted, Vv=VM code, C=native code)
V  [jvm.dll+0x677a5a]
V  [jvm.dll+0x7d8b2d]
V  [jvm.dll+0x7da48e]
V  [jvm.dll+0x7daaf3]
V  [jvm.dll+0x2455ff]
V  [jvm.dll+0xaaafb]
V  [jvm.dll+0xab09c]
V  [jvm.dll+0x361bae]
V  [jvm.dll+0x1bb3ca]
V  [jvm.dll+0x217aa7]
V  [jvm.dll+0x216d81]
V  [jvm.dll+0x1a3410]
V  [jvm.dll+0x226aeb]
V  [jvm.dll+0x224cab]
V  [jvm.dll+0x78e45c]
V  [jvm.dll+0x78888a]
V  [jvm.dll+0x676935]
C  [ucrtbase.dll+0x29333]
C  [KERNEL32.DLL+0x1259d]
C  [ntdll.dll+0x5af38]


---------------  P R O C E S S  ---------------

Threads class SMR info:
_java_thread_list=0x00000151ff0da3d0, length=12, elements={
0x00000151efe5d590, 0x00000151fee7baf0, 0x00000151fee7c6b0, 0x00000151fee93470,
0x00000151fee95f40, 0x00000151fee98910, 0x00000151fee992d0, 0x00000151fee9a070,
0x00000151feeb65d0, 0x00000151feee6b80, 0x00000151ff0d8020, 0x00000151ff0de7b0
}

Java Threads: ( => current thread )
  0x00000151efe5d590 JavaThread "main" [_thread_in_Java, id=11620, stack(0x00000034b3800000,0x00000034b3900000)]
  0x00000151fee7baf0 JavaThread "Reference Handler" daemon [_thread_blocked, id=18776, stack(0x00000034b3f00000,0x00000034b4000000)]
  0x00000151fee7c6b0 JavaThread "Finalizer" daemon [_thread_blocked, id=16432, stack(0x00000034b4000000,0x00000034b4100000)]
  0x00000151fee93470 JavaThread "Signal Dispatcher" daemon [_thread_blocked, id=27800, stack(0x00000034b4100000,0x00000034b4200000)]
  0x00000151fee95f40 JavaThread "Attach Listener" daemon [_thread_blocked, id=18332, stack(0x00000034b4200000,0x00000034b4300000)]
  0x00000151fee98910 JavaThread "Service Thread" daemon [_thread_blocked, id=10528, stack(0x00000034b4300000,0x00000034b4400000)]
  0x00000151fee992d0 JavaThread "Monitor Deflation Thread" daemon [_thread_blocked, id=19908, stack(0x00000034b4400000,0x00000034b4500000)]
=>0x00000151fee9a070 JavaThread "C2 CompilerThread0" daemon [_thread_in_native, id=19884, stack(0x00000034b4500000,0x00000034b4600000)]
  0x00000151feeb65d0 JavaThread "C1 CompilerThread0" daemon [_thread_blocked, id=6832, stack(0x00000034b4600000,0x00000034b4700000)]
  0x00000151feee6b80 JavaThread "Sweeper thread" daemon [_thread_blocked, id=8656, stack(0x00000034b4700000,0x00000034b4800000)]
  0x00000151ff0d8020 JavaThread "Notification Thread" daemon [_thread_blocked, id=2308, stack(0x00000034b4800000,0x00000034b4900000)]
  0x00000151ff0de7b0 JavaThread "Common-Cleaner" daemon [_thread_blocked, id=24992, stack(0x00000034b4a00000,0x00000034b4b00000)]

Other Threads:
  0x00000151fee778b0 VMThread "VM Thread" [stack: 0x00000034b3e00000,0x00000034b3f00000] [id=14184]
  0x00000151ff0de520 WatcherThread [stack: 0x00000034b4900000,0x00000034b4a00000] [id=14296]
  0x00000151efeb5570 GCTaskThread "GC Thread#0" [stack: 0x00000034b3900000,0x00000034b3a00000] [id=20072]
  0x00000151ff5b6950 GCTaskThread "GC Thread#1" [stack: 0x00000034b4b00000,0x00000034b4c00000] [id=9848]
  0x00000151ff5b6c10 GCTaskThread "GC Thread#2" [stack: 0x00000034b4c00000,0x00000034b4d00000] [id=24632]
  0x00000151ff5981f0 GCTaskThread "GC Thread#3" [stack: 0x00000034b4d00000,0x00000034b4e00000] [id=28668]
  0x00000151ff636780 GCTaskThread "GC Thread#4" [stack: 0x00000034b4e00000,0x00000034b4f00000] [id=23528]
  0x00000151ff636a40 GCTaskThread "GC Thread#5" [stack: 0x00000034b4f00000,0x00000034b5000000] [id=12116]
  0x00000151d40699d0 GCTaskThread "GC Thread#6" [stack: 0x00000034b5000000,0x00000034b5100000] [id=14540]
  0x00000151ffbeecb0 GCTaskThread "GC Thread#7" [stack: 0x00000034b5100000,0x00000034b5200000] [id=26696]
  0x00000151efec5e80 ConcurrentGCThread "G1 Main Marker" [stack: 0x00000034b3a00000,0x00000034b3b00000] [id=25788]
  0x00000151efec78a0 ConcurrentGCThread "G1 Conc#0" [stack: 0x00000034b3b00000,0x00000034b3c00000] [id=24940]
  0x00000151eff1d0f0 ConcurrentGCThread "G1 Refine#0" [stack: 0x00000034b3c00000,0x00000034b3d00000] [id=18384]
  0x00000151eff1db20 ConcurrentGCThread "G1 Service" [stack: 0x00000034b3d00000,0x00000034b3e00000] [id=11984]

Threads with active compile tasks:
C2 CompilerThread0     8197 1262   !   4       jdk.internal.loader.BuiltinClassLoader::loadClassOrNull (143 bytes)

VM state: not at safepoint (normal execution)

VM Mutex/Monitor currently owned by a thread: None

Heap address: 0x0000000083200000, size: 1998 MB, Compressed Oops mode: 32-bit

CDS archive(s) mapped at: [0x000001518f000000-0x000001518fbd0000-0x000001518fbd0000), size 12386304, SharedBaseAddress: 0x000001518f000000, ArchiveRelocationMode: 1.
Compressed class space mapped at: 0x0000015190000000-0x00000151d0000000, reserved size: 1073741824
Narrow klass base: 0x000001518f000000, Narrow klass shift: 0, Narrow klass range: 0x100000000

GC Precious Log:
 CPUs: 8 total, 8 available
 Memory: 7987M
 Large Page Support: Disabled
 NUMA Support: Disabled
 Compressed Oops: Enabled (32-bit)
 Heap Region Size: 1M
 Heap Min Capacity: 8M
 Heap Initial Capacity: 126M
 Heap Max Capacity: 1998M
 Pre-touch: Disabled
 Parallel Workers: 8
 Concurrent Workers: 2
 Concurrent Refinement Workers: 8
 Periodic GC: Disabled

Heap:
 garbage-first heap   total 129024K, used 33437K [0x0000000083200000, 0x0000000100000000)
  region size 1024K, 25 young (25600K), 4 survivors (4096K)
 Metaspace       used 19951K, committed 20160K, reserved 1114112K
  class space    used 2734K, committed 2816K, reserved 1048576K

Heap Regions: E=young(eden), S=young(survivor), O=old, HS=humongous(starts), HC=humongous(continues), CS=collection set, F=free, OA=open archive, CA=closed archive, TAMS=top-at-mark-start (previous, next)
|   0|0x0000000083200000, 0x0000000083300000, 0x0000000083300000|100%|HS|  |TAMS 0x0000000083200000, 0x0000000083200000| Complete 
|   1|0x0000000083300000, 0x0000000083400000, 0x0000000083400000|100%|HC|  |TAMS 0x0000000083300000, 0x0000000083300000| Complete 
|   2|0x0000000083400000, 0x0000000083500000, 0x0000000083500000|100%|HC|  |TAMS 0x0000000083400000, 0x0000000083400000| Complete 
|   3|0x0000000083500000, 0x0000000083600000, 0x0000000083600000|100%|HC|  |TAMS 0x0000000083500000, 0x0000000083500000| Complete 
|   4|0x0000000083600000, 0x0000000083700000, 0x0000000083700000|100%|HS|  |TAMS 0x0000000083600000, 0x0000000083600000| Complete 
|   5|0x0000000083700000, 0x0000000083800000, 0x0000000083800000|100%|HC|  |TAMS 0x0000000083700000, 0x0000000083700000| Complete 
|   6|0x0000000083800000, 0x0000000083900000, 0x0000000083900000|100%| O|  |TAMS 0x0000000083800000, 0x0000000083800000| Untracked 
|   7|0x0000000083900000, 0x0000000083a00000, 0x0000000083a00000|100%| O|  |TAMS 0x0000000083900000, 0x0000000083900000| Untracked 
|   8|0x0000000083a00000, 0x0000000083aa7400, 0x0000000083b00000| 65%| O|  |TAMS 0x0000000083a00000, 0x0000000083a00000| Untracked 
|   9|0x0000000083b00000, 0x0000000083b00000, 0x0000000083c00000|  0%| F|  |TAMS 0x0000000083b00000, 0x0000000083b00000| Untracked 
|  10|0x0000000083c00000, 0x0000000083c00000, 0x0000000083d00000|  0%| F|  |TAMS 0x0000000083c00000, 0x0000000083c00000| Untracked 
|  11|0x0000000083d00000, 0x0000000083d00000, 0x0000000083e00000|  0%| F|  |TAMS 0x0000000083d00000, 0x0000000083d00000| Untracked 
|  12|0x0000000083e00000, 0x0000000083e00000, 0x0000000083f00000|  0%| F|  |TAMS 0x0000000083e00000, 0x0000000083e00000| Untracked 
|  13|0x0000000083f00000, 0x0000000083f00000, 0x0000000084000000|  0%| F|  |TAMS 0x0000000083f00000, 0x0000000083f00000| Untracked 
|  14|0x0000000084000000, 0x0000000084000000, 0x0000000084100000|  0%| F|  |TAMS 0x0000000084000000, 0x0000000084000000| Untracked 
|  15|0x0000000084100000, 0x0000000084100000, 0x0000000084200000|  0%| F|  |TAMS 0x0000000084100000, 0x0000000084100000| Untracked 
|  16|0x0000000084200000, 0x0000000084200000, 0x0000000084300000|  0%| F|  |TAMS 0x0000000084200000, 0x0000000084200000| Untracked 
|  17|0x0000000084300000, 0x0000000084300000, 0x0000000084400000|  0%| F|  |TAMS 0x0000000084300000, 0x0000000084300000| Untracked 
|  18|0x0000000084400000, 0x0000000084400000, 0x0000000084500000|  0%| F|  |TAMS 0x0000000084400000, 0x0000000084400000| Untracked 
|  19|0x0000000084500000, 0x0000000084500000, 0x0000000084600000|  0%| F|  |TAMS 0x0000000084500000, 0x0000000084500000| Untracked 
|  20|0x0000000084600000, 0x0000000084600000, 0x0000000084700000|  0%| F|  |TAMS 0x0000000084600000, 0x0000000084600000| Untracked 
|  21|0x0000000084700000, 0x0000000084700000, 0x0000000084800000|  0%| F|  |TAMS 0x0000000084700000, 0x0000000084700000| Untracked 
|  22|0x0000000084800000, 0x0000000084800000, 0x0000000084900000|  0%| F|  |TAMS 0x0000000084800000, 0x0000000084800000| Untracked 
|  23|0x0000000084900000, 0x0000000084900000, 0x0000000084a00000|  0%| F|  |TAMS 0x0000000084900000, 0x0000000084900000| Untracked 
|  24|0x0000000084a00000, 0x0000000084a00000, 0x0000000084b00000|  0%| F|  |TAMS 0x0000000084a00000, 0x0000000084a00000| Untracked 
|  25|0x0000000084b00000, 0x0000000084b00000, 0x0000000084c00000|  0%| F|  |TAMS 0x0000000084b00000, 0x0000000084b00000| Untracked 
|  26|0x0000000084c00000, 0x0000000084c00000, 0x0000000084d00000|  0%| F|  |TAMS 0x0000000084c00000, 0x0000000084c00000| Untracked 
|  27|0x0000000084d00000, 0x0000000084d00000, 0x0000000084e00000|  0%| F|  |TAMS 0x0000000084d00000, 0x0000000084d00000| Untracked 
|  28|0x0000000084e00000, 0x0000000084e00000, 0x0000000084f00000|  0%| F|  |TAMS 0x0000000084e00000, 0x0000000084e00000| Untracked 
|  29|0x0000000084f00000, 0x0000000084f00000, 0x0000000085000000|  0%| F|  |TAMS 0x0000000084f00000, 0x0000000084f00000| Untracked 
|  30|0x0000000085000000, 0x0000000085000000, 0x0000000085100000|  0%| F|  |TAMS 0x0000000085000000, 0x0000000085000000| Untracked 
|  31|0x0000000085100000, 0x0000000085100000, 0x0000000085200000|  0%| F|  |TAMS 0x0000000085100000, 0x0000000085100000| Untracked 
|  32|0x0000000085200000, 0x0000000085200000, 0x0000000085300000|  0%| F|  |TAMS 0x0000000085200000, 0x0000000085200000| Untracked 
|  33|0x0000000085300000, 0x0000000085300000, 0x0000000085400000|  0%| F|  |TAMS 0x0000000085300000, 0x0000000085300000| Untracked 
|  34|0x0000000085400000, 0x0000000085400000, 0x0000000085500000|  0%| F|  |TAMS 0x0000000085400000, 0x0000000085400000| Untracked 
|  35|0x0000000085500000, 0x0000000085500000, 0x0000000085600000|  0%| F|  |TAMS 0x0000000085500000, 0x0000000085500000| Untracked 
|  36|0x0000000085600000, 0x0000000085600000, 0x0000000085700000|  0%| F|  |TAMS 0x0000000085600000, 0x0000000085600000| Untracked 
|  37|0x0000000085700000, 0x0000000085700000, 0x0000000085800000|  0%| F|  |TAMS 0x0000000085700000, 0x0000000085700000| Untracked 
|  38|0x0000000085800000, 0x0000000085800000, 0x0000000085900000|  0%| F|  |TAMS 0x0000000085800000, 0x0000000085800000| Untracked 
|  39|0x0000000085900000, 0x0000000085900000, 0x0000000085a00000|  0%| F|  |TAMS 0x0000000085900000, 0x0000000085900000| Untracked 
|  40|0x0000000085a00000, 0x0000000085a00000, 0x0000000085b00000|  0%| F|  |TAMS 0x0000000085a00000, 0x0000000085a00000| Untracked 
|  41|0x0000000085b00000, 0x0000000085b00000, 0x0000000085c00000|  0%| F|  |TAMS 0x0000000085b00000, 0x0000000085b00000| Untracked 
|  42|0x0000000085c00000, 0x0000000085c00000, 0x0000000085d00000|  0%| F|  |TAMS 0x0000000085c00000, 0x0000000085c00000| Untracked 
|  43|0x0000000085d00000, 0x0000000085d00000, 0x0000000085e00000|  0%| F|  |TAMS 0x0000000085d00000, 0x0000000085d00000| Untracked 
|  44|0x0000000085e00000, 0x0000000085e00000, 0x0000000085f00000|  0%| F|  |TAMS 0x0000000085e00000, 0x0000000085e00000| Untracked 
|  45|0x0000000085f00000, 0x0000000085f00000, 0x0000000086000000|  0%| F|  |TAMS 0x0000000085f00000, 0x0000000085f00000| Untracked 
|  46|0x0000000086000000, 0x0000000086000000, 0x0000000086100000|  0%| F|  |TAMS 0x0000000086000000, 0x0000000086000000| Untracked 
|  47|0x0000000086100000, 0x0000000086100000, 0x0000000086200000|  0%| F|  |TAMS 0x0000000086100000, 0x0000000086100000| Untracked 
|  48|0x0000000086200000, 0x0000000086200000, 0x0000000086300000|  0%| F|  |TAMS 0x0000000086200000, 0x0000000086200000| Untracked 
|  49|0x0000000086300000, 0x0000000086300000, 0x0000000086400000|  0%| F|  |TAMS 0x0000000086300000, 0x0000000086300000| Untracked 
|  50|0x0000000086400000, 0x0000000086400000, 0x0000000086500000|  0%| F|  |TAMS 0x0000000086400000, 0x0000000086400000| Untracked 
|  51|0x0000000086500000, 0x0000000086500000, 0x0000000086600000|  0%| F|  |TAMS 0x0000000086500000, 0x0000000086500000| Untracked 
|  52|0x0000000086600000, 0x0000000086600000, 0x0000000086700000|  0%| F|  |TAMS 0x0000000086600000, 0x0000000086600000| Untracked 
|  53|0x0000000086700000, 0x0000000086700000, 0x0000000086800000|  0%| F|  |TAMS 0x0000000086700000, 0x0000000086700000| Untracked 
|  54|0x0000000086800000, 0x0000000086800000, 0x0000000086900000|  0%| F|  |TAMS 0x0000000086800000, 0x0000000086800000| Untracked 
|  55|0x0000000086900000, 0x0000000086900000, 0x0000000086a00000|  0%| F|  |TAMS 0x0000000086900000, 0x0000000086900000| Untracked 
|  56|0x0000000086a00000, 0x0000000086a00000, 0x0000000086b00000|  0%| F|  |TAMS 0x0000000086a00000, 0x0000000086a00000| Untracked 
|  57|0x0000000086b00000, 0x0000000086b00000, 0x0000000086c00000|  0%| F|  |TAMS 0x0000000086b00000, 0x0000000086b00000| Untracked 
|  58|0x0000000086c00000, 0x0000000086c00000, 0x0000000086d00000|  0%| F|  |TAMS 0x0000000086c00000, 0x0000000086c00000| Untracked 
|  59|0x0000000086d00000, 0x0000000086d00000, 0x0000000086e00000|  0%| F|  |TAMS 0x0000000086d00000, 0x0000000086d00000| Untracked 
|  60|0x0000000086e00000, 0x0000000086e00000, 0x0000000086f00000|  0%| F|  |TAMS 0x0000000086e00000, 0x0000000086e00000| Untracked 
|  61|0x0000000086f00000, 0x0000000086f00000, 0x0000000087000000|  0%| F|  |TAMS 0x0000000086f00000, 0x0000000086f00000| Untracked 
|  62|0x0000000087000000, 0x0000000087000000, 0x0000000087100000|  0%| F|  |TAMS 0x0000000087000000, 0x0000000087000000| Untracked 
|  63|0x0000000087100000, 0x0000000087100000, 0x0000000087200000|  0%| F|  |TAMS 0x0000000087100000, 0x0000000087100000| Untracked 
|  64|0x0000000087200000, 0x0000000087200000, 0x0000000087300000|  0%| F|  |TAMS 0x0000000087200000, 0x0000000087200000| Untracked 
|  65|0x0000000087300000, 0x0000000087300000, 0x0000000087400000|  0%| F|  |TAMS 0x0000000087300000, 0x0000000087300000| Untracked 
|  66|0x0000000087400000, 0x0000000087400000, 0x0000000087500000|  0%| F|  |TAMS 0x0000000087400000, 0x0000000087400000| Untracked 
|  67|0x0000000087500000, 0x0000000087500000, 0x0000000087600000|  0%| F|  |TAMS 0x0000000087500000, 0x0000000087500000| Untracked 
|  68|0x0000000087600000, 0x0000000087600000, 0x0000000087700000|  0%| F|  |TAMS 0x0000000087600000, 0x0000000087600000| Untracked 
|  69|0x0000000087700000, 0x0000000087700000, 0x0000000087800000|  0%| F|  |TAMS 0x0000000087700000, 0x0000000087700000| Untracked 
|  70|0x0000000087800000, 0x0000000087800000, 0x0000000087900000|  0%| F|  |TAMS 0x0000000087800000, 0x0000000087800000| Untracked 
|  71|0x0000000087900000, 0x0000000087900000, 0x0000000087a00000|  0%| F|  |TAMS 0x0000000087900000, 0x0000000087900000| Untracked 
|  72|0x0000000087a00000, 0x0000000087a00000, 0x0000000087b00000|  0%| F|  |TAMS 0x0000000087a00000, 0x0000000087a00000| Untracked 
|  73|0x0000000087b00000, 0x0000000087b00000, 0x0000000087c00000|  0%| F|  |TAMS 0x0000000087b00000, 0x0000000087b00000| Untracked 
|  74|0x0000000087c00000, 0x0000000087c00000, 0x0000000087d00000|  0%| F|  |TAMS 0x0000000087c00000, 0x0000000087c00000| Untracked 
|  75|0x0000000087d00000, 0x0000000087d00000, 0x0000000087e00000|  0%| F|  |TAMS 0x0000000087d00000, 0x0000000087d00000| Untracked 
|  76|0x0000000087e00000, 0x0000000087e00000, 0x0000000087f00000|  0%| F|  |TAMS 0x0000000087e00000, 0x0000000087e00000| Untracked 
|  77|0x0000000087f00000, 0x0000000087f00000, 0x0000000088000000|  0%| F|  |TAMS 0x0000000087f00000, 0x0000000087f00000| Untracked 
|  78|0x0000000088000000, 0x0000000088000000, 0x0000000088100000|  0%| F|  |TAMS 0x0000000088000000, 0x0000000088000000| Untracked 
|  79|0x0000000088100000, 0x0000000088100000, 0x0000000088200000|  0%| F|  |TAMS 0x0000000088100000, 0x0000000088100000| Untracked 
|  80|0x0000000088200000, 0x0000000088200000, 0x0000000088300000|  0%| F|  |TAMS 0x0000000088200000, 0x0000000088200000| Untracked 
|  81|0x0000000088300000, 0x0000000088300000, 0x0000000088400000|  0%| F|  |TAMS 0x0000000088300000, 0x0000000088300000| Untracked 
|  82|0x0000000088400000, 0x0000000088400000, 0x0000000088500000|  0%| F|  |TAMS 0x0000000088400000, 0x0000000088400000| Untracked 
|  83|0x0000000088500000, 0x0000000088500000, 0x0000000088600000|  0%| F|  |TAMS 0x0000000088500000, 0x0000000088500000| Untracked 
|  84|0x0000000088600000, 0x0000000088600000, 0x0000000088700000|  0%| F|  |TAMS 0x0000000088600000, 0x0000000088600000| Untracked 
|  85|0x0000000088700000, 0x0000000088700000, 0x0000000088800000|  0%| F|  |TAMS 0x0000000088700000, 0x0000000088700000| Untracked 
|  86|0x0000000088800000, 0x0000000088900000, 0x0000000088900000|100%| S|CS|TAMS 0x0000000088800000, 0x0000000088800000| Complete 
|  87|0x0000000088900000, 0x0000000088a00000, 0x0000000088a00000|100%| S|CS|TAMS 0x0000000088900000, 0x0000000088900000| Complete 
|  88|0x0000000088a00000, 0x0000000088b00000, 0x0000000088b00000|100%| S|CS|TAMS 0x0000000088a00000, 0x0000000088a00000| Complete 
|  89|0x0000000088b00000, 0x0000000088c00000, 0x0000000088c00000|100%| S|CS|TAMS 0x0000000088b00000, 0x0000000088b00000| Complete 
|  90|0x0000000088c00000, 0x0000000088c00000, 0x0000000088d00000|  0%| F|  |TAMS 0x0000000088c00000, 0x0000000088c00000| Untracked 
|  91|0x0000000088d00000, 0x0000000088d00000, 0x0000000088e00000|  0%| F|  |TAMS 0x0000000088d00000, 0x0000000088d00000| Untracked 
|  92|0x0000000088e00000, 0x0000000088e00000, 0x0000000088f00000|  0%| F|  |TAMS 0x0000000088e00000, 0x0000000088e00000| Untracked 
|  93|0x0000000088f00000, 0x0000000088f00000, 0x0000000089000000|  0%| F|  |TAMS 0x0000000088f00000, 0x0000000088f00000| Untracked 
|  94|0x0000000089000000, 0x0000000089000000, 0x0000000089100000|  0%| F|  |TAMS 0x0000000089000000, 0x0000000089000000| Untracked 
|  95|0x0000000089100000, 0x0000000089100000, 0x0000000089200000|  0%| F|  |TAMS 0x0000000089100000, 0x0000000089100000| Untracked 
|  96|0x0000000089200000, 0x0000000089200000, 0x0000000089300000|  0%| F|  |TAMS 0x0000000089200000, 0x0000000089200000| Untracked 
|  97|0x0000000089300000, 0x0000000089300000, 0x0000000089400000|  0%| F|  |TAMS 0x0000000089300000, 0x0000000089300000| Untracked 
|  98|0x0000000089400000, 0x0000000089400000, 0x0000000089500000|  0%| F|  |TAMS 0x0000000089400000, 0x0000000089400000| Untracked 
|  99|0x0000000089500000, 0x0000000089500000, 0x0000000089600000|  0%| F|  |TAMS 0x0000000089500000, 0x0000000089500000| Untracked 
| 100|0x0000000089600000, 0x0000000089600000, 0x0000000089700000|  0%| F|  |TAMS 0x0000000089600000, 0x0000000089600000| Untracked 
| 101|0x0000000089700000, 0x0000000089700000, 0x0000000089800000|  0%| F|  |TAMS 0x0000000089700000, 0x0000000089700000| Untracked 
| 102|0x0000000089800000, 0x0000000089800000, 0x0000000089900000|  0%| F|  |TAMS 0x0000000089800000, 0x0000000089800000| Untracked 
| 103|0x0000000089900000, 0x0000000089900000, 0x0000000089a00000|  0%| F|  |TAMS 0x0000000089900000, 0x0000000089900000| Untracked 
| 104|0x0000000089a00000, 0x0000000089a00000, 0x0000000089b00000|  0%| F|  |TAMS 0x0000000089a00000, 0x0000000089a00000| Untracked 
| 105|0x0000000089b00000, 0x0000000089b81c10, 0x0000000089c00000| 50%| E|  |TAMS 0x0000000089b00000, 0x0000000089b00000| Complete 
| 106|0x0000000089c00000, 0x0000000089d00000, 0x0000000089d00000|100%| E|CS|TAMS 0x0000000089c00000, 0x0000000089c00000| Complete 
| 107|0x0000000089d00000, 0x0000000089e00000, 0x0000000089e00000|100%| E|CS|TAMS 0x0000000089d00000, 0x0000000089d00000| Complete 
| 108|0x0000000089e00000, 0x0000000089f00000, 0x0000000089f00000|100%| E|CS|TAMS 0x0000000089e00000, 0x0000000089e00000| Complete 
| 109|0x0000000089f00000, 0x000000008a000000, 0x000000008a000000|100%| E|CS|TAMS 0x0000000089f00000, 0x0000000089f00000| Complete 
| 110|0x000000008a000000, 0x000000008a100000, 0x000000008a100000|100%| E|CS|TAMS 0x000000008a000000, 0x000000008a000000| Complete 
| 111|0x000000008a100000, 0x000000008a200000, 0x000000008a200000|100%| E|CS|TAMS 0x000000008a100000, 0x000000008a100000| Complete 
| 112|0x000000008a200000, 0x000000008a300000, 0x000000008a300000|100%| E|CS|TAMS 0x000000008a200000, 0x000000008a200000| Complete 
| 113|0x000000008a300000, 0x000000008a400000, 0x000000008a400000|100%| E|CS|TAMS 0x000000008a300000, 0x000000008a300000| Complete 
| 114|0x000000008a400000, 0x000000008a500000, 0x000000008a500000|100%| E|CS|TAMS 0x000000008a400000, 0x000000008a400000| Complete 
| 115|0x000000008a500000, 0x000000008a600000, 0x000000008a600000|100%| E|CS|TAMS 0x000000008a500000, 0x000000008a500000| Complete 
| 116|0x000000008a600000, 0x000000008a700000, 0x000000008a700000|100%| E|CS|TAMS 0x000000008a600000, 0x000000008a600000| Complete 
| 117|0x000000008a700000, 0x000000008a800000, 0x000000008a800000|100%| E|CS|TAMS 0x000000008a700000, 0x000000008a700000| Complete 
| 118|0x000000008a800000, 0x000000008a900000, 0x000000008a900000|100%| E|CS|TAMS 0x000000008a800000, 0x000000008a800000| Complete 
| 119|0x000000008a900000, 0x000000008aa00000, 0x000000008aa00000|100%| E|CS|TAMS 0x000000008a900000, 0x000000008a900000| Complete 
| 120|0x000000008aa00000, 0x000000008ab00000, 0x000000008ab00000|100%| E|CS|TAMS 0x000000008aa00000, 0x000000008aa00000| Complete 
| 121|0x000000008ab00000, 0x000000008ac00000, 0x000000008ac00000|100%| E|CS|TAMS 0x000000008ab00000, 0x000000008ab00000| Complete 
| 122|0x000000008ac00000, 0x000000008ad00000, 0x000000008ad00000|100%| E|CS|TAMS 0x000000008ac00000, 0x000000008ac00000| Complete 
| 123|0x000000008ad00000, 0x000000008ae00000, 0x000000008ae00000|100%| E|CS|TAMS 0x000000008ad00000, 0x000000008ad00000| Complete 
| 124|0x000000008ae00000, 0x000000008af00000, 0x000000008af00000|100%| E|CS|TAMS 0x000000008ae00000, 0x000000008ae00000| Complete 
| 125|0x000000008af00000, 0x000000008b000000, 0x000000008b000000|100%| E|CS|TAMS 0x000000008af00000, 0x000000008af00000| Complete 

Card table byte_map: [0x00000151f7e20000,0x00000151f8210000] _byte_map_base: 0x00000151f7a07000

Marking Bits (Prev, Next): (CMBitMap*) 0x00000151efeb5b90, (CMBitMap*) 0x00000151efeb5bd0
 Prev Bits: [0x00000151f8600000, 0x00000151fa538000)
 Next Bits: [0x00000151fa540000, 0x00000151fc478000)

Polling page: 0x00000151eddf0000

Metaspace:

Usage:
  Non-class:     16.83 MB used.
      Class:      2.67 MB used.
       Both:     19.50 MB used.

Virtual space:
  Non-class space:       64.00 MB reserved,      16.94 MB ( 26%) committed,  1 nodes.
      Class space:        1.00 GB reserved,       2.75 MB ( <1%) committed,  1 nodes.
             Both:        1.06 GB reserved,      19.69 MB (  2%) committed. 

Chunk freelists:
   Non-Class:  12.94 MB
       Class:  13.20 MB
        Both:  26.14 MB

MaxMetaspaceSize: unlimited
CompressedClassSpaceSize: 1.00 GB
Initial GC threshold: 21.00 MB
Current GC threshold: 21.00 MB
CDS: on
MetaspaceReclaimPolicy: balanced
 - commit_granule_bytes: 65536.
 - commit_granule_words: 8192.
 - virtual_space_node_default_size: 8388608.
 - enlarge_chunks_in_place: 1.
 - new_chunks_are_fully_committed: 0.
 - uncommit_free_chunks: 1.
 - use_allocation_guard: 0.
 - handle_deallocations: 1.


Internal statistics:

num_allocs_failed_limit: 0.
num_arena_births: 110.
num_arena_deaths: 0.
num_vsnodes_births: 2.
num_vsnodes_deaths: 0.
num_space_committed: 314.
num_space_uncommitted: 0.
num_chunks_returned_to_freelist: 0.
num_chunks_taken_from_freelist: 765.
num_chunk_merges: 0.
num_chunk_splits: 623.
num_chunks_enlarged: 571.
num_inconsistent_stats: 0.

CodeHeap 'non-profiled nmethods': size=120000Kb used=566Kb max_used=566Kb free=119433Kb
 bounds [0x0000015187ad0000, 0x0000015187d40000, 0x000001518f000000]
CodeHeap 'profiled nmethods': size=120000Kb used=2419Kb max_used=2419Kb free=117580Kb
 bounds [0x0000015180000000, 0x0000015180270000, 0x0000015187530000]
CodeHeap 'non-nmethods': size=5760Kb used=1210Kb max_used=1221Kb free=4549Kb
 bounds [0x0000015187530000, 0x00000151877a0000, 0x0000015187ad0000]
 total_blobs=1941 nmethods=1441 adapters=413
 compilation: enabled
              stopped_count=0, restarted_count=0
 full_count=0

Compilation events (20 events):
Event: 8.127 Thread 0x00000151feeb65d0 1429       3       org.jetbrains.kotlin.metadata.ProtoBuf$Type::hasOuterType (20 bytes)
Event: 8.127 Thread 0x00000151feeb65d0 nmethod 1429 0x0000015180257f90 code [0x0000015180258120, 0x0000015180258298]
Event: 8.127 Thread 0x00000151feeb65d0 1430       3       org.jetbrains.kotlin.metadata.ProtoBuf$Type::hasAbbreviatedType (20 bytes)
Event: 8.127 Thread 0x00000151feeb65d0 nmethod 1430 0x0000015180258310 code [0x00000151802584a0, 0x0000015180258618]
Event: 8.127 Thread 0x00000151feeb65d0 1436       1       org.jetbrains.kotlin.metadata.ProtoBuf$Class::getFqName (5 bytes)
Event: 8.127 Thread 0x00000151feeb65d0 nmethod 1436 0x0000015187b5c890 code [0x0000015187b5ca20, 0x0000015187b5caf8]
Event: 8.127 Thread 0x00000151feeb65d0 1437       1       kotlin.Triple::component1 (5 bytes)
Event: 8.127 Thread 0x00000151feeb65d0 nmethod 1437 0x0000015187b5cb90 code [0x0000015187b5cd20, 0x0000015187b5cdf8]
Event: 8.127 Thread 0x00000151feeb65d0 1438       1       kotlin.Triple::component2 (5 bytes)
Event: 8.127 Thread 0x00000151feeb65d0 nmethod 1438 0x0000015187b5ce90 code [0x0000015187b5d020, 0x0000015187b5d0f8]
Event: 8.127 Thread 0x00000151feeb65d0 1439       1       java.util.LinkedList::size (5 bytes)
Event: 8.127 Thread 0x00000151feeb65d0 nmethod 1439 0x0000015187b5d190 code [0x0000015187b5d320, 0x0000015187b5d3f8]
Event: 8.127 Thread 0x00000151feeb65d0 1440       1       kotlin.Triple::getThird (5 bytes)
Event: 8.127 Thread 0x00000151feeb65d0 nmethod 1440 0x0000015187b5d490 code [0x0000015187b5d620, 0x0000015187b5d6f8]
Event: 8.127 Thread 0x00000151feeb65d0 1435       1       org.jetbrains.kotlin.metadata.ProtoBuf$Class::getTypeTable (5 bytes)
Event: 8.127 Thread 0x00000151feeb65d0 nmethod 1435 0x0000015187b5d790 code [0x0000015187b5d920, 0x0000015187b5d9f8]
Event: 8.130 Thread 0x00000151feeb65d0 1442   !   3       java.util.zip.ZipFile$CleanableResource::releaseInflater (53 bytes)
Event: 8.130 Thread 0x00000151feeb65d0 nmethod 1442 0x0000015180258690 code [0x0000015180258860, 0x0000015180258c88]
Event: 8.133 Thread 0x00000151feeb65d0 1443   !   3       java.util.zip.ZipFile$CleanableResource::getInflater (47 bytes)
Event: 8.133 Thread 0x00000151feeb65d0 nmethod 1443 0x0000015180258e90 code [0x0000015180259060, 0x0000015180259558]

GC Heap History (4 events):
Event: 4.592 GC heap before
{Heap before GC invocations=0 (full 0):
 garbage-first heap   total 129024K, used 27648K [0x0000000083200000, 0x0000000100000000)
  region size 1024K, 23 young (23552K), 0 survivors (0K)
 Metaspace       used 7206K, committed 7360K, reserved 1114112K
  class space    used 752K, committed 832K, reserved 1048576K
}
Event: 4.610 GC heap after
{Heap after GC invocations=1 (full 0):
 garbage-first heap   total 129024K, used 6965K [0x0000000083200000, 0x0000000100000000)
  region size 1024K, 3 young (3072K), 3 survivors (3072K)
 Metaspace       used 7206K, committed 7360K, reserved 1114112K
  class space    used 752K, committed 832K, reserved 1048576K
}
Event: 6.848 GC heap before
{Heap before GC invocations=1 (full 0):
 garbage-first heap   total 129024K, used 42805K [0x0000000083200000, 0x0000000100000000)
  region size 1024K, 36 young (36864K), 3 survivors (3072K)
 Metaspace       used 15265K, committed 15552K, reserved 1114112K
  class space    used 2015K, committed 2112K, reserved 1048576K
}
Event: 6.859 GC heap after
{Heap after GC invocations=2 (full 0):
 garbage-first heap   total 129024K, used 12957K [0x0000000083200000, 0x0000000100000000)
  region size 1024K, 4 young (4096K), 4 survivors (4096K)
 Metaspace       used 15265K, committed 15552K, reserved 1114112K
  class space    used 2015K, committed 2112K, reserved 1048576K
}

Deoptimization events (20 events):
Event: 7.693 Thread 0x00000151efe5d590 Uncommon trap: trap_request=0xffffff45 fr.pc=0x0000015187af6244 relative=0x0000000000000684
Event: 7.693 Thread 0x00000151efe5d590 Uncommon trap: reason=unstable_if action=reinterpret pc=0x0000015187af6244 method=java.lang.AbstractStringBuilder.append(Ljava/lang/String;)Ljava/lang/AbstractStringBuilder; @ 1 c2
Event: 7.693 Thread 0x00000151efe5d590 DEOPT PACKING pc=0x0000015187af6244 sp=0x00000034b38fdc90
Event: 7.693 Thread 0x00000151efe5d590 DEOPT UNPACKING pc=0x0000015187585ba3 sp=0x00000034b38fdc10 mode 2
Event: 8.056 Thread 0x00000151efe5d590 Uncommon trap: trap_request=0xffffffde fr.pc=0x0000015187b26cd8 relative=0x0000000000000418
Event: 8.056 Thread 0x00000151efe5d590 Uncommon trap: reason=class_check action=maybe_recompile pc=0x0000015187b26cd8 method=java.util.HashMap.getNode(Ljava/lang/Object;)Ljava/util/HashMap$Node; @ 128 c2
Event: 8.056 Thread 0x00000151efe5d590 DEOPT PACKING pc=0x0000015187b26cd8 sp=0x00000034b38fd460
Event: 8.056 Thread 0x00000151efe5d590 DEOPT UNPACKING pc=0x0000015187585ba3 sp=0x00000034b38fd368 mode 2
Event: 8.058 Thread 0x00000151efe5d590 Uncommon trap: trap_request=0xffffffde fr.pc=0x0000015187b26cd8 relative=0x0000000000000418
Event: 8.058 Thread 0x00000151efe5d590 Uncommon trap: reason=class_check action=maybe_recompile pc=0x0000015187b26cd8 method=java.util.HashMap.getNode(Ljava/lang/Object;)Ljava/util/HashMap$Node; @ 128 c2
Event: 8.058 Thread 0x00000151efe5d590 DEOPT PACKING pc=0x0000015187b26cd8 sp=0x00000034b38fd460
Event: 8.058 Thread 0x00000151efe5d590 DEOPT UNPACKING pc=0x0000015187585ba3 sp=0x00000034b38fd368 mode 2
Event: 8.058 Thread 0x00000151efe5d590 Uncommon trap: trap_request=0xffffffde fr.pc=0x0000015187b14b18 relative=0x0000000000000358
Event: 8.058 Thread 0x00000151efe5d590 Uncommon trap: reason=class_check action=maybe_recompile pc=0x0000015187b14b18 method=java.util.HashMap.getNode(Ljava/lang/Object;)Ljava/util/HashMap$Node; @ 63 c2
Event: 8.058 Thread 0x00000151efe5d590 DEOPT PACKING pc=0x0000015187b14b18 sp=0x00000034b38fd3f0
Event: 8.058 Thread 0x00000151efe5d590 DEOPT UNPACKING pc=0x0000015187585ba3 sp=0x00000034b38fd368 mode 2
Event: 8.088 Thread 0x00000151efe5d590 Uncommon trap: trap_request=0xffffff45 fr.pc=0x0000015187afc0dc relative=0x000000000000069c
Event: 8.088 Thread 0x00000151efe5d590 Uncommon trap: reason=unstable_if action=reinterpret pc=0x0000015187afc0dc method=java.lang.AbstractStringBuilder.append(Ljava/lang/String;)Ljava/lang/AbstractStringBuilder; @ 1 c2
Event: 8.088 Thread 0x00000151efe5d590 DEOPT PACKING pc=0x0000015187afc0dc sp=0x00000034b38fdc20
Event: 8.088 Thread 0x00000151efe5d590 DEOPT UNPACKING pc=0x0000015187585ba3 sp=0x00000034b38fdc08 mode 2

Classes unloaded (0 events):
No events

Classes redefined (0 events):
No events

Internal exceptions (20 events):
Event: 4.727 Thread 0x00000151efe5d590 Exception <a 'java/lang/NoSuchMethodError'{0x000000008ac32988}: 'long java.lang.invoke.Invokers$Holder.invoke_MT(java.lang.Object, java.lang.Object, java.lang.Object, java.lang.Object)'> (0x000000008ac32988) 
thrown [s\open\src\hotspot\share\interpreter\linkResolver.cpp, line 759]
Event: 4.728 Thread 0x00000151efe5d590 Exception <a 'java/lang/NoSuchMethodError'{0x000000008ac3e018}: 'int java.lang.invoke.DirectMethodHandle$Holder.invokeSpecial(java.lang.Object, java.lang.Object, java.lang.Object)'> (0x000000008ac3e018) 
thrown [s\open\src\hotspot\share\interpreter\linkResolver.cpp, line 759]
Event: 4.760 Thread 0x00000151efe5d590 Exception <a 'java/lang/NoSuchMethodError'{0x000000008ac41d08}: 'int java.lang.invoke.DirectMethodHandle$Holder.invokeSpecial(java.lang.Object, java.lang.Object, java.lang.Object, java.lang.Object)'> (0x000000008ac41d08) 
thrown [s\open\src\hotspot\share\interpreter\linkResolver.cpp, line 759]
Event: 4.765 Thread 0x00000151efe5d590 Exception <a 'java/lang/NoSuchMethodError'{0x000000008ac45370}: 'int java.lang.invoke.Invokers$Holder.invoke_MT(java.lang.Object, java.lang.Object, java.lang.Object, java.lang.Object)'> (0x000000008ac45370) 
thrown [s\open\src\hotspot\share\interpreter\linkResolver.cpp, line 759]
Event: 4.808 Thread 0x00000151efe5d590 Exception <a 'java/lang/NoSuchMethodError'{0x000000008ac548f8}: 'void java.lang.invoke.DelegatingMethodHandle$Holder.reinvoke_L(java.lang.Object, java.lang.Object, java.lang.Object, long, java.lang.Object)'> (0x000000008ac548f8) 
thrown [s\open\src\hotspot\share\interpreter\linkResolver.cpp, line 759]
Event: 4.817 Thread 0x00000151efe5d590 Exception <a 'java/lang/NoSuchMethodError'{0x000000008ac5c530}: 'java.lang.Object java.lang.invoke.DirectMethodHandle$Holder.invokeSpecial(java.lang.Object, java.lang.Object, java.lang.Object, java.lang.Object, long)'> (0x000000008ac5c530) 
thrown [s\open\src\hotspot\share\interpreter\linkResolver.cpp, line 759]
Event: 4.824 Thread 0x00000151efe5d590 Exception <a 'java/lang/NoSuchMethodError'{0x000000008ac6b8f0}: 'int java.lang.invoke.DelegatingMethodHandle$Holder.reinvoke_L(java.lang.Object, java.lang.Object, java.lang.Object, long, java.lang.Object, java.lang.Object)'> (0x000000008ac6b8f0) 
thrown [s\open\src\hotspot\share\interpreter\linkResolver.cpp, line 759]
Event: 4.837 Thread 0x00000151efe5d590 Exception <a 'java/lang/NoSuchMethodError'{0x000000008ac7a480}: 'int java.lang.invoke.DelegatingMethodHandle$Holder.reinvoke_L(java.lang.Object, java.lang.Object, java.lang.Object, long, int, int)'> (0x000000008ac7a480) 
thrown [s\open\src\hotspot\share\interpreter\linkResolver.cpp, line 759]
Event: 4.849 Thread 0x00000151efe5d590 Exception <a 'java/lang/NoSuchMethodError'{0x000000008ac89018}: 'int java.lang.invoke.DelegatingMethodHandle$Holder.reinvoke_L(java.lang.Object, java.lang.Object, java.lang.Object, long, long, long)'> (0x000000008ac89018) 
thrown [s\open\src\hotspot\share\interpreter\linkResolver.cpp, line 759]
Event: 4.853 Thread 0x00000151efe5d590 Exception <a 'java/lang/NoSuchMethodError'{0x000000008ac97630}: 'int java.lang.invoke.DelegatingMethodHandle$Holder.reinvoke_L(java.lang.Object, java.lang.Object, java.lang.Object, long, int)'> (0x000000008ac97630) 
thrown [s\open\src\hotspot\share\interpreter\linkResolver.cpp, line 759]
Event: 4.894 Thread 0x00000151efe5d590 Exception <a 'java/lang/NoSuchMethodError'{0x000000008ab3fba8}: 'int java.lang.invoke.DirectMethodHandle$Holder.invokeStaticInit(java.lang.Object, java.lang.Object, java.lang.Object)'> (0x000000008ab3fba8) 
thrown [s\open\src\hotspot\share\interpreter\linkResolver.cpp, line 759]
Event: 4.906 Thread 0x00000151efe5d590 Exception <a 'java/lang/NoSuchMethodError'{0x000000008ab68a70}: 'int java.lang.invoke.DirectMethodHandle$Holder.invokeStaticInit(java.lang.Object, java.lang.Object)'> (0x000000008ab68a70) 
thrown [s\open\src\hotspot\share\interpreter\linkResolver.cpp, line 759]
Event: 4.959 Thread 0x00000151efe5d590 Exception <a 'java/lang/NoSuchMethodError'{0x000000008aa48138}: 'void java.lang.invoke.DirectMethodHandle$Holder.invokeSpecial(java.lang.Object, java.lang.Object, java.lang.Object)'> (0x000000008aa48138) 
thrown [s\open\src\hotspot\share\interpreter\linkResolver.cpp, line 759]
Event: 5.143 Thread 0x00000151efe5d590 Exception <a 'java/lang/NoSuchMethodError'{0x000000008a76c848}: 'void java.lang.invoke.DirectMethodHandle$Holder.invokeStatic(java.lang.Object, java.lang.Object, java.lang.Object, java.lang.Object)'> (0x000000008a76c848) 
thrown [s\open\src\hotspot\share\interpreter\linkResolver.cpp, line 759]
Event: 5.310 Thread 0x00000151efe5d590 Exception <a 'java/lang/NoSuchMethodError'{0x000000008a332968}: 'void java.lang.invoke.DirectMethodHandle$Holder.invokeStaticInit(java.lang.Object, java.lang.Object)'> (0x000000008a332968) 
thrown [s\open\src\hotspot\share\interpreter\linkResolver.cpp, line 759]
Event: 5.708 Thread 0x00000151efe5d590 Exception <a 'java/lang/NoSuchMethodError'{0x0000000089fedfe8}: 'void java.lang.invoke.DirectMethodHandle$Holder.invokeVirtual(java.lang.Object, java.lang.Object)'> (0x0000000089fedfe8) 
thrown [s\open\src\hotspot\share\interpreter\linkResolver.cpp, line 759]
Event: 5.759 Thread 0x00000151efe5d590 Exception <a 'java/lang/NoSuchMethodError'{0x0000000089e68c40}: 'int java.lang.invoke.DirectMethodHandle$Holder.invokeVirtual(java.lang.Object, java.lang.Object)'> (0x0000000089e68c40) 
thrown [s\open\src\hotspot\share\interpreter\linkResolver.cpp, line 759]
Event: 5.876 Thread 0x00000151efe5d590 Exception <a 'java/lang/NoSuchMethodError'{0x0000000089d23b28}: 'java.lang.Object java.lang.invoke.Invokers$Holder.invokeExact_MT(java.lang.Object, java.lang.Object, java.lang.Object, java.lang.Object, java.lang.Object, java.lang.Object)'> (0x0000000089d23b28) 
thrown [s\open\src\hotspot\share\interpreter\linkResolver.cpp, line 759]
Event: 7.693 Thread 0x00000151efe5d590 Implicit null exception at 0x0000015187af5bf2 to 0x0000015187af622c
Event: 8.088 Thread 0x00000151efe5d590 Implicit null exception at 0x0000015187afba72 to 0x0000015187afc0c4

VM Operations (20 events):
Event: 3.416 Executing VM operation: HandshakeAllThreads
Event: 3.416 Executing VM operation: HandshakeAllThreads done
Event: 3.868 Executing VM operation: HandshakeAllThreads
Event: 3.868 Executing VM operation: HandshakeAllThreads done
Event: 4.591 Executing VM operation: G1CollectForAllocation
Event: 4.610 Executing VM operation: G1CollectForAllocation done
Event: 5.622 Executing VM operation: Cleanup
Event: 5.623 Executing VM operation: Cleanup done
Event: 6.630 Executing VM operation: Cleanup
Event: 6.630 Executing VM operation: Cleanup done
Event: 6.848 Executing VM operation: G1CollectForAllocation
Event: 6.859 Executing VM operation: G1CollectForAllocation done
Event: 7.617 Executing VM operation: HandshakeAllThreads
Event: 7.617 Executing VM operation: HandshakeAllThreads done
Event: 7.618 Executing VM operation: HandshakeAllThreads
Event: 7.618 Executing VM operation: HandshakeAllThreads done
Event: 8.101 Executing VM operation: HandshakeAllThreads
Event: 8.101 Executing VM operation: HandshakeAllThreads done
Event: 8.101 Executing VM operation: Cleanup
Event: 8.101 Executing VM operation: Cleanup done

Events (20 events):
Event: 7.613 loading class sun/net/www/protocol/jar/JarFileFactory
Event: 7.614 loading class sun/net/www/protocol/jar/URLJarFile$URLJarFileCloseController
Event: 7.614 loading class sun/net/www/protocol/jar/URLJarFile$URLJarFileCloseController done
Event: 7.614 loading class sun/net/www/protocol/jar/JarFileFactory done
Event: 7.615 loading class sun/net/www/protocol/file/FileURLConnection
Event: 7.615 loading class sun/net/www/URLConnection
Event: 7.616 loading class sun/net/www/URLConnection done
Event: 7.616 loading class sun/net/www/protocol/file/FileURLConnection done
Event: 7.616 loading class sun/net/www/MessageHeader
Event: 7.616 loading class sun/net/www/MessageHeader done
Event: 7.617 loading class sun/net/www/protocol/jar/URLJarFile
Event: 7.617 loading class sun/net/www/protocol/jar/URLJarFile done
Event: 7.619 loading class sun/net/www/protocol/jar/URLJarFile$URLJarFileEntry
Event: 7.619 loading class sun/net/www/protocol/jar/URLJarFile$URLJarFileEntry done
Event: 7.619 loading class sun/net/www/protocol/jar/JarURLConnection$JarURLInputStream
Event: 7.619 loading class sun/net/www/protocol/jar/JarURLConnection$JarURLInputStream done
Event: 7.742 loading class java/util/Formatter$FixedString
Event: 7.745 loading class java/util/Formatter$FixedString done
Event: 8.105 loading class java/util/LinkedList$ListItr
Event: 8.105 loading class java/util/LinkedList$ListItr done


Dynamic libraries:
0x00007ff761140000 - 0x00007ff761150000 	C:\Program Files\Java\jdk-17\bin\java.exe
0x00007ffb637b0000 - 0x00007ffb639c7000 	C:\WINDOWS\SYSTEM32\ntdll.dll
0x00007ffb62c50000 - 0x00007ffb62d14000 	C:\WINDOWS\System32\KERNEL32.DLL
0x00007ffb60b50000 - 0x00007ffb60f09000 	C:\WINDOWS\System32\KERNELBASE.dll
0x00007ffb60fc0000 - 0x00007ffb610d1000 	C:\WINDOWS\System32\ucrtbase.dll
0x00007ffb4fe80000 - 0x00007ffb4fe99000 	C:\Program Files\Java\jdk-17\bin\jli.dll
0x00007ffb633c0000 - 0x00007ffb63472000 	C:\WINDOWS\System32\ADVAPI32.dll
0x00007ffb63310000 - 0x00007ffb633b7000 	C:\WINDOWS\System32\msvcrt.dll
0x00007ffb636b0000 - 0x00007ffb63757000 	C:\WINDOWS\System32\sechost.dll
0x00007ffb60f10000 - 0x00007ffb60f38000 	C:\WINDOWS\System32\bcrypt.dll
0x00007ffb614d0000 - 0x00007ffb615e4000 	C:\WINDOWS\System32\RPCRT4.dll
0x00007ffb623b0000 - 0x00007ffb6255e000 	C:\WINDOWS\System32\USER32.dll
0x00007ffb610e0000 - 0x00007ffb61106000 	C:\WINDOWS\System32\win32u.dll
0x00007ffb63480000 - 0x00007ffb634a9000 	C:\WINDOWS\System32\GDI32.dll
0x00007ffb61280000 - 0x00007ffb6139b000 	C:\WINDOWS\System32\gdi32full.dll
0x00007ffb60ab0000 - 0x00007ffb60b4a000 	C:\WINDOWS\System32\msvcp_win.dll
0x00007ffb4df40000 - 0x00007ffb4df5b000 	C:\Program Files\Java\jdk-17\bin\VCRUNTIME140.dll
0x00007ffb45d30000 - 0x00007ffb45fc2000 	C:\WINDOWS\WinSxS\amd64_microsoft.windows.common-controls_6595b64144ccf1df_6.0.22621.4391_none_2715d37f73803e96\COMCTL32.dll
0x00007ffb55cd0000 - 0x00007ffb55cda000 	C:\WINDOWS\SYSTEM32\VERSION.dll
0x00007ffb62570000 - 0x00007ffb625a1000 	C:\WINDOWS\System32\IMM32.DLL
0x00007ffb586c0000 - 0x00007ffb586cc000 	C:\Program Files\Java\jdk-17\bin\vcruntime140_1.dll
0x00007ffb17f80000 - 0x00007ffb1800e000 	C:\Program Files\Java\jdk-17\bin\msvcp140.dll
0x00007ffaca460000 - 0x00007ffacb03f000 	C:\Program Files\Java\jdk-17\bin\server\jvm.dll
0x00007ffb62560000 - 0x00007ffb62568000 	C:\WINDOWS\System32\PSAPI.DLL
0x00007ffb38d90000 - 0x00007ffb38d99000 	C:\WINDOWS\SYSTEM32\WSOCK32.dll
0x00007ffb63630000 - 0x00007ffb636a1000 	C:\WINDOWS\System32\WS2_32.dll
0x00007ffb58640000 - 0x00007ffb58674000 	C:\WINDOWS\SYSTEM32\WINMM.dll
0x00007ffb5fbb0000 - 0x00007ffb5fbc8000 	C:\WINDOWS\SYSTEM32\kernel.appcore.dll
0x00007ffb4ed00000 - 0x00007ffb4ed0a000 	C:\Program Files\Java\jdk-17\bin\jimage.dll
0x00007ffb5e370000 - 0x00007ffb5e5a2000 	C:\WINDOWS\SYSTEM32\DBGHELP.DLL
0x00007ffb627c0000 - 0x00007ffb62b4f000 	C:\WINDOWS\System32\combase.dll
0x00007ffb63020000 - 0x00007ffb630f7000 	C:\WINDOWS\System32\OLEAUT32.dll
0x00007ffb46200000 - 0x00007ffb46232000 	C:\WINDOWS\SYSTEM32\dbgcore.DLL
0x00007ffb60f40000 - 0x00007ffb60fbb000 	C:\WINDOWS\System32\bcryptPrimitives.dll
0x00007ffb45240000 - 0x00007ffb45265000 	C:\Program Files\Java\jdk-17\bin\java.dll
0x00007ffb17970000 - 0x00007ffb17a47000 	C:\Program Files\Java\jdk-17\bin\jsvml.dll
0x00007ffb61b30000 - 0x00007ffb623a6000 	C:\WINDOWS\System32\SHELL32.dll
0x00007ffb5e9b0000 - 0x00007ffb5f2b3000 	C:\WINDOWS\SYSTEM32\windows.storage.dll
0x00007ffb5e870000 - 0x00007ffb5e9af000 	C:\WINDOWS\SYSTEM32\wintypes.dll
0x00007ffb63530000 - 0x00007ffb63629000 	C:\WINDOWS\System32\SHCORE.dll
0x00007ffb615f0000 - 0x00007ffb6164e000 	C:\WINDOWS\System32\shlwapi.dll
0x00007ffb609e0000 - 0x00007ffb60a0b000 	C:\WINDOWS\SYSTEM32\profapi.dll
0x00007ffb4df00000 - 0x00007ffb4df19000 	C:\Program Files\Java\jdk-17\bin\net.dll
0x00007ffb59ca0000 - 0x00007ffb59dd6000 	C:\WINDOWS\SYSTEM32\WINHTTP.dll
0x00007ffb60060000 - 0x00007ffb600c9000 	C:\WINDOWS\system32\mswsock.dll
0x00007ffb4dd60000 - 0x00007ffb4dd76000 	C:\Program Files\Java\jdk-17\bin\nio.dll
0x00007ffb450e0000 - 0x00007ffb450f8000 	C:\Program Files\Java\jdk-17\bin\zip.dll
0x00007ffb4ece0000 - 0x00007ffb4ecf0000 	C:\Program Files\Java\jdk-17\bin\verify.dll

dbghelp: loaded successfully - version: 4.0.5 - missing functions: none
symbol engine: initialized successfully - sym options: 0x614 - pdb path: .;C:\Program Files\Java\jdk-17\bin;C:\WINDOWS\SYSTEM32;C:\WINDOWS\WinSxS\amd64_microsoft.windows.common-controls_6595b64144ccf1df_6.0.22621.4391_none_2715d37f73803e96;C:\Program Files\Java\jdk-17\bin\server

VM Arguments:
java_command: org.jetbrains.kotlin.cli.jvm.K2JVMCompiler @C:\Users\ACER\Documents\Toyota\car_rental\node_modules\react-native-safe-area-context\android\build\20241122_6922202874826041980.compiler.options
java_class_path (initial): C:\Users\ACER\.gradle\caches\modules-2\files-2.1\org.jetbrains.kotlin\kotlin-compiler-embeddable\1.9.24\78dab849090e6c5e2eadb6e59a11cdc28fb67a08\kotlin-compiler-embeddable-1.9.24.jar;C:\Users\ACER\.gradle\caches\modules-2\files-2.1\org.jetbrains.kotlin\kotlin-stdlib\1.9.24\9928532f12c66ad816a625b3f9984f8368ca6d2b\kotlin-stdlib-1.9.24.jar;C:\Users\ACER\.gradle\caches\modules-2\files-2.1\org.jetbrains.kotlin\kotlin-script-runtime\1.9.24\96771497da90fbc5af1c90fce148db2595a62502\kotlin-script-runtime-1.9.24.jar;C:\Users\ACER\.gradle\caches\modules-2\files-2.1\org.jetbrains.kotlin\kotlin-reflect\1.6.10\1cbe9c92c12a94eea200d23c2bbaedaf3daf5132\kotlin-reflect-1.6.10.jar;C:\Users\ACER\.gradle\caches\modules-2\files-2.1\org.jetbrains.kotlin\kotlin-daemon-embeddable\1.9.24\86685b9c5e8d170925bd9ddbdc263374a6a73281\kotlin-daemon-embeddable-1.9.24.jar;C:\Users\ACER\.gradle\caches\modules-2\files-2.1\org.jetbrains.intellij.deps\trove4j\1.0.20200330\3afb14d5f9ceb459d724e907a21145e8ff394f02\trove4j-1.0.20200330.jar;C:\Users\ACER\.gradle\caches\modules-2\files-2.1\org.jetbrains\annotations\13.0\919f0dfe192fb4e063e7dacadee7f8bb9a2672a9\annotations-13.0.jar
Launcher Type: SUN_STANDARD

[Global flags]
     intx CICompilerCount                          = 4                                         {product} {ergonomic}
     uint ConcGCThreads                            = 2                                         {product} {ergonomic}
     uint G1ConcRefinementThreads                  = 8                                         {product} {ergonomic}
   size_t G1HeapRegionSize                         = 1048576                                   {product} {ergonomic}
    uintx GCDrainStackTargetSize                   = 64                                        {product} {ergonomic}
   size_t InitialHeapSize                          = 132120576                                 {product} {ergonomic}
   size_t MarkStackSize                            = 4194304                                   {product} {ergonomic}
   size_t MaxHeapSize                              = 2095054848                                {product} {ergonomic}
   size_t MaxNewSize                               = 1256194048                                {product} {ergonomic}
   size_t MinHeapDeltaBytes                        = 1048576                                   {product} {ergonomic}
   size_t MinHeapSize                              = 8388608                                   {product} {ergonomic}
    uintx NonNMethodCodeHeapSize                   = 5839372                                {pd product} {ergonomic}
    uintx NonProfiledCodeHeapSize                  = 122909434                              {pd product} {ergonomic}
    uintx ProfiledCodeHeapSize                     = 122909434                              {pd product} {ergonomic}
    uintx ReservedCodeCacheSize                    = 251658240                              {pd product} {ergonomic}
     bool SegmentedCodeCache                       = true                                      {product} {ergonomic}
   size_t SoftMaxHeapSize                          = 2095054848                             {manageable} {ergonomic}
     bool UseCompressedClassPointers               = true                           {product lp64_product} {ergonomic}
     bool UseCompressedOops                        = true                           {product lp64_product} {ergonomic}
     bool UseG1GC                                  = true                                      {product} {ergonomic}
     bool UseLargePagesIndividualAllocation        = false                                  {pd product} {ergonomic}

Logging:
Log output configuration:
 #0: stdout all=warning uptime,level,tags
 #1: stderr all=off uptime,level,tags

Environment Variables:
JAVA_HOME=C:\Program Files\Java\jdk-17
CLASSPATH=C:\Users\ACER\Documents\Toyota\car_rental\android\\gradle\wrapper\gradle-wrapper.jar
PATH=C:\Users\ACER\Documents\Toyota\car_rental\node_modules\.bin;C:\Users\ACER\Documents\Toyota\car_rental\node_modules\.bin;C:\Users\ACER\Documents\Toyota\node_modules\.bin;C:\Users\ACER\Documents\node_modules\.bin;C:\Users\ACER\node_modules\.bin;C:\Users\node_modules\.bin;C:\node_modules\.bin;C:\Program Files\nodejs\node_modules\npm\node_modules\@npmcli\run-script\lib\node-gyp-bin;C:\Program Files\Common Files\Oracle\Java\javapath;C:\Program Files\Python312\Scripts\;C:\Program Files\Python312\;C:\Program Files\Amazon Corretto\jdk1.8.0_392\bin;C:\Windows\system32;C:\Windows;C:\Windows\System32\Wbem;C:\Windows\System32\WindowsPowerShell\v1.0\;C:\Windows\System32\OpenSSH\;C:\Program Files (x86)\NVIDIA Corporation\PhysX\Common;C:\Program Files\NVIDIA Corporation\NVIDIA NvDLISR;C:\WINDOWS\system32;C:\WINDOWS;C:\WINDOWS\System32\Wbem;C:\WINDOWS\System32\WindowsPowerShell\v1.0\;C:\WINDOWS\System32\OpenSSH\;C:\Program Files\Git\cmd;C:\Program Files\MySQL\MySQL Server 8.0\bin;C:\Program Files\Java\jdk-20\bin;C:\Program Files\PostgreSQL\15\bin;C:\xampp\php;C:\ProgramData\ComposerSetup\bin;C:\Program Files\dotnet\;C:\Program Files\Java\apache-maven-3.9.5\bin;C:\Program Files\Microsoft SQL Server\150\Tools\Binn\;C:\msys64\ucrt64\bin;C:\Program Files\Docker\Docker\resources\bin;C:\Program Files\Go\bin;C:\Program Files\PuTTY\;D:\flutter_windows_3.24.3-stable\flutter\bin;C:\Program Files\CMake\bin;C:\Users\ACER\AppData\Local\Programs\Python\Python312;C:\Program Files\Graphviz\bin;C:\Program Files\Microsoft SQL Server\Client SDK\ODBC\170\Tools\Binn\;D:\Toyota\vggvox-speaker-identification-master\vggvox-speaker-identification-master\data\wav\ffmpeg-master-latest-win64-gpl-shared\ffmpeg-master-latest-win64-gpl-shared\bin;C:\ProgramData\chocolatey\bin;C:\Program Files (x86)\Yarn\bin\;C:\Users\ACER\AppData\Local\Android\Sdk\platform-tools;C:\Program Files\nodejs\;C:\Users\ACER\AppData\Local\Android\Sdk\tools;C:\Users\ACER\AppData\Roaming\.dotnet;C:\Program Files\MySQL\MySQL Shell 8.0\bi
USERNAME=ACER
LANG=en_US.UTF-8
OS=Windows_NT
PROCESSOR_IDENTIFIER=Intel64 Family 6 Model 140 Stepping 1, GenuineIntel



---------------  S Y S T E M  ---------------

OS:
 Windows 11 , 64 bit Build 22621 (10.0.22621.4391)
OS uptime: 1 days 9:19 hours
Hyper-V role detected

CPU: total 8 (initial active 8) (4 cores per cpu, 2 threads per core) family 6 model 140 stepping 1 microcode 0x86, cx8, cmov, fxsr, ht, mmx, 3dnowpref, sse, sse2, sse3, ssse3, sse4.1, sse4.2, popcnt, lzcnt, tsc, tscinvbit, avx, avx2, aes, erms, clmul, bmi1, bmi2, adx, avx512f, avx512dq, avx512cd, avx512bw, avx512vl, sha, fma, vzeroupper, avx512_vpopcntdq, avx512_vpclmulqdq, avx512_vaes, avx512_vnni, clflush, clflushopt, clwb, avx512_vbmi2, avx512_vbmi, hv

Memory: 4k page, system-wide physical 7987M (84M free)
TotalPageFile size 32563M (AvailPageFile size 7M)
current process WorkingSet (physical memory assigned to process): 133M, peak: 135M
current process commit charge ("private bytes"): 259M, peak: 261M

vm_info: Java HotSpot(TM) 64-Bit Server VM (17.0.10+11-LTS-240) for windows-amd64 JRE (17.0.10+11-LTS-240), built on Dec 19 2023 21:47:25 by "mach5one" with MS VC++ 17.1 (VS2022)

END.
