#
# There is insufficient memory for the Java Runtime Environment to continue.
# Native memory allocation (malloc) failed to allocate 1831216 bytes for Chunk::new
# Possible reasons:
#   The system is out of physical RAM or swap space
#   The process is running with CompressedOops enabled, and the Java Heap may be blocking the growth of the native heap
# Possible solutions:
#   Reduce memory load on the system
#   Increase physical memory or swap space
#   Check if swap backing store is full
#   Decrease Java heap size (-Xmx/-Xms)
#   Decrease number of Java threads
#   Decrease Java thread stack sizes (-Xss)
#   Set larger code cache with -XX:ReservedCodeCacheSize=
#   JVM is running with Unscaled Compressed Oops mode in which the Java heap is
#     placed in the first 4GB address space. The Java Heap base address is the
#     maximum limit for the native heap growth. Please use -XX:HeapBaseMinAddress
#     to set the Java Heap base and to place the Java Heap above 4GB virtual address.
# This output file may be truncated or incomplete.
#
#  Out of Memory Error (arena.cpp:189), pid=17484, tid=6740
#
# JRE version: Java(TM) SE Runtime Environment (17.0.10+11) (build 17.0.10+11-LTS-240)
# Java VM: Java HotSpot(TM) 64-Bit Server VM (17.0.10+11-LTS-240, mixed mode, sharing, tiered, compressed oops, compressed class ptrs, g1 gc, windows-amd64)
# No core dump will be written. Minidumps are not enabled by default on client versions of Windows
#

---------------  S U M M A R Y ------------

Command Line: org.jetbrains.kotlin.cli.jvm.K2JVMCompiler @C:\Users\ACER\Documents\Toyota\car_rental\node_modules\react-native-safe-area-context\android\build\20241122_1390174628118113842.compiler.options

Host: 11th Gen Intel(R) Core(TM) i5-11300H @ 3.10GHz, 8 cores, 7G,  Windows 11 , 64 bit Build 22621 (10.0.22621.4391)
Time: Fri Nov 22 16:31:43 2024 SE Asia Standard Time elapsed time: 19.254850 seconds (0d 0h 0m 19s)

---------------  T H R E A D  ---------------

Current thread (0x000002904ce4c120):  JavaThread "C2 CompilerThread0" daemon [_thread_in_native, id=6740, stack(0x000000d90a800000,0x000000d90a900000)]


Current CompileTask:
C2:  19255 12082       4       org.jetbrains.kotlin.ir.util.TypeTranslator::approximate (50 bytes)

Stack: [0x000000d90a800000,0x000000d90a900000]
Native frames: (J=compiled Java code, j=interpreted, Vv=VM code, C=native code)
V  [jvm.dll+0x677a5a]
V  [jvm.dll+0x7d8b2d]
V  [jvm.dll+0x7da48e]
V  [jvm.dll+0x7daaf3]
V  [jvm.dll+0x2455ff]
V  [jvm.dll+0xaaafb]
V  [jvm.dll+0xab09c]
V  [jvm.dll+0x361b5f]
V  [jvm.dll+0x32c211]
V  [jvm.dll+0x32b6aa]
V  [jvm.dll+0x21794f]
V  [jvm.dll+0x216d81]
V  [jvm.dll+0x1a3410]
V  [jvm.dll+0x226aeb]
V  [jvm.dll+0x224cab]
V  [jvm.dll+0x78e45c]
V  [jvm.dll+0x78888a]
V  [jvm.dll+0x676935]
C  [ucrtbase.dll+0x29333]
C  [KERNEL32.DLL+0x1259d]
C  [ntdll.dll+0x5af38]


---------------  P R O C E S S  ---------------

Threads class SMR info:
_java_thread_list=0x00000290920d4ad0, length=12, elements={
0x000002902ee0c770, 0x000002904ce2e1a0, 0x000002904ce31d80, 0x000002904ce44c80,
0x000002904ce45840, 0x000002904ce4a220, 0x000002904ce4b380, 0x000002904ce4c120,
0x0000029092010060, 0x000002904cea9320, 0x00000290920e1ed0, 0x00000290920e2640
}

Java Threads: ( => current thread )
  0x000002902ee0c770 JavaThread "main" [_thread_in_Java, id=29804, stack(0x000000d909b00000,0x000000d909c00000)]
  0x000002904ce2e1a0 JavaThread "Reference Handler" daemon [_thread_blocked, id=29188, stack(0x000000d90a200000,0x000000d90a300000)]
  0x000002904ce31d80 JavaThread "Finalizer" daemon [_thread_blocked, id=24796, stack(0x000000d90a300000,0x000000d90a400000)]
  0x000002904ce44c80 JavaThread "Signal Dispatcher" daemon [_thread_blocked, id=11668, stack(0x000000d90a400000,0x000000d90a500000)]
  0x000002904ce45840 JavaThread "Attach Listener" daemon [_thread_blocked, id=14824, stack(0x000000d90a500000,0x000000d90a600000)]
  0x000002904ce4a220 JavaThread "Service Thread" daemon [_thread_blocked, id=9900, stack(0x000000d90a600000,0x000000d90a700000)]
  0x000002904ce4b380 JavaThread "Monitor Deflation Thread" daemon [_thread_blocked, id=16800, stack(0x000000d90a700000,0x000000d90a800000)]
=>0x000002904ce4c120 JavaThread "C2 CompilerThread0" daemon [_thread_in_native, id=6740, stack(0x000000d90a800000,0x000000d90a900000)]
  0x0000029092010060 JavaThread "C1 CompilerThread0" daemon [_thread_blocked, id=1704, stack(0x000000d90a900000,0x000000d90aa00000)]
  0x000002904cea9320 JavaThread "Sweeper thread" daemon [_thread_blocked, id=13604, stack(0x000000d90aa00000,0x000000d90ab00000)]
  0x00000290920e1ed0 JavaThread "Notification Thread" daemon [_thread_blocked, id=1464, stack(0x000000d90ab00000,0x000000d90ac00000)]
  0x00000290920e2640 JavaThread "Common-Cleaner" daemon [_thread_blocked, id=25372, stack(0x000000d90ad00000,0x000000d90ae00000)]

Other Threads:
  0x000002904ce27f40 VMThread "VM Thread" [stack: 0x000000d90a100000,0x000000d90a200000] [id=4904]
  0x00000290920e23b0 WatcherThread [stack: 0x000000d90ac00000,0x000000d90ad00000] [id=30060]
  0x000002902ee66a30 GCTaskThread "GC Thread#0" [stack: 0x000000d909c00000,0x000000d909d00000] [id=8956]
  0x00000290925a5d10 GCTaskThread "GC Thread#1" [stack: 0x000000d90ae00000,0x000000d90af00000] [id=24980]
  0x00000290925a5fd0 GCTaskThread "GC Thread#2" [stack: 0x000000d90af00000,0x000000d90b000000] [id=4808]
  0x0000029092569170 GCTaskThread "GC Thread#3" [stack: 0x000000d90b000000,0x000000d90b100000] [id=12720]
  0x0000029092569430 GCTaskThread "GC Thread#4" [stack: 0x000000d90b100000,0x000000d90b200000] [id=23788]
  0x00000290925696f0 GCTaskThread "GC Thread#5" [stack: 0x000000d90b200000,0x000000d90b300000] [id=27000]
  0x0000029092a01390 GCTaskThread "GC Thread#6" [stack: 0x000000d90b300000,0x000000d90b400000] [id=26984]
  0x0000029092666a30 GCTaskThread "GC Thread#7" [stack: 0x000000d90b400000,0x000000d90b500000] [id=14696]
  0x000002902ee78350 ConcurrentGCThread "G1 Main Marker" [stack: 0x000000d909d00000,0x000000d909e00000] [id=612]
  0x000002902ee78d60 ConcurrentGCThread "G1 Conc#0" [stack: 0x000000d909e00000,0x000000d909f00000] [id=7340]
  0x0000029092d76c10 ConcurrentGCThread "G1 Conc#1" [stack: 0x000000d90b500000,0x000000d90b600000] [id=8604]
  0x000002902eece5a0 ConcurrentGCThread "G1 Refine#0" [stack: 0x000000d909f00000,0x000000d90a000000] [id=17996]
  0x0000029095ced520 ConcurrentGCThread "G1 Refine#1" [stack: 0x000000d90b600000,0x000000d90b700000] [id=27896]
  0x000002904cce20c0 ConcurrentGCThread "G1 Service" [stack: 0x000000d90a000000,0x000000d90a100000] [id=24448]

Threads with active compile tasks:
C2 CompilerThread0    19297 12082       4       org.jetbrains.kotlin.ir.util.TypeTranslator::approximate (50 bytes)

VM state: not at safepoint (normal execution)

VM Mutex/Monitor currently owned by a thread: None

Heap address: 0x0000000083200000, size: 1998 MB, Compressed Oops mode: 32-bit

CDS archive(s) mapped at: [0x000002904d000000-0x000002904dbd0000-0x000002904dbd0000), size 12386304, SharedBaseAddress: 0x000002904d000000, ArchiveRelocationMode: 1.
Compressed class space mapped at: 0x000002904e000000-0x000002908e000000, reserved size: 1073741824
Narrow klass base: 0x000002904d000000, Narrow klass shift: 0, Narrow klass range: 0x100000000

GC Precious Log:
 CPUs: 8 total, 8 available
 Memory: 7987M
 Large Page Support: Disabled
 NUMA Support: Disabled
 Compressed Oops: Enabled (32-bit)
 Heap Region Size: 1M
 Heap Min Capacity: 8M
 Heap Initial Capacity: 126M
 Heap Max Capacity: 1998M
 Pre-touch: Disabled
 Parallel Workers: 8
 Concurrent Workers: 2
 Concurrent Refinement Workers: 8
 Periodic GC: Disabled

Heap:
 garbage-first heap   total 219136K, used 60870K [0x0000000083200000, 0x0000000100000000)
  region size 1024K, 3 young (3072K), 2 survivors (2048K)
 Metaspace       used 69034K, committed 69376K, reserved 1114112K
  class space    used 7759K, committed 7936K, reserved 1048576K

Heap Regions: E=young(eden), S=young(survivor), O=old, HS=humongous(starts), HC=humongous(continues), CS=collection set, F=free, OA=open archive, CA=closed archive, TAMS=top-at-mark-start (previous, next)
|   0|0x0000000083200000, 0x0000000083300000, 0x0000000083300000|100%|HS|  |TAMS 0x0000000083300000, 0x0000000083300000| Complete 
|   1|0x0000000083300000, 0x0000000083400000, 0x0000000083400000|100%|HC|  |TAMS 0x0000000083400000, 0x0000000083400000| Complete 
|   2|0x0000000083400000, 0x0000000083500000, 0x0000000083500000|100%|HC|  |TAMS 0x0000000083500000, 0x0000000083500000| Complete 
|   3|0x0000000083500000, 0x0000000083600000, 0x0000000083600000|100%|HC|  |TAMS 0x0000000083600000, 0x0000000083600000| Complete 
|   4|0x0000000083600000, 0x0000000083700000, 0x0000000083700000|100%| O|  |TAMS 0x0000000083700000, 0x0000000083700000| Untracked 
|   5|0x0000000083700000, 0x0000000083800000, 0x0000000083800000|100%| O|  |TAMS 0x0000000083800000, 0x0000000083800000| Untracked 
|   6|0x0000000083800000, 0x0000000083900000, 0x0000000083900000|100%| O|  |TAMS 0x0000000083900000, 0x0000000083900000| Untracked 
|   7|0x0000000083900000, 0x0000000083a00000, 0x0000000083a00000|100%| O|  |TAMS 0x0000000083a00000, 0x0000000083a00000| Untracked 
|   8|0x0000000083a00000, 0x0000000083b00000, 0x0000000083b00000|100%| O|  |TAMS 0x0000000083b00000, 0x0000000083b00000| Untracked 
|   9|0x0000000083b00000, 0x0000000083c00000, 0x0000000083c00000|100%| O|  |TAMS 0x0000000083c00000, 0x0000000083c00000| Untracked 
|  10|0x0000000083c00000, 0x0000000083d00000, 0x0000000083d00000|100%| O|  |TAMS 0x0000000083d00000, 0x0000000083d00000| Untracked 
|  11|0x0000000083d00000, 0x0000000083e00000, 0x0000000083e00000|100%| O|  |TAMS 0x0000000083e00000, 0x0000000083e00000| Untracked 
|  12|0x0000000083e00000, 0x0000000083f00000, 0x0000000083f00000|100%| O|  |TAMS 0x0000000083f00000, 0x0000000083f00000| Untracked 
|  13|0x0000000083f00000, 0x0000000084000000, 0x0000000084000000|100%| O|  |TAMS 0x0000000084000000, 0x0000000084000000| Untracked 
|  14|0x0000000084000000, 0x0000000084100000, 0x0000000084100000|100%| O|  |TAMS 0x0000000084100000, 0x0000000084100000| Untracked 
|  15|0x0000000084100000, 0x0000000084200000, 0x0000000084200000|100%| O|  |TAMS 0x0000000084200000, 0x0000000084200000| Untracked 
|  16|0x0000000084200000, 0x0000000084300000, 0x0000000084300000|100%| O|  |TAMS 0x0000000084300000, 0x0000000084300000| Untracked 
|  17|0x0000000084300000, 0x0000000084400000, 0x0000000084400000|100%| O|  |TAMS 0x0000000084400000, 0x0000000084400000| Untracked 
|  18|0x0000000084400000, 0x0000000084500000, 0x0000000084500000|100%| O|  |TAMS 0x0000000084500000, 0x0000000084500000| Untracked 
|  19|0x0000000084500000, 0x0000000084600000, 0x0000000084600000|100%|HS|  |TAMS 0x0000000084600000, 0x0000000084600000| Complete 
|  20|0x0000000084600000, 0x0000000084700000, 0x0000000084700000|100%|HC|  |TAMS 0x0000000084700000, 0x0000000084700000| Complete 
|  21|0x0000000084700000, 0x0000000084800000, 0x0000000084800000|100%| O|  |TAMS 0x0000000084800000, 0x0000000084800000| Untracked 
|  22|0x0000000084800000, 0x0000000084900000, 0x0000000084900000|100%| O|  |TAMS 0x0000000084900000, 0x0000000084900000| Untracked 
|  23|0x0000000084900000, 0x0000000084a00000, 0x0000000084a00000|100%| O|  |TAMS 0x0000000084a00000, 0x0000000084a00000| Untracked 
|  24|0x0000000084a00000, 0x0000000084b00000, 0x0000000084b00000|100%| O|  |TAMS 0x0000000084b00000, 0x0000000084b00000| Untracked 
|  25|0x0000000084b00000, 0x0000000084c00000, 0x0000000084c00000|100%| O|  |TAMS 0x0000000084c00000, 0x0000000084c00000| Untracked 
|  26|0x0000000084c00000, 0x0000000084d00000, 0x0000000084d00000|100%| O|  |TAMS 0x0000000084d00000, 0x0000000084d00000| Untracked 
|  27|0x0000000084d00000, 0x0000000084e00000, 0x0000000084e00000|100%| O|  |TAMS 0x0000000084e00000, 0x0000000084e00000| Untracked 
|  28|0x0000000084e00000, 0x0000000084f00000, 0x0000000084f00000|100%| O|  |TAMS 0x0000000084f00000, 0x0000000084f00000| Untracked 
|  29|0x0000000084f00000, 0x0000000085000000, 0x0000000085000000|100%| O|  |TAMS 0x0000000085000000, 0x0000000085000000| Untracked 
|  30|0x0000000085000000, 0x0000000085100000, 0x0000000085100000|100%| O|  |TAMS 0x0000000085100000, 0x0000000085100000| Untracked 
|  31|0x0000000085100000, 0x0000000085200000, 0x0000000085200000|100%| O|  |TAMS 0x0000000085200000, 0x0000000085200000| Untracked 
|  32|0x0000000085200000, 0x0000000085300000, 0x0000000085300000|100%| O|  |TAMS 0x0000000085300000, 0x0000000085300000| Untracked 
|  33|0x0000000085300000, 0x0000000085400000, 0x0000000085400000|100%| O|  |TAMS 0x0000000085400000, 0x0000000085400000| Untracked 
|  34|0x0000000085400000, 0x0000000085500000, 0x0000000085500000|100%| O|  |TAMS 0x0000000085500000, 0x0000000085500000| Untracked 
|  35|0x0000000085500000, 0x0000000085600000, 0x0000000085600000|100%| O|  |TAMS 0x0000000085600000, 0x0000000085600000| Untracked 
|  36|0x0000000085600000, 0x0000000085700000, 0x0000000085700000|100%| O|  |TAMS 0x0000000085700000, 0x0000000085700000| Untracked 
|  37|0x0000000085700000, 0x0000000085800000, 0x0000000085800000|100%| O|  |TAMS 0x0000000085800000, 0x0000000085800000| Untracked 
|  38|0x0000000085800000, 0x0000000085900000, 0x0000000085900000|100%| O|  |TAMS 0x0000000085900000, 0x0000000085900000| Untracked 
|  39|0x0000000085900000, 0x0000000085a00000, 0x0000000085a00000|100%| O|  |TAMS 0x0000000085a00000, 0x0000000085a00000| Untracked 
|  40|0x0000000085a00000, 0x0000000085b00000, 0x0000000085b00000|100%| O|  |TAMS 0x0000000085b00000, 0x0000000085b00000| Untracked 
|  41|0x0000000085b00000, 0x0000000085b00000, 0x0000000085c00000|  0%| F|  |TAMS 0x0000000085b00000, 0x0000000085b00000| Untracked 
|  42|0x0000000085c00000, 0x0000000085d00000, 0x0000000085d00000|100%| O|  |TAMS 0x0000000085d00000, 0x0000000085d00000| Untracked 
|  43|0x0000000085d00000, 0x0000000085e00000, 0x0000000085e00000|100%| O|  |TAMS 0x0000000085e00000, 0x0000000085e00000| Untracked 
|  44|0x0000000085e00000, 0x0000000085f00000, 0x0000000085f00000|100%| O|  |TAMS 0x0000000085f00000, 0x0000000085f00000| Untracked 
|  45|0x0000000085f00000, 0x0000000086000000, 0x0000000086000000|100%| O|  |TAMS 0x0000000085f00000, 0x0000000086000000| Untracked 
|  46|0x0000000086000000, 0x0000000086100000, 0x0000000086100000|100%| O|  |TAMS 0x0000000086100000, 0x0000000086100000| Untracked 
|  47|0x0000000086100000, 0x0000000086200000, 0x0000000086200000|100%| O|  |TAMS 0x0000000086200000, 0x0000000086200000| Untracked 
|  48|0x0000000086200000, 0x0000000086300000, 0x0000000086300000|100%| O|  |TAMS 0x0000000086300000, 0x0000000086300000| Untracked 
|  49|0x0000000086300000, 0x0000000086400000, 0x0000000086400000|100%| O|  |TAMS 0x00000000863d8600, 0x0000000086400000| Untracked 
|  50|0x0000000086400000, 0x0000000086500000, 0x0000000086500000|100%| O|  |TAMS 0x0000000086400000, 0x0000000086500000| Untracked 
|  51|0x0000000086500000, 0x0000000086600000, 0x0000000086600000|100%| O|  |TAMS 0x0000000086500000, 0x0000000086600000| Untracked 
|  52|0x0000000086600000, 0x0000000086700000, 0x0000000086700000|100%| O|  |TAMS 0x0000000086600000, 0x0000000086700000| Untracked 
|  53|0x0000000086700000, 0x0000000086800000, 0x0000000086800000|100%| O|  |TAMS 0x0000000086700000, 0x0000000086800000| Untracked 
|  54|0x0000000086800000, 0x0000000086900000, 0x0000000086900000|100%| O|  |TAMS 0x0000000086800000, 0x0000000086900000| Untracked 
|  55|0x0000000086900000, 0x0000000086a00000, 0x0000000086a00000|100%| O|  |TAMS 0x0000000086900000, 0x0000000086a00000| Untracked 
|  56|0x0000000086a00000, 0x0000000086b00000, 0x0000000086b00000|100%| O|  |TAMS 0x0000000086a00000, 0x0000000086b00000| Untracked 
|  57|0x0000000086b00000, 0x0000000086c00000, 0x0000000086c00000|100%| O|  |TAMS 0x0000000086b00000, 0x0000000086c00000| Untracked 
|  58|0x0000000086c00000, 0x0000000086cd0200, 0x0000000086d00000| 81%| O|  |TAMS 0x0000000086c00000, 0x0000000086cd0200| Untracked 
|  59|0x0000000086d00000, 0x0000000086d00000, 0x0000000086e00000|  0%| F|  |TAMS 0x0000000086d00000, 0x0000000086d00000| Untracked 
|  60|0x0000000086e00000, 0x0000000086e00000, 0x0000000086f00000|  0%| F|  |TAMS 0x0000000086e00000, 0x0000000086e00000| Untracked 
|  61|0x0000000086f00000, 0x0000000086f00000, 0x0000000087000000|  0%| F|  |TAMS 0x0000000086f00000, 0x0000000086f00000| Untracked 
|  62|0x0000000087000000, 0x0000000087000000, 0x0000000087100000|  0%| F|  |TAMS 0x0000000087000000, 0x0000000087000000| Untracked 
|  63|0x0000000087100000, 0x0000000087100000, 0x0000000087200000|  0%| F|  |TAMS 0x0000000087100000, 0x0000000087100000| Untracked 
|  64|0x0000000087200000, 0x0000000087200000, 0x0000000087300000|  0%| F|  |TAMS 0x0000000087200000, 0x0000000087200000| Untracked 
|  65|0x0000000087300000, 0x0000000087300000, 0x0000000087400000|  0%| F|  |TAMS 0x0000000087300000, 0x0000000087300000| Untracked 
|  66|0x0000000087400000, 0x0000000087400000, 0x0000000087500000|  0%| F|  |TAMS 0x0000000087400000, 0x0000000087400000| Untracked 
|  67|0x0000000087500000, 0x0000000087500000, 0x0000000087600000|  0%| F|  |TAMS 0x0000000087500000, 0x0000000087500000| Untracked 
|  68|0x0000000087600000, 0x0000000087600000, 0x0000000087700000|  0%| F|  |TAMS 0x0000000087600000, 0x0000000087600000| Untracked 
|  69|0x0000000087700000, 0x0000000087700000, 0x0000000087800000|  0%| F|  |TAMS 0x0000000087700000, 0x0000000087700000| Untracked 
|  70|0x0000000087800000, 0x0000000087800000, 0x0000000087900000|  0%| F|  |TAMS 0x0000000087800000, 0x0000000087800000| Untracked 
|  71|0x0000000087900000, 0x0000000087900000, 0x0000000087a00000|  0%| F|  |TAMS 0x0000000087900000, 0x0000000087900000| Untracked 
|  72|0x0000000087a00000, 0x0000000087a00000, 0x0000000087b00000|  0%| F|  |TAMS 0x0000000087a00000, 0x0000000087a00000| Untracked 
|  73|0x0000000087b00000, 0x0000000087b00000, 0x0000000087c00000|  0%| F|  |TAMS 0x0000000087b00000, 0x0000000087b00000| Untracked 
|  74|0x0000000087c00000, 0x0000000087c00000, 0x0000000087d00000|  0%| F|  |TAMS 0x0000000087c00000, 0x0000000087c00000| Untracked 
|  75|0x0000000087d00000, 0x0000000087d00000, 0x0000000087e00000|  0%| F|  |TAMS 0x0000000087d00000, 0x0000000087d00000| Untracked 
|  76|0x0000000087e00000, 0x0000000087e00000, 0x0000000087f00000|  0%| F|  |TAMS 0x0000000087e00000, 0x0000000087e00000| Untracked 
|  77|0x0000000087f00000, 0x0000000087fa1810, 0x0000000088000000| 63%| S|CS|TAMS 0x0000000087f00000, 0x0000000087f00000| Complete 
|  78|0x0000000088000000, 0x0000000088100000, 0x0000000088100000|100%| S|CS|TAMS 0x0000000088000000, 0x0000000088000000| Complete 
|  79|0x0000000088100000, 0x0000000088100000, 0x0000000088200000|  0%| F|  |TAMS 0x0000000088100000, 0x0000000088100000| Untracked 
|  80|0x0000000088200000, 0x0000000088200000, 0x0000000088300000|  0%| F|  |TAMS 0x0000000088200000, 0x0000000088200000| Untracked 
|  81|0x0000000088300000, 0x0000000088300000, 0x0000000088400000|  0%| F|  |TAMS 0x0000000088300000, 0x0000000088300000| Untracked 
|  82|0x0000000088400000, 0x0000000088400000, 0x0000000088500000|  0%| F|  |TAMS 0x0000000088400000, 0x0000000088400000| Untracked 
|  83|0x0000000088500000, 0x0000000088500000, 0x0000000088600000|  0%| F|  |TAMS 0x0000000088500000, 0x0000000088500000| Untracked 
|  84|0x0000000088600000, 0x0000000088600000, 0x0000000088700000|  0%| F|  |TAMS 0x0000000088600000, 0x0000000088600000| Untracked 
|  85|0x0000000088700000, 0x0000000088700000, 0x0000000088800000|  0%| F|  |TAMS 0x0000000088700000, 0x0000000088700000| Untracked 
|  86|0x0000000088800000, 0x0000000088800000, 0x0000000088900000|  0%| F|  |TAMS 0x0000000088800000, 0x0000000088800000| Untracked 
|  87|0x0000000088900000, 0x0000000088900000, 0x0000000088a00000|  0%| F|  |TAMS 0x0000000088900000, 0x0000000088900000| Untracked 
|  88|0x0000000088a00000, 0x0000000088a00000, 0x0000000088b00000|  0%| F|  |TAMS 0x0000000088a00000, 0x0000000088a00000| Untracked 
|  89|0x0000000088b00000, 0x0000000088b00000, 0x0000000088c00000|  0%| F|  |TAMS 0x0000000088b00000, 0x0000000088b00000| Untracked 
|  90|0x0000000088c00000, 0x0000000088c00000, 0x0000000088d00000|  0%| F|  |TAMS 0x0000000088c00000, 0x0000000088c00000| Untracked 
|  91|0x0000000088d00000, 0x0000000088d00000, 0x0000000088e00000|  0%| F|  |TAMS 0x0000000088d00000, 0x0000000088d00000| Untracked 
|  92|0x0000000088e00000, 0x0000000088e00000, 0x0000000088f00000|  0%| F|  |TAMS 0x0000000088e00000, 0x0000000088e00000| Untracked 
|  93|0x0000000088f00000, 0x0000000088f00000, 0x0000000089000000|  0%| F|  |TAMS 0x0000000088f00000, 0x0000000088f00000| Untracked 
|  94|0x0000000089000000, 0x0000000089000000, 0x0000000089100000|  0%| F|  |TAMS 0x0000000089000000, 0x0000000089000000| Untracked 
|  95|0x0000000089100000, 0x0000000089100000, 0x0000000089200000|  0%| F|  |TAMS 0x0000000089100000, 0x0000000089100000| Untracked 
|  96|0x0000000089200000, 0x0000000089200000, 0x0000000089300000|  0%| F|  |TAMS 0x0000000089200000, 0x0000000089200000| Untracked 
|  97|0x0000000089300000, 0x0000000089300000, 0x0000000089400000|  0%| F|  |TAMS 0x0000000089300000, 0x0000000089300000| Untracked 
|  98|0x0000000089400000, 0x0000000089400000, 0x0000000089500000|  0%| F|  |TAMS 0x0000000089400000, 0x0000000089400000| Untracked 
|  99|0x0000000089500000, 0x0000000089500000, 0x0000000089600000|  0%| F|  |TAMS 0x0000000089500000, 0x0000000089500000| Untracked 
| 100|0x0000000089600000, 0x0000000089600000, 0x0000000089700000|  0%| F|  |TAMS 0x0000000089600000, 0x0000000089600000| Untracked 
| 101|0x0000000089700000, 0x0000000089700000, 0x0000000089800000|  0%| F|  |TAMS 0x0000000089700000, 0x0000000089700000| Untracked 
| 102|0x0000000089800000, 0x0000000089800000, 0x0000000089900000|  0%| F|  |TAMS 0x0000000089800000, 0x0000000089800000| Untracked 
| 103|0x0000000089900000, 0x0000000089900000, 0x0000000089a00000|  0%| F|  |TAMS 0x0000000089900000, 0x0000000089900000| Untracked 
| 104|0x0000000089a00000, 0x0000000089a00000, 0x0000000089b00000|  0%| F|  |TAMS 0x0000000089a00000, 0x0000000089a00000| Untracked 
| 105|0x0000000089b00000, 0x0000000089b00000, 0x0000000089c00000|  0%| F|  |TAMS 0x0000000089b00000, 0x0000000089b00000| Untracked 
| 106|0x0000000089c00000, 0x0000000089c00000, 0x0000000089d00000|  0%| F|  |TAMS 0x0000000089c00000, 0x0000000089c00000| Untracked 
| 107|0x0000000089d00000, 0x0000000089d00000, 0x0000000089e00000|  0%| F|  |TAMS 0x0000000089d00000, 0x0000000089d00000| Untracked 
| 108|0x0000000089e00000, 0x0000000089e00000, 0x0000000089f00000|  0%| F|  |TAMS 0x0000000089e00000, 0x0000000089e00000| Untracked 
| 109|0x0000000089f00000, 0x0000000089f00000, 0x000000008a000000|  0%| F|  |TAMS 0x0000000089f00000, 0x0000000089f00000| Untracked 
| 110|0x000000008a000000, 0x000000008a000000, 0x000000008a100000|  0%| F|  |TAMS 0x000000008a000000, 0x000000008a000000| Untracked 
| 111|0x000000008a100000, 0x000000008a100000, 0x000000008a200000|  0%| F|  |TAMS 0x000000008a100000, 0x000000008a100000| Untracked 
| 112|0x000000008a200000, 0x000000008a200000, 0x000000008a300000|  0%| F|  |TAMS 0x000000008a200000, 0x000000008a200000| Untracked 
| 113|0x000000008a300000, 0x000000008a300000, 0x000000008a400000|  0%| F|  |TAMS 0x000000008a300000, 0x000000008a300000| Untracked 
| 114|0x000000008a400000, 0x000000008a400000, 0x000000008a500000|  0%| F|  |TAMS 0x000000008a400000, 0x000000008a400000| Untracked 
| 115|0x000000008a500000, 0x000000008a500000, 0x000000008a600000|  0%| F|  |TAMS 0x000000008a500000, 0x000000008a500000| Untracked 
| 116|0x000000008a600000, 0x000000008a600000, 0x000000008a700000|  0%| F|  |TAMS 0x000000008a600000, 0x000000008a600000| Untracked 
| 117|0x000000008a700000, 0x000000008a700000, 0x000000008a800000|  0%| F|  |TAMS 0x000000008a700000, 0x000000008a700000| Untracked 
| 118|0x000000008a800000, 0x000000008a800000, 0x000000008a900000|  0%| F|  |TAMS 0x000000008a800000, 0x000000008a800000| Untracked 
| 119|0x000000008a900000, 0x000000008a900000, 0x000000008aa00000|  0%| F|  |TAMS 0x000000008a900000, 0x000000008a900000| Untracked 
| 120|0x000000008aa00000, 0x000000008aa00000, 0x000000008ab00000|  0%| F|  |TAMS 0x000000008aa00000, 0x000000008aa00000| Untracked 
| 121|0x000000008ab00000, 0x000000008ab00000, 0x000000008ac00000|  0%| F|  |TAMS 0x000000008ab00000, 0x000000008ab00000| Untracked 
| 122|0x000000008ac00000, 0x000000008ac00000, 0x000000008ad00000|  0%| F|  |TAMS 0x000000008ac00000, 0x000000008ac00000| Untracked 
| 123|0x000000008ad00000, 0x000000008ad00000, 0x000000008ae00000|  0%| F|  |TAMS 0x000000008ad00000, 0x000000008ad00000| Untracked 
| 124|0x000000008ae00000, 0x000000008ae00000, 0x000000008af00000|  0%| F|  |TAMS 0x000000008ae00000, 0x000000008ae00000| Untracked 
| 125|0x000000008af00000, 0x000000008af00000, 0x000000008b000000|  0%| F|  |TAMS 0x000000008af00000, 0x000000008af00000| Untracked 
| 126|0x000000008b000000, 0x000000008b000000, 0x000000008b100000|  0%| F|  |TAMS 0x000000008b000000, 0x000000008b000000| Untracked 
| 127|0x000000008b100000, 0x000000008b100000, 0x000000008b200000|  0%| F|  |TAMS 0x000000008b100000, 0x000000008b100000| Untracked 
| 128|0x000000008b200000, 0x000000008b200000, 0x000000008b300000|  0%| F|  |TAMS 0x000000008b200000, 0x000000008b200000| Untracked 
| 129|0x000000008b300000, 0x000000008b300000, 0x000000008b400000|  0%| F|  |TAMS 0x000000008b300000, 0x000000008b300000| Untracked 
| 130|0x000000008b400000, 0x000000008b400000, 0x000000008b500000|  0%| F|  |TAMS 0x000000008b400000, 0x000000008b400000| Untracked 
| 131|0x000000008b500000, 0x000000008b500000, 0x000000008b600000|  0%| F|  |TAMS 0x000000008b500000, 0x000000008b500000| Untracked 
| 132|0x000000008b600000, 0x000000008b600000, 0x000000008b700000|  0%| F|  |TAMS 0x000000008b600000, 0x000000008b600000| Untracked 
| 133|0x000000008b700000, 0x000000008b700000, 0x000000008b800000|  0%| F|  |TAMS 0x000000008b700000, 0x000000008b700000| Untracked 
| 134|0x000000008b800000, 0x000000008b800000, 0x000000008b900000|  0%| F|  |TAMS 0x000000008b800000, 0x000000008b800000| Untracked 
| 135|0x000000008b900000, 0x000000008b900000, 0x000000008ba00000|  0%| F|  |TAMS 0x000000008b900000, 0x000000008b900000| Untracked 
| 136|0x000000008ba00000, 0x000000008ba00000, 0x000000008bb00000|  0%| F|  |TAMS 0x000000008ba00000, 0x000000008ba00000| Untracked 
| 137|0x000000008bb00000, 0x000000008bb00000, 0x000000008bc00000|  0%| F|  |TAMS 0x000000008bb00000, 0x000000008bb00000| Untracked 
| 138|0x000000008bc00000, 0x000000008bc00000, 0x000000008bd00000|  0%| F|  |TAMS 0x000000008bc00000, 0x000000008bc00000| Untracked 
| 139|0x000000008bd00000, 0x000000008bd00000, 0x000000008be00000|  0%| F|  |TAMS 0x000000008bd00000, 0x000000008bd00000| Untracked 
| 140|0x000000008be00000, 0x000000008be00000, 0x000000008bf00000|  0%| F|  |TAMS 0x000000008be00000, 0x000000008be00000| Untracked 
| 141|0x000000008bf00000, 0x000000008bf00000, 0x000000008c000000|  0%| F|  |TAMS 0x000000008bf00000, 0x000000008bf00000| Untracked 
| 142|0x000000008c000000, 0x000000008c000000, 0x000000008c100000|  0%| F|  |TAMS 0x000000008c000000, 0x000000008c000000| Untracked 
| 143|0x000000008c100000, 0x000000008c100000, 0x000000008c200000|  0%| F|  |TAMS 0x000000008c100000, 0x000000008c100000| Untracked 
| 144|0x000000008c200000, 0x000000008c200000, 0x000000008c300000|  0%| F|  |TAMS 0x000000008c200000, 0x000000008c200000| Untracked 
| 145|0x000000008c300000, 0x000000008c300000, 0x000000008c400000|  0%| F|  |TAMS 0x000000008c300000, 0x000000008c300000| Untracked 
| 146|0x000000008c400000, 0x000000008c400000, 0x000000008c500000|  0%| F|  |TAMS 0x000000008c400000, 0x000000008c400000| Untracked 
| 147|0x000000008c500000, 0x000000008c500000, 0x000000008c600000|  0%| F|  |TAMS 0x000000008c500000, 0x000000008c500000| Untracked 
| 148|0x000000008c600000, 0x000000008c600000, 0x000000008c700000|  0%| F|  |TAMS 0x000000008c600000, 0x000000008c600000| Untracked 
| 149|0x000000008c700000, 0x000000008c700000, 0x000000008c800000|  0%| F|  |TAMS 0x000000008c700000, 0x000000008c700000| Untracked 
| 150|0x000000008c800000, 0x000000008c800000, 0x000000008c900000|  0%| F|  |TAMS 0x000000008c800000, 0x000000008c800000| Untracked 
| 151|0x000000008c900000, 0x000000008c900000, 0x000000008ca00000|  0%| F|  |TAMS 0x000000008c900000, 0x000000008c900000| Untracked 
| 152|0x000000008ca00000, 0x000000008ca00000, 0x000000008cb00000|  0%| F|  |TAMS 0x000000008ca00000, 0x000000008ca00000| Untracked 
| 153|0x000000008cb00000, 0x000000008cb00000, 0x000000008cc00000|  0%| F|  |TAMS 0x000000008cb00000, 0x000000008cb00000| Untracked 
| 154|0x000000008cc00000, 0x000000008cc00000, 0x000000008cd00000|  0%| F|  |TAMS 0x000000008cc00000, 0x000000008cc00000| Untracked 
| 155|0x000000008cd00000, 0x000000008cd00000, 0x000000008ce00000|  0%| F|  |TAMS 0x000000008cd00000, 0x000000008cd00000| Untracked 
| 156|0x000000008ce00000, 0x000000008ce00000, 0x000000008cf00000|  0%| F|  |TAMS 0x000000008ce00000, 0x000000008ce00000| Untracked 
| 157|0x000000008cf00000, 0x000000008cf00000, 0x000000008d000000|  0%| F|  |TAMS 0x000000008cf00000, 0x000000008cf00000| Untracked 
| 158|0x000000008d000000, 0x000000008d000000, 0x000000008d100000|  0%| F|  |TAMS 0x000000008d000000, 0x000000008d000000| Untracked 
| 159|0x000000008d100000, 0x000000008d100000, 0x000000008d200000|  0%| F|  |TAMS 0x000000008d100000, 0x000000008d100000| Untracked 
| 160|0x000000008d200000, 0x000000008d200000, 0x000000008d300000|  0%| F|  |TAMS 0x000000008d200000, 0x000000008d200000| Untracked 
| 161|0x000000008d300000, 0x000000008d300000, 0x000000008d400000|  0%| F|  |TAMS 0x000000008d300000, 0x000000008d300000| Untracked 
| 162|0x000000008d400000, 0x000000008d400000, 0x000000008d500000|  0%| F|  |TAMS 0x000000008d400000, 0x000000008d400000| Untracked 
| 163|0x000000008d500000, 0x000000008d500000, 0x000000008d600000|  0%| F|  |TAMS 0x000000008d500000, 0x000000008d500000| Untracked 
| 164|0x000000008d600000, 0x000000008d600000, 0x000000008d700000|  0%| F|  |TAMS 0x000000008d600000, 0x000000008d600000| Untracked 
| 165|0x000000008d700000, 0x000000008d700000, 0x000000008d800000|  0%| F|  |TAMS 0x000000008d700000, 0x000000008d700000| Untracked 
| 166|0x000000008d800000, 0x000000008d800000, 0x000000008d900000|  0%| F|  |TAMS 0x000000008d800000, 0x000000008d800000| Untracked 
| 167|0x000000008d900000, 0x000000008d900000, 0x000000008da00000|  0%| F|  |TAMS 0x000000008d900000, 0x000000008d900000| Untracked 
| 168|0x000000008da00000, 0x000000008da00000, 0x000000008db00000|  0%| F|  |TAMS 0x000000008da00000, 0x000000008da00000| Untracked 
| 169|0x000000008db00000, 0x000000008db00000, 0x000000008dc00000|  0%| F|  |TAMS 0x000000008db00000, 0x000000008db00000| Untracked 
| 170|0x000000008dc00000, 0x000000008dc00000, 0x000000008dd00000|  0%| F|  |TAMS 0x000000008dc00000, 0x000000008dc00000| Untracked 
| 171|0x000000008dd00000, 0x000000008dd00000, 0x000000008de00000|  0%| F|  |TAMS 0x000000008dd00000, 0x000000008dd00000| Untracked 
| 172|0x000000008de00000, 0x000000008de00000, 0x000000008df00000|  0%| F|  |TAMS 0x000000008de00000, 0x000000008de00000| Untracked 
| 173|0x000000008df00000, 0x000000008df00000, 0x000000008e000000|  0%| F|  |TAMS 0x000000008df00000, 0x000000008df00000| Untracked 
| 174|0x000000008e000000, 0x000000008e000000, 0x000000008e100000|  0%| F|  |TAMS 0x000000008e000000, 0x000000008e000000| Untracked 
| 175|0x000000008e100000, 0x000000008e100000, 0x000000008e200000|  0%| F|  |TAMS 0x000000008e100000, 0x000000008e100000| Untracked 
| 176|0x000000008e200000, 0x000000008e200000, 0x000000008e300000|  0%| F|  |TAMS 0x000000008e200000, 0x000000008e200000| Untracked 
| 177|0x000000008e300000, 0x000000008e300000, 0x000000008e400000|  0%| F|  |TAMS 0x000000008e300000, 0x000000008e300000| Untracked 
| 178|0x000000008e400000, 0x000000008e400000, 0x000000008e500000|  0%| F|  |TAMS 0x000000008e400000, 0x000000008e400000| Untracked 
| 179|0x000000008e500000, 0x000000008e500000, 0x000000008e600000|  0%| F|  |TAMS 0x000000008e500000, 0x000000008e500000| Untracked 
| 180|0x000000008e600000, 0x000000008e600000, 0x000000008e700000|  0%| F|  |TAMS 0x000000008e600000, 0x000000008e600000| Untracked 
| 181|0x000000008e700000, 0x000000008e700000, 0x000000008e800000|  0%| F|  |TAMS 0x000000008e700000, 0x000000008e700000| Untracked 
| 182|0x000000008e800000, 0x000000008e800000, 0x000000008e900000|  0%| F|  |TAMS 0x000000008e800000, 0x000000008e800000| Untracked 
| 183|0x000000008e900000, 0x000000008e900000, 0x000000008ea00000|  0%| F|  |TAMS 0x000000008e900000, 0x000000008e900000| Untracked 
| 184|0x000000008ea00000, 0x000000008ea00000, 0x000000008eb00000|  0%| F|  |TAMS 0x000000008ea00000, 0x000000008ea00000| Untracked 
| 185|0x000000008eb00000, 0x000000008eb00000, 0x000000008ec00000|  0%| F|  |TAMS 0x000000008eb00000, 0x000000008eb00000| Untracked 
| 186|0x000000008ec00000, 0x000000008ec00000, 0x000000008ed00000|  0%| F|  |TAMS 0x000000008ec00000, 0x000000008ec00000| Untracked 
| 187|0x000000008ed00000, 0x000000008ed00000, 0x000000008ee00000|  0%| F|  |TAMS 0x000000008ed00000, 0x000000008ed00000| Untracked 
| 188|0x000000008ee00000, 0x000000008ee00000, 0x000000008ef00000|  0%| F|  |TAMS 0x000000008ee00000, 0x000000008ee00000| Untracked 
| 189|0x000000008ef00000, 0x000000008ef00000, 0x000000008f000000|  0%| F|  |TAMS 0x000000008ef00000, 0x000000008ef00000| Untracked 
| 190|0x000000008f000000, 0x000000008f000000, 0x000000008f100000|  0%| F|  |TAMS 0x000000008f000000, 0x000000008f000000| Untracked 
| 191|0x000000008f100000, 0x000000008f100000, 0x000000008f200000|  0%| F|  |TAMS 0x000000008f100000, 0x000000008f100000| Untracked 
| 192|0x000000008f200000, 0x000000008f200000, 0x000000008f300000|  0%| F|  |TAMS 0x000000008f200000, 0x000000008f200000| Untracked 
| 193|0x000000008f300000, 0x000000008f300000, 0x000000008f400000|  0%| F|  |TAMS 0x000000008f300000, 0x000000008f300000| Untracked 
| 194|0x000000008f400000, 0x000000008f400000, 0x000000008f500000|  0%| F|  |TAMS 0x000000008f400000, 0x000000008f400000| Untracked 
| 195|0x000000008f500000, 0x000000008f500000, 0x000000008f600000|  0%| F|  |TAMS 0x000000008f500000, 0x000000008f500000| Untracked 
| 196|0x000000008f600000, 0x000000008f600000, 0x000000008f700000|  0%| F|  |TAMS 0x000000008f600000, 0x000000008f600000| Untracked 
| 197|0x000000008f700000, 0x000000008f700000, 0x000000008f800000|  0%| F|  |TAMS 0x000000008f700000, 0x000000008f700000| Untracked 
| 198|0x000000008f800000, 0x000000008f800000, 0x000000008f900000|  0%| F|  |TAMS 0x000000008f800000, 0x000000008f800000| Untracked 
| 199|0x000000008f900000, 0x000000008f900000, 0x000000008fa00000|  0%| F|  |TAMS 0x000000008f900000, 0x000000008f900000| Untracked 
| 200|0x000000008fa00000, 0x000000008fa00000, 0x000000008fb00000|  0%| F|  |TAMS 0x000000008fa00000, 0x000000008fa00000| Untracked 
| 201|0x000000008fb00000, 0x000000008fb00000, 0x000000008fc00000|  0%| F|  |TAMS 0x000000008fb00000, 0x000000008fb00000| Untracked 
| 202|0x000000008fc00000, 0x000000008fc00000, 0x000000008fd00000|  0%| F|  |TAMS 0x000000008fc00000, 0x000000008fc00000| Untracked 
| 203|0x000000008fd00000, 0x000000008fd00000, 0x000000008fe00000|  0%| F|  |TAMS 0x000000008fd00000, 0x000000008fd00000| Untracked 
| 204|0x000000008fe00000, 0x000000008fe00000, 0x000000008ff00000|  0%| F|  |TAMS 0x000000008fe00000, 0x000000008fe00000| Untracked 
| 205|0x000000008ff00000, 0x000000008ff00000, 0x0000000090000000|  0%| F|  |TAMS 0x000000008ff00000, 0x000000008ff00000| Untracked 
| 206|0x0000000090000000, 0x0000000090000000, 0x0000000090100000|  0%| F|  |TAMS 0x0000000090000000, 0x0000000090000000| Untracked 
| 207|0x0000000090100000, 0x0000000090100000, 0x0000000090200000|  0%| F|  |TAMS 0x0000000090100000, 0x0000000090100000| Untracked 
| 208|0x0000000090200000, 0x0000000090200000, 0x0000000090300000|  0%| F|  |TAMS 0x0000000090200000, 0x0000000090200000| Untracked 
| 209|0x0000000090300000, 0x0000000090300000, 0x0000000090400000|  0%| F|  |TAMS 0x0000000090300000, 0x0000000090300000| Untracked 
| 210|0x0000000090400000, 0x0000000090400000, 0x0000000090500000|  0%| F|  |TAMS 0x0000000090400000, 0x0000000090400000| Untracked 
| 211|0x0000000090500000, 0x0000000090500000, 0x0000000090600000|  0%| F|  |TAMS 0x0000000090500000, 0x0000000090500000| Untracked 
| 212|0x0000000090600000, 0x0000000090600000, 0x0000000090700000|  0%| F|  |TAMS 0x0000000090600000, 0x0000000090600000| Untracked 
| 213|0x0000000090700000, 0x0000000090800000, 0x0000000090800000|100%| E|  |TAMS 0x0000000090700000, 0x0000000090700000| Complete 

Card table byte_map: [0x0000029045dd0000,0x00000290461c0000] _byte_map_base: 0x00000290459b7000

Marking Bits (Prev, Next): (CMBitMap*) 0x000002902ee680a0, (CMBitMap*) 0x000002902ee68060
 Prev Bits: [0x00000290484f0000, 0x000002904a428000)
 Next Bits: [0x00000290465b0000, 0x00000290484e8000)

Polling page: 0x000002902e5d0000

Metaspace:

Usage:
  Non-class:     59.84 MB used.
      Class:      7.58 MB used.
       Both:     67.42 MB used.

Virtual space:
  Non-class space:       64.00 MB reserved,      60.00 MB ( 94%) committed,  1 nodes.
      Class space:        1.00 GB reserved,       7.75 MB ( <1%) committed,  1 nodes.
             Both:        1.06 GB reserved,      67.75 MB (  6%) committed. 

Chunk freelists:
   Non-Class:  2.94 MB
       Class:  8.30 MB
        Both:  11.23 MB

MaxMetaspaceSize: unlimited
CompressedClassSpaceSize: 1.00 GB
Initial GC threshold: 21.00 MB
Current GC threshold: 97.50 MB
CDS: on
MetaspaceReclaimPolicy: balanced
 - commit_granule_bytes: 65536.
 - commit_granule_words: 8192.
 - virtual_space_node_default_size: 8388608.
 - enlarge_chunks_in_place: 1.
 - new_chunks_are_fully_committed: 0.
 - uncommit_free_chunks: 1.
 - use_allocation_guard: 0.
 - handle_deallocations: 1.


Internal statistics:

num_allocs_failed_limit: 6.
num_arena_births: 326.
num_arena_deaths: 0.
num_vsnodes_births: 2.
num_vsnodes_deaths: 0.
num_space_committed: 1082.
num_space_uncommitted: 0.
num_chunks_returned_to_freelist: 6.
num_chunks_taken_from_freelist: 2783.
num_chunk_merges: 6.
num_chunk_splits: 2263.
num_chunks_enlarged: 2026.
num_inconsistent_stats: 0.

CodeHeap 'non-profiled nmethods': size=120000Kb used=4252Kb max_used=4252Kb free=115747Kb
 bounds [0x000002903e180000, 0x000002903e5b0000, 0x00000290456b0000]
CodeHeap 'profiled nmethods': size=120000Kb used=27052Kb max_used=27052Kb free=92947Kb
 bounds [0x00000290366b0000, 0x0000029038150000, 0x000002903dbe0000]
CodeHeap 'non-nmethods': size=5760Kb used=1415Kb max_used=1452Kb free=4345Kb
 bounds [0x000002903dbe0000, 0x000002903de50000, 0x000002903e180000]
 total_blobs=10704 nmethods=9976 adapters=637
 compilation: enabled
              stopped_count=0, restarted_count=0
 full_count=0

Compilation events (20 events):
Event: 19.238 Thread 0x0000029092010060 12196       3       org.jetbrains.kotlin.backend.jvm.ir.IrInlineReferenceLocator::visitMemberAccess (8 bytes)
Event: 19.239 Thread 0x0000029092010060 nmethod 12196 0x0000029038143590 code [0x00000290381437c0, 0x0000029038143ec8]
Event: 19.239 Thread 0x0000029092010060 12217       1       org.jetbrains.kotlin.backend.common.lower.InventNamesForLocalClasses$Data::getProcessingInlinedFunction (5 bytes)
Event: 19.239 Thread 0x0000029092010060 nmethod 12217 0x000002903e5a6110 code [0x000002903e5a62a0, 0x000002903e5a6378]
Event: 19.239 Thread 0x0000029092010060 12218       1       org.jetbrains.kotlin.backend.common.lower.InventNamesForLocalClasses$Data::getEnclosingName (5 bytes)
Event: 19.239 Thread 0x0000029092010060 nmethod 12218 0x000002903e5a6410 code [0x000002903e5a65a0, 0x000002903e5a6678]
Event: 19.239 Thread 0x0000029092010060 12203       3       org.jetbrains.kotlin.backend.common.phaser.NamedCompilerPhase::phaseBody (33 bytes)
Event: 19.240 Thread 0x0000029092010060 nmethod 12203 0x0000029038144190 code [0x00000290381444a0, 0x00000290381454c8]
Event: 19.240 Thread 0x0000029092010060 12200       3       org.jetbrains.kotlin.ir.visitors.IrElementVisitorVoid$DefaultImpls::visitProperty (14 bytes)
Event: 19.240 Thread 0x0000029092010060 nmethod 12200 0x0000029038145a90 code [0x0000029038145ca0, 0x0000029038146308]
Event: 19.241 Thread 0x0000029092010060 12204       3       org.jetbrains.kotlin.ir.visitors.IrElementTransformerVoid::visitField (15 bytes)
Event: 19.241 Thread 0x0000029092010060 nmethod 12204 0x0000029038146590 code [0x00000290381467a0, 0x0000029038146e28]
Event: 19.241 Thread 0x0000029092010060 12228       1       org.jetbrains.kotlin.ir.expressions.impl.IrTypeOperatorCallImpl::getOperator (5 bytes)
Event: 19.241 Thread 0x0000029092010060 nmethod 12228 0x000002903e5a6710 code [0x000002903e5a68a0, 0x000002903e5a6978]
Event: 19.241 Thread 0x0000029092010060 12194       3       org.jetbrains.kotlin.ir.visitors.IrElementVisitorVoid$DefaultImpls::visitConstructorCall (17 bytes)
Event: 19.241 Thread 0x0000029092010060 nmethod 12194 0x0000029038147090 code [0x00000290381472a0, 0x0000029038147908]
Event: 19.241 Thread 0x0000029092010060 12216       1       org.jetbrains.kotlin.ir.declarations.impl.IrVariableImpl::getOrigin (5 bytes)
Event: 19.241 Thread 0x0000029092010060 nmethod 12216 0x000002903e5a6a10 code [0x000002903e5a6ba0, 0x000002903e5a6c78]
Event: 19.241 Thread 0x0000029092010060 12189       1       org.jetbrains.kotlin.ir.builders.IrGeneratorContextBase::getIrBuiltIns (5 bytes)
Event: 19.241 Thread 0x0000029092010060 nmethod 12189 0x000002903e5a6d10 code [0x000002903e5a6ea0, 0x000002903e5a6f78]

GC Heap History (20 events):
Event: 7.925 GC heap before
{Heap before GC invocations=10 (full 0):
 garbage-first heap   total 91136K, used 67996K [0x0000000083200000, 0x0000000100000000)
  region size 1024K, 42 young (43008K), 2 survivors (2048K)
 Metaspace       used 42106K, committed 42432K, reserved 1114112K
  class space    used 5286K, committed 5440K, reserved 1048576K
}
Event: 7.938 GC heap after
{Heap after GC invocations=11 (full 0):
 garbage-first heap   total 91136K, used 30305K [0x0000000083200000, 0x0000000100000000)
  region size 1024K, 6 young (6144K), 6 survivors (6144K)
 Metaspace       used 42106K, committed 42432K, reserved 1114112K
  class space    used 5286K, committed 5440K, reserved 1048576K
}
Event: 9.257 GC heap before
{Heap before GC invocations=11 (full 0):
 garbage-first heap   total 91136K, used 69217K [0x0000000083200000, 0x0000000100000000)
  region size 1024K, 44 young (45056K), 6 survivors (6144K)
 Metaspace       used 45756K, committed 46080K, reserved 1114112K
  class space    used 5598K, committed 5760K, reserved 1048576K
}
Event: 9.283 GC heap after
{Heap after GC invocations=12 (full 0):
 garbage-first heap   total 91136K, used 36541K [0x0000000083200000, 0x0000000100000000)
  region size 1024K, 6 young (6144K), 6 survivors (6144K)
 Metaspace       used 45756K, committed 46080K, reserved 1114112K
  class space    used 5598K, committed 5760K, reserved 1048576K
}
Event: 10.371 GC heap before
{Heap before GC invocations=12 (full 0):
 garbage-first heap   total 91136K, used 68285K [0x0000000083200000, 0x0000000100000000)
  region size 1024K, 37 young (37888K), 6 survivors (6144K)
 Metaspace       used 46272K, committed 46528K, reserved 1114112K
  class space    used 5639K, committed 5760K, reserved 1048576K
}
Event: 10.396 GC heap after
{Heap after GC invocations=13 (full 0):
 garbage-first heap   total 91136K, used 42391K [0x0000000083200000, 0x0000000100000000)
  region size 1024K, 5 young (5120K), 5 survivors (5120K)
 Metaspace       used 46272K, committed 46528K, reserved 1114112K
  class space    used 5639K, committed 5760K, reserved 1048576K
}
Event: 11.328 GC heap before
{Heap before GC invocations=13 (full 0):
 garbage-first heap   total 91136K, used 69015K [0x0000000083200000, 0x0000000100000000)
  region size 1024K, 31 young (31744K), 5 survivors (5120K)
 Metaspace       used 48125K, committed 48384K, reserved 1114112K
  class space    used 5824K, committed 5952K, reserved 1048576K
}
Event: 11.368 GC heap after
{Heap after GC invocations=14 (full 0):
 garbage-first heap   total 109568K, used 46080K [0x0000000083200000, 0x0000000100000000)
  region size 1024K, 3 young (3072K), 3 survivors (3072K)
 Metaspace       used 48125K, committed 48384K, reserved 1114112K
  class space    used 5824K, committed 5952K, reserved 1048576K
}
Event: 14.335 GC heap before
{Heap before GC invocations=14 (full 0):
 garbage-first heap   total 109568K, used 83968K [0x0000000083200000, 0x0000000100000000)
  region size 1024K, 40 young (40960K), 3 survivors (3072K)
 Metaspace       used 51995K, committed 52352K, reserved 1114112K
  class space    used 6112K, committed 6272K, reserved 1048576K
}
Event: 14.359 GC heap after
{Heap after GC invocations=15 (full 0):
 garbage-first heap   total 109568K, used 49989K [0x0000000083200000, 0x0000000100000000)
  region size 1024K, 5 young (5120K), 5 survivors (5120K)
 Metaspace       used 51995K, committed 52352K, reserved 1114112K
  class space    used 6112K, committed 6272K, reserved 1048576K
}
Event: 15.866 GC heap before
{Heap before GC invocations=15 (full 0):
 garbage-first heap   total 109568K, used 84805K [0x0000000083200000, 0x0000000100000000)
  region size 1024K, 38 young (38912K), 5 survivors (5120K)
 Metaspace       used 53496K, committed 53760K, reserved 1114112K
  class space    used 6222K, committed 6336K, reserved 1048576K
}
Event: 15.889 GC heap after
{Heap after GC invocations=16 (full 0):
 garbage-first heap   total 109568K, used 53478K [0x0000000083200000, 0x0000000100000000)
  region size 1024K, 4 young (4096K), 4 survivors (4096K)
 Metaspace       used 53496K, committed 53760K, reserved 1114112K
  class space    used 6222K, committed 6336K, reserved 1048576K
}
Event: 16.920 GC heap before
{Heap before GC invocations=16 (full 0):
 garbage-first heap   total 109568K, used 86246K [0x0000000083200000, 0x0000000100000000)
  region size 1024K, 36 young (36864K), 4 survivors (4096K)
 Metaspace       used 59498K, committed 59840K, reserved 1114112K
  class space    used 6816K, committed 6976K, reserved 1048576K
}
Event: 16.934 GC heap after
{Heap after GC invocations=17 (full 0):
 garbage-first heap   total 109568K, used 55614K [0x0000000083200000, 0x0000000100000000)
  region size 1024K, 3 young (3072K), 3 survivors (3072K)
 Metaspace       used 59498K, committed 59840K, reserved 1114112K
  class space    used 6816K, committed 6976K, reserved 1048576K
}
Event: 18.166 GC heap before
{Heap before GC invocations=18 (full 0):
 garbage-first heap   total 109568K, used 87358K [0x0000000083200000, 0x0000000100000000)
  region size 1024K, 34 young (34816K), 3 survivors (3072K)
 Metaspace       used 63408K, committed 63744K, reserved 1114112K
  class space    used 7196K, committed 7360K, reserved 1048576K
}
Event: 18.189 GC heap after
{Heap after GC invocations=19 (full 0):
 garbage-first heap   total 109568K, used 59702K [0x0000000083200000, 0x0000000100000000)
  region size 1024K, 5 young (5120K), 5 survivors (5120K)
 Metaspace       used 63408K, committed 63744K, reserved 1114112K
  class space    used 7196K, committed 7360K, reserved 1048576K
}
Event: 18.207 GC heap before
{Heap before GC invocations=19 (full 0):
 garbage-first heap   total 109568K, used 60726K [0x0000000083200000, 0x0000000100000000)
  region size 1024K, 6 young (6144K), 5 survivors (5120K)
 Metaspace       used 63417K, committed 63744K, reserved 1114112K
  class space    used 7196K, committed 7360K, reserved 1048576K
}
Event: 18.220 GC heap after
{Heap after GC invocations=20 (full 0):
 garbage-first heap   total 109568K, used 60084K [0x0000000083200000, 0x0000000100000000)
  region size 1024K, 1 young (1024K), 1 survivors (1024K)
 Metaspace       used 63417K, committed 63744K, reserved 1114112K
  class space    used 7196K, committed 7360K, reserved 1048576K
}
Event: 19.226 GC heap before
{Heap before GC invocations=20 (full 0):
 garbage-first heap   total 109568K, used 87732K [0x0000000083200000, 0x0000000100000000)
  region size 1024K, 28 young (28672K), 1 survivors (1024K)
 Metaspace       used 69027K, committed 69376K, reserved 1114112K
  class space    used 7759K, committed 7936K, reserved 1048576K
}
Event: 19.235 GC heap after
{Heap after GC invocations=21 (full 0):
 garbage-first heap   total 219136K, used 60870K [0x0000000083200000, 0x0000000100000000)
  region size 1024K, 2 young (2048K), 2 survivors (2048K)
 Metaspace       used 69027K, committed 69376K, reserved 1114112K
  class space    used 7759K, committed 7936K, reserved 1048576K
}

Deoptimization events (20 events):
Event: 19.044 Thread 0x000002902ee0c770 Uncommon trap: trap_request=0xffffff45 fr.pc=0x000002903e374f8c relative=0x00000000000001ec
Event: 19.044 Thread 0x000002902ee0c770 Uncommon trap: reason=unstable_if action=reinterpret pc=0x000002903e374f8c method=kotlin.sequences.FilteringSequence$iterator$1.hasNext()Z @ 5 c2
Event: 19.044 Thread 0x000002902ee0c770 DEOPT PACKING pc=0x000002903e374f8c sp=0x000000d909bfca10
Event: 19.044 Thread 0x000002902ee0c770 DEOPT UNPACKING pc=0x000002903dc35ba3 sp=0x000000d909bfc9d0 mode 2
Event: 19.058 Thread 0x000002902ee0c770 Uncommon trap: trap_request=0xffffffc6 fr.pc=0x000002903e5a39d4 relative=0x00000000000007d4
Event: 19.058 Thread 0x000002902ee0c770 Uncommon trap: reason=bimorphic_or_optimized_type_check action=maybe_recompile pc=0x000002903e5a39d4 method=org.jetbrains.kotlin.ir.declarations.IrFunction.acceptChildren(Lorg/jetbrains/kotlin/ir/visitors/IrElementVisitor;Ljava/lang/Object;)V @ 7 c2
Event: 19.058 Thread 0x000002902ee0c770 DEOPT PACKING pc=0x000002903e5a39d4 sp=0x000000d909bfc490
Event: 19.058 Thread 0x000002902ee0c770 DEOPT UNPACKING pc=0x000002903dc35ba3 sp=0x000000d909bfc418 mode 2
Event: 19.178 Thread 0x000002902ee0c770 Uncommon trap: trap_request=0xffffff76 fr.pc=0x000002903e5a3a48 relative=0x0000000000000848
Event: 19.178 Thread 0x000002902ee0c770 Uncommon trap: reason=predicate action=maybe_recompile pc=0x000002903e5a3a48 method=org.jetbrains.kotlin.ir.declarations.IrFunction.acceptChildren(Lorg/jetbrains/kotlin/ir/visitors/IrElementVisitor;Ljava/lang/Object;)V @ 129 c2
Event: 19.178 Thread 0x000002902ee0c770 DEOPT PACKING pc=0x000002903e5a3a48 sp=0x000000d909bfd6d0
Event: 19.178 Thread 0x000002902ee0c770 DEOPT UNPACKING pc=0x000002903dc35ba3 sp=0x000000d909bfd670 mode 2
Event: 19.179 Thread 0x000002902ee0c770 Uncommon trap: trap_request=0xffffff76 fr.pc=0x000002903e59f95c relative=0x0000000000001b3c
Event: 19.179 Thread 0x000002902ee0c770 Uncommon trap: reason=predicate action=maybe_recompile pc=0x000002903e59f95c method=org.jetbrains.kotlin.ir.util.TransformKt.transformIfNeeded(Ljava/util/List;Lorg/jetbrains/kotlin/ir/visitors/IrElementTransformer;Ljava/lang/Object;)Ljava/util/List; @ 32 
Event: 19.179 Thread 0x000002902ee0c770 DEOPT PACKING pc=0x000002903e59f95c sp=0x000000d909bfd6d0
Event: 19.179 Thread 0x000002902ee0c770 DEOPT UNPACKING pc=0x000002903dc35ba3 sp=0x000000d909bfd660 mode 2
Event: 19.180 Thread 0x000002902ee0c770 Uncommon trap: trap_request=0xffffff76 fr.pc=0x000002903e5a1fb8 relative=0x00000000000006b8
Event: 19.180 Thread 0x000002902ee0c770 Uncommon trap: reason=predicate action=maybe_recompile pc=0x000002903e5a1fb8 method=org.jetbrains.kotlin.ir.util.TransformKt.transformIfNeeded(Ljava/util/List;Lorg/jetbrains/kotlin/ir/visitors/IrElementTransformer;Ljava/lang/Object;)Ljava/util/List; @ 32 
Event: 19.180 Thread 0x000002902ee0c770 DEOPT PACKING pc=0x000002903e5a1fb8 sp=0x000000d909bfd7b0
Event: 19.180 Thread 0x000002902ee0c770 DEOPT UNPACKING pc=0x000002903dc35ba3 sp=0x000000d909bfd750 mode 2

Classes unloaded (0 events):
No events

Classes redefined (0 events):
No events

Internal exceptions (20 events):
Event: 9.935 Thread 0x000002902ee0c770 Exception <a 'java/lang/NoSuchMethodError'{0x0000000087583328}: 'java.lang.Object java.lang.invoke.DirectMethodHandle$Holder.invokeStatic(java.lang.Object, int, java.lang.Object)'> (0x0000000087583328) 
thrown [s\open\src\hotspot\share\interpreter\linkResolver.cpp, line 759]
Event: 10.461 Thread 0x000002902ee0c770 Implicit null exception at 0x000002903e254791 to 0x000002903e254880
Event: 10.462 Thread 0x000002902ee0c770 Implicit null exception at 0x000002903e246c58 to 0x000002903e246cee
Event: 11.065 Thread 0x000002902ee0c770 Implicit null exception at 0x000002903e37c83c to 0x000002903e37de00
Event: 11.277 Thread 0x000002902ee0c770 Exception <a 'java/lang/NoSuchMethodError'{0x00000000874a3c70}: 'int java.lang.invoke.DirectMethodHandle$Holder.invokeStaticInit(java.lang.Object, int)'> (0x00000000874a3c70) 
thrown [s\open\src\hotspot\share\interpreter\linkResolver.cpp, line 759]
Event: 11.806 Thread 0x000002902ee0c770 Exception <a 'java/lang/NoSuchMethodError'{0x00000000896309b8}: 'java.lang.Object java.lang.invoke.DirectMethodHandle$Holder.invokeInterface(java.lang.Object, java.lang.Object, java.lang.Object)'> (0x00000000896309b8) 
thrown [s\open\src\hotspot\share\interpreter\linkResolver.cpp, line 759]
Event: 11.806 Thread 0x000002902ee0c770 Exception <a 'java/lang/IncompatibleClassChangeError'{0x0000000089634328}: Found class java.lang.Object, but interface was expected> (0x0000000089634328) 
thrown [s\open\src\hotspot\share\interpreter\linkResolver.cpp, line 826]
Event: 11.816 Thread 0x000002902ee0c770 Exception <a 'java/lang/NoSuchMethodError'{0x0000000089668040}: 'java.lang.Object java.lang.invoke.DirectMethodHandle$Holder.newInvokeSpecial(java.lang.Object, java.lang.Object, java.lang.Object, java.lang.Object, java.lang.Object, java.lang.Object, java.lang.Object)'> (0x0000000089668040) 
thrown [s\open\src\hotspot\share\interpreter\linkResolver.cpp, line 759]
Event: 11.816 Thread 0x000002902ee0c770 Exception <a 'java/lang/NoSuchMethodError'{0x000000008966cbf8}: 'java.lang.Object java.lang.invoke.Invokers$Holder.linkToTargetMethod(java.lang.Object, java.lang.Object, java.lang.Object, java.lang.Object, java.lang.Object, java.lang.Object, java.lang.Object)'> (0x000000008966cbf8) 
thrown [s\open\src\hotspot\share\interpreter\linkResolver.cpp, line 759]
Event: 15.978 Thread 0x000002902ee0c770 Implicit null exception at 0x000002903e440bd7 to 0x000002903e440ea4
Event: 16.164 Thread 0x000002902ee0c770 Exception <a 'java/lang/NoSuchMethodError'{0x00000000893244c8}: 'java.lang.Object java.lang.invoke.DirectMethodHandle$Holder.invokeStaticInit(java.lang.Object, java.lang.Object, java.lang.Object, java.lang.Object)'> (0x00000000893244c8) 
thrown [s\open\src\hotspot\share\interpreter\linkResolver.cpp, line 759]
Event: 16.605 Thread 0x000002902ee0c770 Exception <a 'java/lang/NoSuchMethodError'{0x00000000885ded18}: 'java.lang.Object java.lang.invoke.DirectMethodHandle$Holder.newInvokeSpecial(java.lang.Object, java.lang.Object, java.lang.Object, int, int)'> (0x00000000885ded18) 
thrown [s\open\src\hotspot\share\interpreter\linkResolver.cpp, line 759]
Event: 16.606 Thread 0x000002902ee0c770 Exception <a 'java/lang/NoSuchMethodError'{0x00000000885e2b58}: 'java.lang.Object java.lang.invoke.DirectMethodHandle$Holder.invokeSpecial(java.lang.Object, java.lang.Object, java.lang.Object, java.lang.Object, int, int)'> (0x00000000885e2b58) 
thrown [s\open\src\hotspot\share\interpreter\linkResolver.cpp, line 759]
Event: 16.779 Thread 0x000002902ee0c770 Exception <a 'java/lang/NoSuchMethodError'{0x00000000880ee950}: 'java.lang.Object java.lang.invoke.DirectMethodHandle$Holder.invokeSpecial(java.lang.Object, java.lang.Object, int, int, java.lang.Object, java.lang.Object, java.lang.Object, java.lang.Object, java.lang.Object)'> (0x00000000880ee950) 
thrown [s\open\src\hotspot\share\interpreter\linkResolver.cpp, line 759]
Event: 16.783 Thread 0x000002902ee0c770 Implicit null exception at 0x000002903e2439f0 to 0x000002903e243c2c
Event: 16.875 Thread 0x000002902ee0c770 Exception <a 'java/lang/NoSuchMethodError'{0x0000000087efcae8}: 'java.lang.Object java.lang.invoke.DirectMethodHandle$Holder.newInvokeSpecial(java.lang.Object, java.lang.Object, int, int, java.lang.Object, java.lang.Object, java.lang.Object)'> (0x0000000087efcae8) 
thrown [s\open\src\hotspot\share\interpreter\linkResolver.cpp, line 759]
Event: 16.875 Thread 0x000002902ee0c770 Exception <a 'java/lang/NoSuchMethodError'{0x0000000087d017b8}: 'java.lang.Object java.lang.invoke.DirectMethodHandle$Holder.invokeSpecial(java.lang.Object, java.lang.Object, java.lang.Object, int, int, java.lang.Object, java.lang.Object, java.lang.Object)'> (0x0000000087d017b8) 
thrown [s\open\src\hotspot\share\interpreter\linkResolver.cpp, line 759]
Event: 17.267 Thread 0x000002902ee0c770 Exception <a 'java/lang/NoSuchMethodError'{0x00000000891f3840}: 'java.lang.Object java.lang.invoke.DirectMethodHandle$Holder.invokeStatic(java.lang.Object, java.lang.Object, java.lang.Object, int, int, java.lang.Object, java.lang.Object, java.lang.Object, java.lang.Object)'> (0x00000000891f3840) 
thrown [s\open\src\hotspot\share\interpreter\linkResolver.cpp, line 759]
Event: 17.268 Thread 0x000002902ee0c770 Exception <a 'java/lang/NoSuchMethodError'{0x00000000891fdb08}: 'java.lang.Object java.lang.invoke.DirectMethodHandle$Holder.newInvokeSpecial(java.lang.Object, java.lang.Object, java.lang.Object, int, int, java.lang.Object)'> (0x00000000891fdb08) 
thrown [s\open\src\hotspot\share\interpreter\linkResolver.cpp, line 759]
Event: 17.268 Thread 0x000002902ee0c770 Exception <a 'java/lang/NoSuchMethodError'{0x0000000089005938}: 'java.lang.Object java.lang.invoke.Invokers$Holder.linkToTargetMethod(java.lang.Object, java.lang.Object, int, int, java.lang.Object, java.lang.Object)'> (0x0000000089005938) 
thrown [s\open\src\hotspot\share\interpreter\linkResolver.cpp, line 759]

VM Operations (20 events):
Event: 18.165 Executing VM operation: G1CollectForAllocation
Event: 18.189 Executing VM operation: G1CollectForAllocation done
Event: 18.207 Executing VM operation: G1CollectForAllocation
Event: 18.220 Executing VM operation: G1CollectForAllocation done
Event: 18.348 Executing VM operation: HandshakeAllThreads
Event: 18.348 Executing VM operation: HandshakeAllThreads done
Event: 18.385 Executing VM operation: HandshakeAllThreads
Event: 18.386 Executing VM operation: HandshakeAllThreads done
Event: 18.393 Executing VM operation: HandshakeAllThreads
Event: 18.393 Executing VM operation: HandshakeAllThreads done
Event: 18.601 Executing VM operation: HandshakeAllThreads
Event: 18.601 Executing VM operation: HandshakeAllThreads done
Event: 18.616 Executing VM operation: ICBufferFull
Event: 18.616 Executing VM operation: ICBufferFull done
Event: 18.894 Executing VM operation: ICBufferFull
Event: 18.895 Executing VM operation: ICBufferFull done
Event: 19.029 Executing VM operation: ICBufferFull
Event: 19.030 Executing VM operation: ICBufferFull done
Event: 19.226 Executing VM operation: G1CollectForAllocation
Event: 19.235 Executing VM operation: G1CollectForAllocation done

Events (20 events):
Event: 17.899 Thread 0x000002904cea9320 flushing nmethod 0x0000029037da5090
Event: 17.899 Thread 0x000002904cea9320 flushing nmethod 0x0000029037df2890
Event: 17.899 Thread 0x000002904cea9320 flushing nmethod 0x0000029037e3bb90
Event: 17.899 Thread 0x000002904cea9320 flushing nmethod 0x0000029037e4c490
Event: 17.900 Thread 0x000002904cea9320 flushing nmethod 0x0000029037e6bd90
Event: 17.900 Thread 0x000002904cea9320 flushing nmethod 0x0000029037ea3490
Event: 17.900 Thread 0x000002904cea9320 flushing nmethod 0x0000029037ec6b10
Event: 17.900 Thread 0x000002904cea9320 flushing nmethod 0x0000029037efbb10
Event: 17.900 Thread 0x000002904cea9320 flushing nmethod 0x0000029037f17610
Event: 17.900 Thread 0x000002904cea9320 flushing nmethod 0x0000029037f18690
Event: 17.900 Thread 0x000002904cea9320 flushing nmethod 0x0000029037f1d290
Event: 17.900 Thread 0x000002904cea9320 flushing nmethod 0x0000029037f5c210
Event: 17.900 Thread 0x000002904cea9320 flushing nmethod 0x0000029037f63090
Event: 17.900 Thread 0x000002904cea9320 flushing nmethod 0x0000029037f65910
Event: 17.900 Thread 0x000002904cea9320 flushing nmethod 0x0000029037f68810
Event: 17.900 Thread 0x000002904cea9320 flushing nmethod 0x0000029037fe8910
Event: 17.901 Thread 0x000002904cea9320 flushing nmethod 0x0000029038095790
Event: 17.901 Thread 0x000002904cea9320 flushing nmethod 0x00000290380a7990
Event: 17.901 Thread 0x000002904cea9320 flushing nmethod 0x00000290380a7d10
Event: 17.901 Thread 0x000002904cea9320 flushing nmethod 0x00000290380ab390


Dynamic libraries:
0x00007ff761140000 - 0x00007ff761150000 	C:\Program Files\Java\jdk-17\bin\java.exe
0x00007ffb637b0000 - 0x00007ffb639c7000 	C:\WINDOWS\SYSTEM32\ntdll.dll
0x00007ffb62c50000 - 0x00007ffb62d14000 	C:\WINDOWS\System32\KERNEL32.DLL
0x00007ffb60b50000 - 0x00007ffb60f09000 	C:\WINDOWS\System32\KERNELBASE.dll
0x00007ffb60fc0000 - 0x00007ffb610d1000 	C:\WINDOWS\System32\ucrtbase.dll
0x00007ffb4fe80000 - 0x00007ffb4fe99000 	C:\Program Files\Java\jdk-17\bin\jli.dll
0x00007ffb4df40000 - 0x00007ffb4df5b000 	C:\Program Files\Java\jdk-17\bin\VCRUNTIME140.dll
0x00007ffb633c0000 - 0x00007ffb63472000 	C:\WINDOWS\System32\ADVAPI32.dll
0x00007ffb63310000 - 0x00007ffb633b7000 	C:\WINDOWS\System32\msvcrt.dll
0x00007ffb636b0000 - 0x00007ffb63757000 	C:\WINDOWS\System32\sechost.dll
0x00007ffb60f10000 - 0x00007ffb60f38000 	C:\WINDOWS\System32\bcrypt.dll
0x00007ffb614d0000 - 0x00007ffb615e4000 	C:\WINDOWS\System32\RPCRT4.dll
0x00007ffb623b0000 - 0x00007ffb6255e000 	C:\WINDOWS\System32\USER32.dll
0x00007ffb610e0000 - 0x00007ffb61106000 	C:\WINDOWS\System32\win32u.dll
0x00007ffb63480000 - 0x00007ffb634a9000 	C:\WINDOWS\System32\GDI32.dll
0x00007ffb61280000 - 0x00007ffb6139b000 	C:\WINDOWS\System32\gdi32full.dll
0x00007ffb45d30000 - 0x00007ffb45fc2000 	C:\WINDOWS\WinSxS\amd64_microsoft.windows.common-controls_6595b64144ccf1df_6.0.22621.4391_none_2715d37f73803e96\COMCTL32.dll
0x00007ffb60ab0000 - 0x00007ffb60b4a000 	C:\WINDOWS\System32\msvcp_win.dll
0x00007ffb55cd0000 - 0x00007ffb55cda000 	C:\WINDOWS\SYSTEM32\VERSION.dll
0x00007ffb62570000 - 0x00007ffb625a1000 	C:\WINDOWS\System32\IMM32.DLL
0x00007ffb586c0000 - 0x00007ffb586cc000 	C:\Program Files\Java\jdk-17\bin\vcruntime140_1.dll
0x00007ffb17f80000 - 0x00007ffb1800e000 	C:\Program Files\Java\jdk-17\bin\msvcp140.dll
0x00007ffaca460000 - 0x00007ffacb03f000 	C:\Program Files\Java\jdk-17\bin\server\jvm.dll
0x00007ffb62560000 - 0x00007ffb62568000 	C:\WINDOWS\System32\PSAPI.DLL
0x00007ffb38d90000 - 0x00007ffb38d99000 	C:\WINDOWS\SYSTEM32\WSOCK32.dll
0x00007ffb63630000 - 0x00007ffb636a1000 	C:\WINDOWS\System32\WS2_32.dll
0x00007ffb58640000 - 0x00007ffb58674000 	C:\WINDOWS\SYSTEM32\WINMM.dll
0x00007ffb5fbb0000 - 0x00007ffb5fbc8000 	C:\WINDOWS\SYSTEM32\kernel.appcore.dll
0x00007ffb4ed00000 - 0x00007ffb4ed0a000 	C:\Program Files\Java\jdk-17\bin\jimage.dll
0x00007ffb5e370000 - 0x00007ffb5e5a2000 	C:\WINDOWS\SYSTEM32\DBGHELP.DLL
0x00007ffb627c0000 - 0x00007ffb62b4f000 	C:\WINDOWS\System32\combase.dll
0x00007ffb63020000 - 0x00007ffb630f7000 	C:\WINDOWS\System32\OLEAUT32.dll
0x00007ffb46200000 - 0x00007ffb46232000 	C:\WINDOWS\SYSTEM32\dbgcore.DLL
0x00007ffb60f40000 - 0x00007ffb60fbb000 	C:\WINDOWS\System32\bcryptPrimitives.dll
0x00007ffb45240000 - 0x00007ffb45265000 	C:\Program Files\Java\jdk-17\bin\java.dll
0x00007ffb17970000 - 0x00007ffb17a47000 	C:\Program Files\Java\jdk-17\bin\jsvml.dll
0x00007ffb61b30000 - 0x00007ffb623a6000 	C:\WINDOWS\System32\SHELL32.dll
0x00007ffb5e9b0000 - 0x00007ffb5f2b3000 	C:\WINDOWS\SYSTEM32\windows.storage.dll
0x00007ffb5e870000 - 0x00007ffb5e9af000 	C:\WINDOWS\SYSTEM32\wintypes.dll
0x00007ffb63530000 - 0x00007ffb63629000 	C:\WINDOWS\System32\SHCORE.dll
0x00007ffb615f0000 - 0x00007ffb6164e000 	C:\WINDOWS\System32\shlwapi.dll
0x00007ffb609e0000 - 0x00007ffb60a0b000 	C:\WINDOWS\SYSTEM32\profapi.dll
0x00007ffb4df00000 - 0x00007ffb4df19000 	C:\Program Files\Java\jdk-17\bin\net.dll
0x00007ffb59ca0000 - 0x00007ffb59dd6000 	C:\WINDOWS\SYSTEM32\WINHTTP.dll
0x00007ffb60060000 - 0x00007ffb600c9000 	C:\WINDOWS\system32\mswsock.dll
0x00007ffb4dd60000 - 0x00007ffb4dd76000 	C:\Program Files\Java\jdk-17\bin\nio.dll
0x00007ffb450e0000 - 0x00007ffb450f8000 	C:\Program Files\Java\jdk-17\bin\zip.dll
0x00007ffb4ece0000 - 0x00007ffb4ecf0000 	C:\Program Files\Java\jdk-17\bin\verify.dll

dbghelp: loaded successfully - version: 4.0.5 - missing functions: none
symbol engine: initialized successfully - sym options: 0x614 - pdb path: .;C:\Program Files\Java\jdk-17\bin;C:\WINDOWS\SYSTEM32;C:\WINDOWS\WinSxS\amd64_microsoft.windows.common-controls_6595b64144ccf1df_6.0.22621.4391_none_2715d37f73803e96;C:\Program Files\Java\jdk-17\bin\server

VM Arguments:
java_command: org.jetbrains.kotlin.cli.jvm.K2JVMCompiler @C:\Users\ACER\Documents\Toyota\car_rental\node_modules\react-native-safe-area-context\android\build\20241122_1390174628118113842.compiler.options
java_class_path (initial): C:\Users\ACER\.gradle\caches\modules-2\files-2.1\org.jetbrains.kotlin\kotlin-compiler-embeddable\1.9.24\78dab849090e6c5e2eadb6e59a11cdc28fb67a08\kotlin-compiler-embeddable-1.9.24.jar;C:\Users\ACER\.gradle\caches\modules-2\files-2.1\org.jetbrains.kotlin\kotlin-stdlib\1.9.24\9928532f12c66ad816a625b3f9984f8368ca6d2b\kotlin-stdlib-1.9.24.jar;C:\Users\ACER\.gradle\caches\modules-2\files-2.1\org.jetbrains.kotlin\kotlin-script-runtime\1.9.24\96771497da90fbc5af1c90fce148db2595a62502\kotlin-script-runtime-1.9.24.jar;C:\Users\ACER\.gradle\caches\modules-2\files-2.1\org.jetbrains.kotlin\kotlin-reflect\1.6.10\1cbe9c92c12a94eea200d23c2bbaedaf3daf5132\kotlin-reflect-1.6.10.jar;C:\Users\ACER\.gradle\caches\modules-2\files-2.1\org.jetbrains.kotlin\kotlin-daemon-embeddable\1.9.24\86685b9c5e8d170925bd9ddbdc263374a6a73281\kotlin-daemon-embeddable-1.9.24.jar;C:\Users\ACER\.gradle\caches\modules-2\files-2.1\org.jetbrains.intellij.deps\trove4j\1.0.20200330\3afb14d5f9ceb459d724e907a21145e8ff394f02\trove4j-1.0.20200330.jar;C:\Users\ACER\.gradle\caches\modules-2\files-2.1\org.jetbrains\annotations\13.0\919f0dfe192fb4e063e7dacadee7f8bb9a2672a9\annotations-13.0.jar
Launcher Type: SUN_STANDARD

[Global flags]
     intx CICompilerCount                          = 4                                         {product} {ergonomic}
     uint ConcGCThreads                            = 2                                         {product} {ergonomic}
     uint G1ConcRefinementThreads                  = 8                                         {product} {ergonomic}
   size_t G1HeapRegionSize                         = 1048576                                   {product} {ergonomic}
    uintx GCDrainStackTargetSize                   = 64                                        {product} {ergonomic}
   size_t InitialHeapSize                          = 132120576                                 {product} {ergonomic}
   size_t MarkStackSize                            = 4194304                                   {product} {ergonomic}
   size_t MaxHeapSize                              = 2095054848                                {product} {ergonomic}
   size_t MaxNewSize                               = 1256194048                                {product} {ergonomic}
   size_t MinHeapDeltaBytes                        = 1048576                                   {product} {ergonomic}
   size_t MinHeapSize                              = 8388608                                   {product} {ergonomic}
    uintx NonNMethodCodeHeapSize                   = 5839372                                {pd product} {ergonomic}
    uintx NonProfiledCodeHeapSize                  = 122909434                              {pd product} {ergonomic}
    uintx ProfiledCodeHeapSize                     = 122909434                              {pd product} {ergonomic}
    uintx ReservedCodeCacheSize                    = 251658240                              {pd product} {ergonomic}
     bool SegmentedCodeCache                       = true                                      {product} {ergonomic}
   size_t SoftMaxHeapSize                          = 2095054848                             {manageable} {ergonomic}
     bool UseCompressedClassPointers               = true                           {product lp64_product} {ergonomic}
     bool UseCompressedOops                        = true                           {product lp64_product} {ergonomic}
     bool UseG1GC                                  = true                                      {product} {ergonomic}
     bool UseLargePagesIndividualAllocation        = false                                  {pd product} {ergonomic}

Logging:
Log output configuration:
 #0: stdout all=warning uptime,level,tags
 #1: stderr all=off uptime,level,tags

Environment Variables:
JAVA_HOME=C:\Program Files\Java\jdk-17
CLASSPATH=C:\Users\ACER\Documents\Toyota\car_rental\android\\gradle\wrapper\gradle-wrapper.jar
PATH=C:\Users\ACER\Documents\Toyota\car_rental\node_modules\.bin;C:\Users\ACER\Documents\Toyota\car_rental\node_modules\.bin;C:\Users\ACER\Documents\Toyota\node_modules\.bin;C:\Users\ACER\Documents\node_modules\.bin;C:\Users\ACER\node_modules\.bin;C:\Users\node_modules\.bin;C:\node_modules\.bin;C:\Program Files\nodejs\node_modules\npm\node_modules\@npmcli\run-script\lib\node-gyp-bin;C:\Users\ACER\Documents\Toyota\car_rental\node_modules\.bin;C:\Users\ACER\Documents\Toyota\car_rental\node_modules\.bin;C:\Users\ACER\Documents\Toyota\node_modules\.bin;C:\Users\ACER\Documents\node_modules\.bin;C:\Users\ACER\node_modules\.bin;C:\Users\node_modules\.bin;C:\node_modules\.bin;C:\Program Files\nodejs\node_modules\npm\node_modules\@npmcli\run-script\lib\node-gyp-bin;C:\Program Files\Common Files\Oracle\Java\javapath;C:\Program Files\Python312\Scripts\;C:\Program Files\Python312\;C:\Program Files\Amazon Corretto\jdk1.8.0_392\bin;C:\Windows\system32;C:\Windows;C:\Windows\System32\Wbem;C:\Windows\System32\WindowsPowerShell\v1.0\;C:\Windows\System32\OpenSSH\;C:\Program Files (x86)\NVIDIA Corporation\PhysX\Common;C:\Program Files\NVIDIA Corporation\NVIDIA NvDLISR;C:\WINDOWS\system32;C:\WINDOWS;C:\WINDOWS\System32\Wbem;C:\WINDOWS\System32\WindowsPowerShell\v1.0\;C:\WINDOWS\System32\OpenSSH\;C:\Program Files\Git\cmd;C:\Program Files\MySQL\MySQL Server 8.0\bin;C:\Program Files\Java\jdk-20\bin;C:\Program Files\PostgreSQL\15\bin;C:\xampp\php;C:\ProgramData\ComposerSetup\bin;C:\Program Files\dotnet\;C:\Program Files\Java\apache-maven-3.9.5\bin;C:\Program Files\Microsoft SQL Server\150\Tools\Binn\;C:\msys64\ucrt64\bin;C:\Program Files\Docker\Docker\resources\bin;C:\Program Files\Go\bin;C:\Program Files\PuTTY\;D:\flutter_windows_3.24.3-stable\flutter\bin;C:\Program Files\CMake\bin;C:\Users\ACER\AppData\Local\Programs\Python\Python312;C:\Program Files\Graphviz\bin;C:\Program Files\Microsoft SQL Server\Client SDK\ODBC\170\Tools\Binn\;D:\Toyota\vggvox-speaker-identification-master\vggvox-speake
USERNAME=ACER
LANG=en_US.UTF-8
OS=Windows_NT
PROCESSOR_IDENTIFIER=Intel64 Family 6 Model 140 Stepping 1, GenuineIntel



---------------  S Y S T E M  ---------------

OS:
 Windows 11 , 64 bit Build 22621 (10.0.22621.4391)
OS uptime: 1 days 9:18 hours
Hyper-V role detected

CPU: total 8 (initial active 8) (4 cores per cpu, 2 threads per core) family 6 model 140 stepping 1 microcode 0x86, cx8, cmov, fxsr, ht, mmx, 3dnowpref, sse, sse2, sse3, ssse3, sse4.1, sse4.2, popcnt, lzcnt, tsc, tscinvbit, avx, avx2, aes, erms, clmul, bmi1, bmi2, adx, avx512f, avx512dq, avx512cd, avx512bw, avx512vl, sha, fma, vzeroupper, avx512_vpopcntdq, avx512_vpclmulqdq, avx512_vaes, avx512_vnni, clflush, clflushopt, clwb, avx512_vbmi2, avx512_vbmi, hv

Memory: 4k page, system-wide physical 7987M (4M free)
TotalPageFile size 32563M (AvailPageFile size 7M)
current process WorkingSet (physical memory assigned to process): 190M, peak: 237M
current process commit charge ("private bytes"): 454M, peak: 455M

vm_info: Java HotSpot(TM) 64-Bit Server VM (17.0.10+11-LTS-240) for windows-amd64 JRE (17.0.10+11-LTS-240), built on Dec 19 2023 21:47:25 by "mach5one" with MS VC++ 17.1 (VS2022)

END.
